Time: Fri Jan 27 18:03:02 2023

### Evaluating MotionBlur

#### Severity easy

Evaluating Results

| **NDS** | **mAP** | **mATE** | **mASE** | **mAOE** | **mAVE** | **mAAE** |
| ------- | ------- | -------- | -------- | -------- | -------- | -------- |
| 0.1727    | 0.0921    | 0.7926     | 0.5722     | 0.7189     | 1.4848     | 0.6500     |

#### Severity mid

Evaluating Results

| **NDS** | **mAP** | **mATE** | **mASE** | **mAOE** | **mAVE** | **mAAE** |
| ------- | ------- | -------- | -------- | -------- | -------- | -------- |
| 0.0317    | 0.0150    | 0.9636     | 0.8684     | 0.9266     | 1.0000     | 1.0000     |

#### Severity hard

Evaluating Results

| **NDS** | **mAP** | **mATE** | **mASE** | **mAOE** | **mAVE** | **mAAE** |
| ------- | ------- | -------- | -------- | -------- | -------- | -------- |
| 0.0104    | 0.0040    | 0.9788     | 0.9376     | 1.0000     | 1.0000     | 1.0000     |

#### Average

| **NDS** | **mAP** | **mATE** | **mASE** | **mAOE** | **mAVE** | **mAAE** |
| ------- | ------- | -------- | -------- | -------- | -------- | -------- |
| 0.0716    | 0.0370    | 0.9117     | 0.7927     | 0.8818     | 1.1616     | 0.8833     |

### Evaluating Fog

#### Severity easy

Evaluating Results

| **NDS** | **mAP** | **mATE** | **mASE** | **mAOE** | **mAVE** | **mAAE** |
| ------- | ------- | -------- | -------- | -------- | -------- | -------- |
| 0.1013    | 0.0569    | 0.8731     | 0.7200     | 0.8629     | 1.0581     | 0.8156     |

#### Severity mid

Evaluating Results

| **NDS** | **mAP** | **mATE** | **mASE** | **mAOE** | **mAVE** | **mAAE** |
| ------- | ------- | -------- | -------- | -------- | -------- | -------- |
| 0.0899    | 0.0385    | 0.8895     | 0.7201     | 0.8703     | 1.0551     | 0.8135     |

#### Severity hard

Evaluating Results

| **NDS** | **mAP** | **mATE** | **mASE** | **mAOE** | **mAVE** | **mAAE** |
| ------- | ------- | -------- | -------- | -------- | -------- | -------- |
| 0.0817    | 0.0265    | 0.9056     | 0.7200     | 0.8769     | 1.0560     | 0.8129     |

#### Average

| **NDS** | **mAP** | **mATE** | **mASE** | **mAOE** | **mAVE** | **mAAE** |
| ------- | ------- | -------- | -------- | -------- | -------- | -------- |
| 0.0910    | 0.0406    | 0.8894     | 0.7200     | 0.8700     | 1.0564     | 0.8140     |

### Evaluating Snow

#### Severity easy

Evaluating Results

| **NDS** | **mAP** | **mATE** | **mASE** | **mAOE** | **mAVE** | **mAAE** |
| ------- | ------- | -------- | -------- | -------- | -------- | -------- |
| 0.0097    | 0.0031    | 0.9792     | 0.9392     | 1.0000     | 1.0000     | 1.0000     |

#### Severity mid

Evaluating Results

| **NDS** | **mAP** | **mATE** | **mASE** | **mAOE** | **mAVE** | **mAAE** |
| ------- | ------- | -------- | -------- | -------- | -------- | -------- |
| 0.0000    | 0.0000    | 1.0000     | 1.0000     | 1.0000     | 1.0000     | 1.0000     |

#### Severity hard

Evaluating Results

| **NDS** | **mAP** | **mATE** | **mASE** | **mAOE** | **mAVE** | **mAAE** |
| ------- | ------- | -------- | -------- | -------- | -------- | -------- |
| 0.0000    | 0.0000    | 1.0000     | 1.0000     | 1.0000     | 1.0000     | 1.0000     |

#### Average

| **NDS** | **mAP** | **mATE** | **mASE** | **mAOE** | **mAVE** | **mAAE** |
| ------- | ------- | -------- | -------- | -------- | -------- | -------- |
| 0.0032    | 0.0010    | 0.9931     | 0.9797     | 1.0000     | 1.0000     | 1.0000     |

### Evaluating ColorQuant

#### Severity easy

Evaluating Results

| **NDS** | **mAP** | **mATE** | **mASE** | **mAOE** | **mAVE** | **mAAE** |
| ------- | ------- | -------- | -------- | -------- | -------- | -------- |
| 0.0837    | 0.0355    | 0.9130     | 0.7279     | 0.8779     | 1.0838     | 0.8211     |

#### Severity mid

Evaluating Results

| **NDS** | **mAP** | **mATE** | **mASE** | **mAOE** | **mAVE** | **mAAE** |
| ------- | ------- | -------- | -------- | -------- | -------- | -------- |
| 0.0000    | 0.0000    | 1.0000     | 1.0000     | 1.0000     | 1.0000     | 1.0000     |

#### Severity hard

Time: Wed Feb  1 16:21:04 2023

### Evaluating ColorQuant

#### Severity easy

Evaluating Results

| **NDS** | **mAP** | **mATE** | **mASE** | **mAOE** | **mAVE** | **mAAE** |
| ------- | ------- | -------- | -------- | -------- | -------- | -------- |
| 0.0837    | 0.0355    | 0.9130     | 0.7279     | 0.8779     | 1.0838     | 0.8211     |

#### Severity mid

Evaluating Results

| **NDS** | **mAP** | **mATE** | **mASE** | **mAOE** | **mAVE** | **mAAE** |
| ------- | ------- | -------- | -------- | -------- | -------- | -------- |
| 0.0000    | 0.0000    | 1.0000     | 1.0000     | 1.0000     | 1.0000     | 1.0000     |

#### Severity hard

Evaluating Results

| **NDS** | **mAP** | **mATE** | **mASE** | **mAOE** | **mAVE** | **mAAE** |
| ------- | ------- | -------- | -------- | -------- | -------- | -------- |
| 0.0000    | 0.0000    | 1.0000     | 1.0000     | 1.0000     | 1.0000     | 1.0000     |

#### Average

| **NDS** | **mAP** | **mATE** | **mASE** | **mAOE** | **mAVE** | **mAAE** |
| ------- | ------- | -------- | -------- | -------- | -------- | -------- |
| 0.0279    | 0.0118    | 0.9710     | 0.9093     | 0.9593     | 1.0279     | 0.9404     |

### Evaluating Brightness

#### Severity easy

Evaluating Results

| **NDS** | **mAP** | **mATE** | **mASE** | **mAOE** | **mAVE** | **mAAE** |
| ------- | ------- | -------- | -------- | -------- | -------- | -------- |
| 0.2129    | 0.1145    | 0.7360     | 0.5022     | 0.6704     | 1.5247     | 0.5351     |

#### Severity mid

Evaluating Results

| **NDS** | **mAP** | **mATE** | **mASE** | **mAOE** | **mAVE** | **mAAE** |
| ------- | ------- | -------- | -------- | -------- | -------- | -------- |
| 0.1025    | 0.0643    | 0.8700     | 0.7234     | 0.8729     | 1.1718     | 0.8306     |

#### Severity hard

Evaluating Results

| **NDS** | **mAP** | **mATE** | **mASE** | **mAOE** | **mAVE** | **mAAE** |
| ------- | ------- | -------- | -------- | -------- | -------- | -------- |
| 0.0856    | 0.0386    | 0.8959     | 0.7241     | 0.8825     | 1.1658     | 0.8342     |

#### Average

| **NDS** | **mAP** | **mATE** | **mASE** | **mAOE** | **mAVE** | **mAAE** |
| ------- | ------- | -------- | -------- | -------- | -------- | -------- |
| 0.1336    | 0.0724    | 0.8340     | 0.6499     | 0.8086     | 1.2874     | 0.7333     |

### Evaluating LowLight

#### Severity easy

Evaluating Results

| **NDS** | **mAP** | **mATE** | **mASE** | **mAOE** | **mAVE** | **mAAE** |
| ------- | ------- | -------- | -------- | -------- | -------- | -------- |
| 0.0305    | 0.0094    | 0.9719     | 0.8698     | 1.0509     | 0.9883     | 0.9120     |

#### Severity mid

Evaluating Results

| **NDS** | **mAP** | **mATE** | **mASE** | **mAOE** | **mAVE** | **mAAE** |
| ------- | ------- | -------- | -------- | -------- | -------- | -------- |
| 0.0091    | 0.0031    | 0.9873     | 0.9368     | 1.0000     | 1.0000     | 1.0000     |

#### Severity hard

Evaluating Results

| **NDS** | **mAP** | **mATE** | **mASE** | **mAOE** | **mAVE** | **mAAE** |
| ------- | ------- | -------- | -------- | -------- | -------- | -------- |
| 0.0000    | 0.0000    | 1.0000     | 1.0000     | 1.0000     | 1.0000     | 1.0000     |

#### Average

| **NDS** | **mAP** | **mATE** | **mASE** | **mAOE** | **mAVE** | **mAAE** |
| ------- | ------- | -------- | -------- | -------- | -------- | -------- |
| 0.0132    | 0.0042    | 0.9864     | 0.9355     | 1.0170     | 0.9961     | 0.9707     |

### Evaluating CameraCrash

#### Severity easy

Evaluating Results

| **NDS** | **mAP** | **mATE** | **mASE** | **mAOE** | **mAVE** | **mAAE** |
| ------- | ------- | -------- | -------- | -------- | -------- | -------- |
| 0.1889    | 0.0569    | 0.7291     | 0.4955     | 0.6509     | 1.2742     | 0.5201     |

#### Severity mid

Evaluating Results

| **NDS** | **mAP** | **mATE** | **mASE** | **mAOE** | **mAVE** | **mAAE** |
| ------- | ------- | -------- | -------- | -------- | -------- | -------- |
| 0.1112    | 0.0175    | 0.8335     | 0.6378     | 0.7467     | 1.3031     | 0.7570     |

#### Severity hard

Evaluating Results

| **NDS** | **mAP** | **mATE** | **mASE** | **mAOE** | **mAVE** | **mAAE** |
| ------- | ------- | -------- | -------- | -------- | -------- | -------- |
| 0.0915    | 0.0276    | 0.8457     | 0.7159     | 0.8450     | 1.1045     | 0.8163     |

#### Average

| **NDS** | **mAP** | **mATE** | **mASE** | **mAOE** | **mAVE** | **mAAE** |
| ------- | ------- | -------- | -------- | -------- | -------- | -------- |
| 0.1305    | 0.0340    | 0.8028     | 0.6164     | 0.7475     | 1.2273     | 0.6978     |

### Evaluating FrameLost

#### Severity easy

Evaluating Results

| **NDS** | **mAP** | **mATE** | **mASE** | **mAOE** | **mAVE** | **mAAE** |
| ------- | ------- | -------- | -------- | -------- | -------- | -------- |
| 0.1962    | 0.0698    | 0.7196     | 0.4957     | 0.6518     | 1.3788     | 0.5197     |

#### Severity mid

Evaluating Results

| **NDS** | **mAP** | **mATE** | **mASE** | **mAOE** | **mAVE** | **mAAE** |
| ------- | ------- | -------- | -------- | -------- | -------- | -------- |
| 0.0504    | 0.0123    | 0.9070     | 0.7995     | 0.9504     | 0.9882     | 0.9123     |

#### Severity hard

Evaluating Results

| **NDS** | **mAP** | **mATE** | **mASE** | **mAOE** | **mAVE** | **mAAE** |
| ------- | ------- | -------- | -------- | -------- | -------- | -------- |
| 0.0001    | 0.0002    | 1.0000     | 1.0000     | 1.0000     | 1.0000     | 1.0000     |

#### Average

| **NDS** | **mAP** | **mATE** | **mASE** | **mAOE** | **mAVE** | **mAAE** |
| ------- | ------- | -------- | -------- | -------- | -------- | -------- |
| 0.0822    | 0.0274    | 0.8755     | 0.7651     | 0.8674     | 1.1223     | 0.8107     |

