Time: Fri Jan 27 18:04:25 2023

### Evaluating MotionBlur

#### Severity easy

Evaluating Results

| **NDS** | **mAP** | **mATE** | **mASE** | **mAOE** | **mAVE** | **mAAE** |
| ------- | ------- | -------- | -------- | -------- | -------- | -------- |
| 0.4244    | 0.2684    | 0.6674     | 0.2734     | 0.4619     | 0.5055     | 0.1901     |

#### Severity mid

Evaluating Results

| **NDS** | **mAP** | **mATE** | **mASE** | **mAOE** | **mAVE** | **mAAE** |
| ------- | ------- | -------- | -------- | -------- | -------- | -------- |
| 0.2077    | 0.1050    | 0.8160     | 0.4829     | 0.6043     | 1.0073     | 0.5448     |

#### Severity hard

Evaluating Results

| **NDS** | **mAP** | **mATE** | **mASE** | **mAOE** | **mAVE** | **mAAE** |
| ------- | ------- | -------- | -------- | -------- | -------- | -------- |
| 0.1576    | 0.0632    | 0.8763     | 0.5633     | 0.6596     | 1.0143     | 0.6409     |

#### Average

| **NDS** | **mAP** | **mATE** | **mASE** | **mAOE** | **mAVE** | **mAAE** |
| ------- | ------- | -------- | -------- | -------- | -------- | -------- |
| 0.2632    | 0.1455    | 0.7866     | 0.4399     | 0.5753     | 0.8424     | 0.4586     |

### Evaluating Fog

#### Severity easy

Evaluating Results

| **NDS** | **mAP** | **mATE** | **mASE** | **mAOE** | **mAVE** | **mAAE** |
| ------- | ------- | -------- | -------- | -------- | -------- | -------- |
| 0.3424    | 0.2075    | 0.7236     | 0.4103     | 0.4876     | 0.6035     | 0.3882     |

#### Severity mid

Evaluating Results

| **NDS** | **mAP** | **mATE** | **mASE** | **mAOE** | **mAVE** | **mAAE** |
| ------- | ------- | -------- | -------- | -------- | -------- | -------- |
| 0.3089    | 0.1645    | 0.7598     | 0.4173     | 0.5103     | 0.6542     | 0.3919     |

#### Severity hard

Evaluating Results

| **NDS** | **mAP** | **mATE** | **mASE** | **mAOE** | **mAVE** | **mAAE** |
| ------- | ------- | -------- | -------- | -------- | -------- | -------- |
| 0.2849    | 0.1291    | 0.7858     | 0.4234     | 0.5105     | 0.6852     | 0.3921     |

#### Average

| **NDS** | **mAP** | **mATE** | **mASE** | **mAOE** | **mAVE** | **mAAE** |
| ------- | ------- | -------- | -------- | -------- | -------- | -------- |
| 0.3121    | 0.1671    | 0.7564     | 0.4170     | 0.5028     | 0.6476     | 0.3907     |

### Evaluating Snow

#### Severity easy

Evaluating Results

| **NDS** | **mAP** | **mATE** | **mASE** | **mAOE** | **mAVE** | **mAAE** |
| ------- | ------- | -------- | -------- | -------- | -------- | -------- |
| 0.0464    | 0.0198    | 0.9622     | 0.8566     | 0.9473     | 0.9669     | 0.9023     |

#### Severity mid

Evaluating Results

| **NDS** | **mAP** | **mATE** | **mASE** | **mAOE** | **mAVE** | **mAAE** |
| ------- | ------- | -------- | -------- | -------- | -------- | -------- |
| 0.0120    | 0.0073    | 0.9785     | 0.9384     | 1.0000     | 1.0000     | 1.0000     |

#### Severity hard

Evaluating Results

| **NDS** | **mAP** | **mATE** | **mASE** | **mAOE** | **mAVE** | **mAAE** |
| ------- | ------- | -------- | -------- | -------- | -------- | -------- |
| 0.0089    | 0.0028    | 0.9831     | 0.9417     | 1.0000     | 1.0000     | 1.0000     |

#### Average

| **NDS** | **mAP** | **mATE** | **mASE** | **mAOE** | **mAVE** | **mAAE** |
| ------- | ------- | -------- | -------- | -------- | -------- | -------- |
| 0.0224    | 0.0100    | 0.9746     | 0.9122     | 0.9824     | 0.9890     | 0.9674     |

### Evaluating ColorQuant

#### Severity easy

Evaluating Results

| **NDS** | **mAP** | **mATE** | **mASE** | **mAOE** | **mAVE** | **mAAE** |
| ------- | ------- | -------- | -------- | -------- | -------- | -------- |
| 0.3010    | 0.1606    | 0.7969     | 0.4120     | 0.5427     | 0.6356     | 0.4059     |

#### Severity mid

Evaluating Results

| **NDS** | **mAP** | **mATE** | **mASE** | **mAOE** | **mAVE** | **mAAE** |
| ------- | ------- | -------- | -------- | -------- | -------- | -------- |
| 0.0000    | 0.0000    | 1.0000     | 1.0000     | 1.0000     | 1.0000     | 1.0000     |

#### Severity hard

Time: Wed Feb  1 16:20:26 2023

### Evaluating ColorQuant

#### Severity easy

Evaluating Results

| **NDS** | **mAP** | **mATE** | **mASE** | **mAOE** | **mAVE** | **mAAE** |
| ------- | ------- | -------- | -------- | -------- | -------- | -------- |
| 0.3010    | 0.1606    | 0.7969     | 0.4120     | 0.5427     | 0.6356     | 0.4059     |

#### Severity mid

Evaluating Results

| **NDS** | **mAP** | **mATE** | **mASE** | **mAOE** | **mAVE** | **mAAE** |
| ------- | ------- | -------- | -------- | -------- | -------- | -------- |
| 0.0000    | 0.0000    | 1.0000     | 1.0000     | 1.0000     | 1.0000     | 1.0000     |

#### Severity hard

Evaluating Results

| **NDS** | **mAP** | **mATE** | **mASE** | **mAOE** | **mAVE** | **mAAE** |
| ------- | ------- | -------- | -------- | -------- | -------- | -------- |
| 0.0000    | 0.0000    | 1.0000     | 1.0000     | 1.0000     | 1.0000     | 1.0000     |

#### Average

| **NDS** | **mAP** | **mATE** | **mASE** | **mAOE** | **mAVE** | **mAAE** |
| ------- | ------- | -------- | -------- | -------- | -------- | -------- |
| 0.1003    | 0.0535    | 0.9323     | 0.8040     | 0.8476     | 0.8785     | 0.8020     |

### Evaluating Brightness

#### Severity easy

Evaluating Results

| **NDS** | **mAP** | **mATE** | **mASE** | **mAOE** | **mAVE** | **mAAE** |
| ------- | ------- | -------- | -------- | -------- | -------- | -------- |
| 0.4419    | 0.2835    | 0.6642     | 0.2803     | 0.4229     | 0.4438     | 0.1874     |

#### Severity mid

Evaluating Results

| **NDS** | **mAP** | **mATE** | **mASE** | **mAOE** | **mAVE** | **mAAE** |
| ------- | ------- | -------- | -------- | -------- | -------- | -------- |
| 0.3142    | 0.1806    | 0.7401     | 0.4169     | 0.4958     | 0.7084     | 0.3995     |

#### Severity hard

Evaluating Results

| **NDS** | **mAP** | **mATE** | **mASE** | **mAOE** | **mAVE** | **mAAE** |
| ------- | ------- | -------- | -------- | -------- | -------- | -------- |
| 0.2621    | 0.1164    | 0.8280     | 0.4235     | 0.5432     | 0.7550     | 0.4110     |

#### Average

| **NDS** | **mAP** | **mATE** | **mASE** | **mAOE** | **mAVE** | **mAAE** |
| ------- | ------- | -------- | -------- | -------- | -------- | -------- |
| 0.3394    | 0.1935    | 0.7441     | 0.3736     | 0.4873     | 0.6357     | 0.3326     |

### Evaluating LowLight

#### Severity easy

Evaluating Results

| **NDS** | **mAP** | **mATE** | **mASE** | **mAOE** | **mAVE** | **mAAE** |
| ------- | ------- | -------- | -------- | -------- | -------- | -------- |
| 0.1895    | 0.0612    | 0.8653     | 0.4973     | 0.7308     | 0.7813     | 0.5361     |

#### Severity mid

Evaluating Results

| **NDS** | **mAP** | **mATE** | **mASE** | **mAOE** | **mAVE** | **mAAE** |
| ------- | ------- | -------- | -------- | -------- | -------- | -------- |
| 0.0823    | 0.0357    | 0.9446     | 0.7850     | 0.9270     | 0.8853     | 0.8136     |

#### Severity hard

Evaluating Results

| **NDS** | **mAP** | **mATE** | **mASE** | **mAOE** | **mAVE** | **mAAE** |
| ------- | ------- | -------- | -------- | -------- | -------- | -------- |
| 0.0647    | 0.0143    | 0.9535     | 0.7863     | 0.9533     | 0.9063     | 0.8253     |

#### Average

| **NDS** | **mAP** | **mATE** | **mASE** | **mAOE** | **mAVE** | **mAAE** |
| ------- | ------- | -------- | -------- | -------- | -------- | -------- |
| 0.1122    | 0.0371    | 0.9211     | 0.6895     | 0.8704     | 0.8576     | 0.7250     |

### Evaluating CameraCrash

#### Severity easy

Evaluating Results

| **NDS** | **mAP** | **mATE** | **mASE** | **mAOE** | **mAVE** | **mAAE** |
| ------- | ------- | -------- | -------- | -------- | -------- | -------- |
| 0.4041    | 0.1837    | 0.6471     | 0.2675     | 0.4118     | 0.3677     | 0.1834     |

#### Severity mid

Evaluating Results

| **NDS** | **mAP** | **mATE** | **mASE** | **mAOE** | **mAVE** | **mAAE** |
| ------- | ------- | -------- | -------- | -------- | -------- | -------- |
| 0.3134    | 0.0738    | 0.7142     | 0.3246     | 0.4234     | 0.5116     | 0.2615     |

#### Severity hard

Evaluating Results

| **NDS** | **mAP** | **mATE** | **mASE** | **mAOE** | **mAVE** | **mAAE** |
| ------- | ------- | -------- | -------- | -------- | -------- | -------- |
| 0.2917    | 0.0891    | 0.6647     | 0.4071     | 0.5027     | 0.5676     | 0.3866     |

#### Average

| **NDS** | **mAP** | **mATE** | **mASE** | **mAOE** | **mAVE** | **mAAE** |
| ------- | ------- | -------- | -------- | -------- | -------- | -------- |
| 0.3364    | 0.1156    | 0.6753     | 0.3331     | 0.4460     | 0.4823     | 0.2772     |

### Evaluating FrameLost

#### Severity easy

Evaluating Results

| **NDS** | **mAP** | **mATE** | **mASE** | **mAOE** | **mAVE** | **mAAE** |
| ------- | ------- | -------- | -------- | -------- | -------- | -------- |
| 0.4096    | 0.2165    | 0.6566     | 0.2711     | 0.4439     | 0.4313     | 0.1840     |

#### Severity mid

Evaluating Results

| **NDS** | **mAP** | **mATE** | **mASE** | **mAOE** | **mAVE** | **mAAE** |
| ------- | ------- | -------- | -------- | -------- | -------- | -------- |
| 0.2319    | 0.0624    | 0.7120     | 0.4094     | 0.5648     | 0.9071     | 0.4000     |

#### Severity hard

Evaluating Results

| **NDS** | **mAP** | **mATE** | **mASE** | **mAOE** | **mAVE** | **mAAE** |
| ------- | ------- | -------- | -------- | -------- | -------- | -------- |
| 0.1042    | 0.0088    | 0.8554     | 0.6363     | 0.7607     | 1.1125     | 0.7494     |

#### Average

| **NDS** | **mAP** | **mATE** | **mASE** | **mAOE** | **mAVE** | **mAAE** |
| ------- | ------- | -------- | -------- | -------- | -------- | -------- |
| 0.2485    | 0.0959    | 0.7413     | 0.4389     | 0.5898     | 0.8170     | 0.4445     |

