Time: Fri Jan 20 23:05:54 2023

### Evaluating MotionBlur

#### Severity easy

Evaluating Results

| **NDS** | **mAP** | **mATE** | **mASE** | **mAOE** | **mAVE** | **mAAE** |
| ------- | ------- | -------- | -------- | -------- | -------- | -------- |
| 0.4129    | 0.3461    | 0.7549     | 0.2832     | 0.4520     | 0.8917     | 0.2194     |

#### Severity mid

Evaluating Results

| **NDS** | **mAP** | **mATE** | **mASE** | **mAOE** | **mAVE** | **mAAE** |
| ------- | ------- | -------- | -------- | -------- | -------- | -------- |
| 0.4129    | 0.3461    | 0.7549     | 0.2832     | 0.4520     | 0.8917     | 0.2194     |

#### Severity hard

Evaluating Results

| **NDS** | **mAP** | **mATE** | **mASE** | **mAOE** | **mAVE** | **mAAE** |
| ------- | ------- | -------- | -------- | -------- | -------- | -------- |
| 0.4129    | 0.3461    | 0.7549     | 0.2832     | 0.4520     | 0.8917     | 0.2194     |

#### Average

| **NDS** | **mAP** | **mATE** | **mASE** | **mAOE** | **mAVE** | **mAAE** |
| ------- | ------- | -------- | -------- | -------- | -------- | -------- |
| 0.4129    | 0.3461    | 0.7549     | 0.2832     | 0.4520     | 0.8917     | 0.2194     |

### Evaluating Fog

#### Severity easy

Evaluating Results

| **NDS** | **mAP** | **mATE** | **mASE** | **mAOE** | **mAVE** | **mAAE** |
| ------- | ------- | -------- | -------- | -------- | -------- | -------- |
| 0.4129    | 0.3461    | 0.7549     | 0.2832     | 0.4520     | 0.8917     | 0.2194     |

#### Severity mid

Evaluating Results

| **NDS** | **mAP** | **mATE** | **mASE** | **mAOE** | **mAVE** | **mAAE** |
| ------- | ------- | -------- | -------- | -------- | -------- | -------- |
| 0.4129    | 0.3461    | 0.7549     | 0.2832     | 0.4520     | 0.8917     | 0.2194     |

#### Severity hard

Evaluating Results

| **NDS** | **mAP** | **mATE** | **mASE** | **mAOE** | **mAVE** | **mAAE** |
| ------- | ------- | -------- | -------- | -------- | -------- | -------- |
| 0.4129    | 0.3461    | 0.7549     | 0.2832     | 0.4520     | 0.8917     | 0.2194     |

#### Average

| **NDS** | **mAP** | **mATE** | **mASE** | **mAOE** | **mAVE** | **mAAE** |
| ------- | ------- | -------- | -------- | -------- | -------- | -------- |
| 0.4129    | 0.3461    | 0.7549     | 0.2832     | 0.4520     | 0.8917     | 0.2194     |

### Evaluating Snow

#### Severity easy

Evaluating Results

| **NDS** | **mAP** | **mATE** | **mASE** | **mAOE** | **mAVE** | **mAAE** |
| ------- | ------- | -------- | -------- | -------- | -------- | -------- |
| 0.4129    | 0.3461    | 0.7549     | 0.2832     | 0.4520     | 0.8917     | 0.2194     |

#### Severity mid

Evaluating Results

| **NDS** | **mAP** | **mATE** | **mASE** | **mAOE** | **mAVE** | **mAAE** |
| ------- | ------- | -------- | -------- | -------- | -------- | -------- |
| 0.4129    | 0.3461    | 0.7549     | 0.2832     | 0.4520     | 0.8917     | 0.2194     |

#### Severity hard

Evaluating Results

| **NDS** | **mAP** | **mATE** | **mASE** | **mAOE** | **mAVE** | **mAAE** |
| ------- | ------- | -------- | -------- | -------- | -------- | -------- |
| 0.4129    | 0.3461    | 0.7549     | 0.2832     | 0.4520     | 0.8917     | 0.2194     |

#### Average

| **NDS** | **mAP** | **mATE** | **mASE** | **mAOE** | **mAVE** | **mAAE** |
| ------- | ------- | -------- | -------- | -------- | -------- | -------- |
| 0.4129    | 0.3461    | 0.7549     | 0.2832     | 0.4520     | 0.8917     | 0.2194     |

### Evaluating ColorQuant

#### Severity easy

Evaluating Results

| **NDS** | **mAP** | **mATE** | **mASE** | **mAOE** | **mAVE** | **mAAE** |
| ------- | ------- | -------- | -------- | -------- | -------- | -------- |
| 0.4129    | 0.3461    | 0.7549     | 0.2832     | 0.4520     | 0.8917     | 0.2194     |

#### Severity mid

Evaluating Results

| **NDS** | **mAP** | **mATE** | **mASE** | **mAOE** | **mAVE** | **mAAE** |
| ------- | ------- | -------- | -------- | -------- | -------- | -------- |
| 0.4129    | 0.3461    | 0.7549     | 0.2832     | 0.4520     | 0.8917     | 0.2194     |

#### Severity hard

Evaluating Results

| **NDS** | **mAP** | **mATE** | **mASE** | **mAOE** | **mAVE** | **mAAE** |
| ------- | ------- | -------- | -------- | -------- | -------- | -------- |
| 0.4129    | 0.3461    | 0.7549     | 0.2832     | 0.4520     | 0.8917     | 0.2194     |

#### Average

| **NDS** | **mAP** | **mATE** | **mASE** | **mAOE** | **mAVE** | **mAAE** |
| ------- | ------- | -------- | -------- | -------- | -------- | -------- |
| 0.4129    | 0.3461    | 0.7549     | 0.2832     | 0.4520     | 0.8917     | 0.2194     |

### Evaluating Brightness

#### Severity easy

Evaluating Results

| **NDS** | **mAP** | **mATE** | **mASE** | **mAOE** | **mAVE** | **mAAE** |
| ------- | ------- | -------- | -------- | -------- | -------- | -------- |
| 0.4129    | 0.3461    | 0.7549     | 0.2832     | 0.4520     | 0.8917     | 0.2194     |

#### Severity mid

Evaluating Results

| **NDS** | **mAP** | **mATE** | **mASE** | **mAOE** | **mAVE** | **mAAE** |
| ------- | ------- | -------- | -------- | -------- | -------- | -------- |
| 0.4129    | 0.3461    | 0.7549     | 0.2832     | 0.4520     | 0.8917     | 0.2194     |

#### Severity hard

Evaluating Results

| **NDS** | **mAP** | **mATE** | **mASE** | **mAOE** | **mAVE** | **mAAE** |
| ------- | ------- | -------- | -------- | -------- | -------- | -------- |
| 0.4129    | 0.3461    | 0.7549     | 0.2832     | 0.4520     | 0.8917     | 0.2194     |

#### Average

| **NDS** | **mAP** | **mATE** | **mASE** | **mAOE** | **mAVE** | **mAAE** |
| ------- | ------- | -------- | -------- | -------- | -------- | -------- |
| 0.4129    | 0.3461    | 0.7549     | 0.2832     | 0.4520     | 0.8917     | 0.2194     |

### Evaluating LowLight

#### Severity easy

Evaluating Results

| **NDS** | **mAP** | **mATE** | **mASE** | **mAOE** | **mAVE** | **mAAE** |
| ------- | ------- | -------- | -------- | -------- | -------- | -------- |
| 0.4129    | 0.3461    | 0.7549     | 0.2832     | 0.4520     | 0.8917     | 0.2194     |

#### Severity mid

Evaluating Results

| **NDS** | **mAP** | **mATE** | **mASE** | **mAOE** | **mAVE** | **mAAE** |
| ------- | ------- | -------- | -------- | -------- | -------- | -------- |
| 0.4129    | 0.3461    | 0.7549     | 0.2832     | 0.4520     | 0.8917     | 0.2194     |

#### Severity hard

Evaluating Results

| **NDS** | **mAP** | **mATE** | **mASE** | **mAOE** | **mAVE** | **mAAE** |
| ------- | ------- | -------- | -------- | -------- | -------- | -------- |
| 0.4129    | 0.3461    | 0.7549     | 0.2832     | 0.4520     | 0.8917     | 0.2194     |

#### Average

| **NDS** | **mAP** | **mATE** | **mASE** | **mAOE** | **mAVE** | **mAAE** |
| ------- | ------- | -------- | -------- | -------- | -------- | -------- |
| 0.4129    | 0.3461    | 0.7549     | 0.2832     | 0.4520     | 0.8917     | 0.2194     |

### Evaluating CameraCrash

#### Severity easy

Evaluating Results

| **NDS** | **mAP** | **mATE** | **mASE** | **mAOE** | **mAVE** | **mAAE** |
| ------- | ------- | -------- | -------- | -------- | -------- | -------- |
| 0.4129    | 0.3461    | 0.7549     | 0.2832     | 0.4520     | 0.8917     | 0.2194     |

#### Severity mid

Evaluating Results

| **NDS** | **mAP** | **mATE** | **mASE** | **mAOE** | **mAVE** | **mAAE** |
| ------- | ------- | -------- | -------- | -------- | -------- | -------- |
| 0.4129    | 0.3461    | 0.7549     | 0.2832     | 0.4520     | 0.8917     | 0.2194     |

#### Severity hard

Evaluating Results

| **NDS** | **mAP** | **mATE** | **mASE** | **mAOE** | **mAVE** | **mAAE** |
| ------- | ------- | -------- | -------- | -------- | -------- | -------- |
| 0.4129    | 0.3461    | 0.7549     | 0.2832     | 0.4520     | 0.8917     | 0.2194     |

#### Average

| **NDS** | **mAP** | **mATE** | **mASE** | **mAOE** | **mAVE** | **mAAE** |
| ------- | ------- | -------- | -------- | -------- | -------- | -------- |
| 0.4129    | 0.3461    | 0.7549     | 0.2832     | 0.4520     | 0.8917     | 0.2194     |

### Evaluating FrameLost

#### Severity easy

Evaluating Results

| **NDS** | **mAP** | **mATE** | **mASE** | **mAOE** | **mAVE** | **mAAE** |
| ------- | ------- | -------- | -------- | -------- | -------- | -------- |
| 0.4129    | 0.3461    | 0.7549     | 0.2832     | 0.4520     | 0.8917     | 0.2194     |

#### Severity mid

Evaluating Results

| **NDS** | **mAP** | **mATE** | **mASE** | **mAOE** | **mAVE** | **mAAE** |
| ------- | ------- | -------- | -------- | -------- | -------- | -------- |
| 0.4129    | 0.3461    | 0.7549     | 0.2832     | 0.4520     | 0.8917     | 0.2194     |

#### Severity hard

Evaluating Results

| **NDS** | **mAP** | **mATE** | **mASE** | **mAOE** | **mAVE** | **mAAE** |
| ------- | ------- | -------- | -------- | -------- | -------- | -------- |
| 0.4129    | 0.3461    | 0.7549     | 0.2832     | 0.4520     | 0.8917     | 0.2194     |

#### Average

| **NDS** | **mAP** | **mATE** | **mASE** | **mAOE** | **mAVE** | **mAAE** |
| ------- | ------- | -------- | -------- | -------- | -------- | -------- |
| 0.4129    | 0.3461    | 0.7549     | 0.2832     | 0.4520     | 0.8917     | 0.2194     |

