Time: Fri Jan 20 20:59:44 2023

### Evaluating MotionBlur

#### Severity easy

Evaluating Results

| **NDS** | **mAP** | **mATE** | **mASE** | **mAOE** | **mAVE** | **mAAE** |
| ------- | ------- | -------- | -------- | -------- | -------- | -------- |
| 0.3758    | 0.2749    | 0.7891     | 0.2762     | 0.4583     | 0.8815     | 0.2115     |

#### Severity mid

Evaluating Results

| **NDS** | **mAP** | **mATE** | **mASE** | **mAOE** | **mAVE** | **mAAE** |
| ------- | ------- | -------- | -------- | -------- | -------- | -------- |
| 0.2218    | 0.0896    | 0.9283     | 0.3197     | 0.7191     | 1.1042     | 0.2629     |

#### Severity hard

Evaluating Results

| **NDS** | **mAP** | **mATE** | **mASE** | **mAOE** | **mAVE** | **mAAE** |
| ------- | ------- | -------- | -------- | -------- | -------- | -------- |
| 0.1650    | 0.0508    | 0.9554     | 0.4105     | 0.8346     | 1.2189     | 0.4040     |

#### Average

| **NDS** | **mAP** | **mATE** | **mASE** | **mAOE** | **mAVE** | **mAAE** |
| ------- | ------- | -------- | -------- | -------- | -------- | -------- |
| 0.2542    | 0.1385    | 0.8909     | 0.3355     | 0.6707     | 1.0682     | 0.2928     |

### Evaluating Fog

#### Severity easy

Evaluating Results

| **NDS** | **mAP** | **mATE** | **mASE** | **mAOE** | **mAVE** | **mAAE** |
| ------- | ------- | -------- | -------- | -------- | -------- | -------- |
| 0.4181    | 0.3199    | 0.7345     | 0.2692     | 0.3974     | 0.8136     | 0.2033     |

#### Severity mid

Evaluating Results

| **NDS** | **mAP** | **mATE** | **mASE** | **mAOE** | **mAVE** | **mAAE** |
| ------- | ------- | -------- | -------- | -------- | -------- | -------- |
| 0.4053    | 0.3045    | 0.7508     | 0.2704     | 0.4160     | 0.8281     | 0.2038     |

#### Severity hard

Evaluating Results

| **NDS** | **mAP** | **mATE** | **mASE** | **mAOE** | **mAVE** | **mAAE** |
| ------- | ------- | -------- | -------- | -------- | -------- | -------- |
| 0.3826    | 0.2791    | 0.7802     | 0.2733     | 0.4578     | 0.8490     | 0.2092     |

#### Average

| **NDS** | **mAP** | **mATE** | **mASE** | **mAOE** | **mAVE** | **mAAE** |
| ------- | ------- | -------- | -------- | -------- | -------- | -------- |
| 0.4020    | 0.3012    | 0.7552     | 0.2710     | 0.4237     | 0.8302     | 0.2054     |

### Evaluating Snow

#### Severity easy

Evaluating Results

| **NDS** | **mAP** | **mATE** | **mASE** | **mAOE** | **mAVE** | **mAAE** |
| ------- | ------- | -------- | -------- | -------- | -------- | -------- |
| 0.1718    | 0.0503    | 0.9228     | 0.4092     | 0.8054     | 1.2890     | 0.3964     |

#### Severity mid

Evaluating Results

| **NDS** | **mAP** | **mATE** | **mASE** | **mAOE** | **mAVE** | **mAAE** |
| ------- | ------- | -------- | -------- | -------- | -------- | -------- |
| 0.1069    | 0.0117    | 0.9975     | 0.5033     | 0.9410     | 1.4675     | 0.5483     |

#### Severity hard

Evaluating Results

| **NDS** | **mAP** | **mATE** | **mASE** | **mAOE** | **mAVE** | **mAAE** |
| ------- | ------- | -------- | -------- | -------- | -------- | -------- |
| 0.1101    | 0.0140    | 0.9882     | 0.5040     | 0.9308     | 1.5335     | 0.5454     |

#### Average

| **NDS** | **mAP** | **mATE** | **mASE** | **mAOE** | **mAVE** | **mAAE** |
| ------- | ------- | -------- | -------- | -------- | -------- | -------- |
| 0.1296    | 0.0253    | 0.9695     | 0.4722     | 0.8924     | 1.4300     | 0.4967     |

### Evaluating ColorQuant

#### Severity easy

Evaluating Results

| **NDS** | **mAP** | **mATE** | **mASE** | **mAOE** | **mAVE** | **mAAE** |
| ------- | ------- | -------- | -------- | -------- | -------- | -------- |
| 0.3396    | 0.2307    | 0.8498     | 0.2804     | 0.4733     | 0.9189     | 0.2355     |

#### Severity mid

Evaluating Results

| **NDS** | **mAP** | **mATE** | **mASE** | **mAOE** | **mAVE** | **mAAE** |
| ------- | ------- | -------- | -------- | -------- | -------- | -------- |
| 0.0611    | 0.0015    | 1.0700     | 0.6742     | 1.0088     | 1.5946     | 0.7223     |

#### Severity hard

Evaluating Results

| **NDS** | **mAP** | **mATE** | **mASE** | **mAOE** | **mAVE** | **mAAE** |
| ------- | ------- | -------- | -------- | -------- | -------- | -------- |
| 0.0127    | 0.0000    | 1.0354     | 0.9347     | 1.0354     | 1.0824     | 0.9387     |

#### Average

| **NDS** | **mAP** | **mATE** | **mASE** | **mAOE** | **mAVE** | **mAAE** |
| ------- | ------- | -------- | -------- | -------- | -------- | -------- |
| 0.1378    | 0.0774    | 0.9851     | 0.6298     | 0.8392     | 1.1986     | 0.6322     |

### Evaluating Brightness

#### Severity easy

Evaluating Results

| **NDS** | **mAP** | **mATE** | **mASE** | **mAOE** | **mAVE** | **mAAE** |
| ------- | ------- | -------- | -------- | -------- | -------- | -------- |
| 0.4341    | 0.3440    | 0.7121     | 0.2698     | 0.3884     | 0.8130     | 0.1959     |

#### Severity mid

Evaluating Results

| **NDS** | **mAP** | **mATE** | **mASE** | **mAOE** | **mAVE** | **mAAE** |
| ------- | ------- | -------- | -------- | -------- | -------- | -------- |
| 0.4181    | 0.3232    | 0.7334     | 0.2716     | 0.4057     | 0.8255     | 0.1984     |

#### Severity hard

Evaluating Results

| **NDS** | **mAP** | **mATE** | **mASE** | **mAOE** | **mAVE** | **mAAE** |
| ------- | ------- | -------- | -------- | -------- | -------- | -------- |
| 0.3940    | 0.2926    | 0.7617     | 0.2746     | 0.4318     | 0.8522     | 0.2026     |

#### Average

| **NDS** | **mAP** | **mATE** | **mASE** | **mAOE** | **mAVE** | **mAAE** |
| ------- | ------- | -------- | -------- | -------- | -------- | -------- |
| 0.4154    | 0.3200    | 0.7357     | 0.2720     | 0.4086     | 0.8302     | 0.1990     |

### Evaluating LowLight

#### Severity easy

Evaluating Results

| **NDS** | **mAP** | **mATE** | **mASE** | **mAOE** | **mAVE** | **mAAE** |
| ------- | ------- | -------- | -------- | -------- | -------- | -------- |
| 0.3417    | 0.2267    | 0.7994     | 0.2795     | 0.4734     | 0.9445     | 0.2199     |

#### Severity mid

Evaluating Results

| **NDS** | **mAP** | **mATE** | **mASE** | **mAOE** | **mAVE** | **mAAE** |
| ------- | ------- | -------- | -------- | -------- | -------- | -------- |
| 0.2878    | 0.1569    | 0.8315     | 0.2967     | 0.5170     | 1.0788     | 0.2616     |

#### Severity hard

Evaluating Results

| **NDS** | **mAP** | **mATE** | **mASE** | **mAOE** | **mAVE** | **mAAE** |
| ------- | ------- | -------- | -------- | -------- | -------- | -------- |
| 0.1977    | 0.0763    | 0.8911     | 0.4032     | 0.7286     | 1.2326     | 0.3820     |

#### Average

| **NDS** | **mAP** | **mATE** | **mASE** | **mAOE** | **mAVE** | **mAAE** |
| ------- | ------- | -------- | -------- | -------- | -------- | -------- |
| 0.2757    | 0.1533    | 0.8407     | 0.3265     | 0.5730     | 1.0853     | 0.2878     |

### Evaluating CameraCrash

#### Severity easy

Evaluating Results

| **NDS** | **mAP** | **mATE** | **mASE** | **mAOE** | **mAVE** | **mAAE** |
| ------- | ------- | -------- | -------- | -------- | -------- | -------- |
| 0.3399    | 0.1790    | 0.7659     | 0.2797     | 0.4204     | 0.8238     | 0.2064     |

#### Severity mid

Evaluating Results

| **NDS** | **mAP** | **mATE** | **mASE** | **mAOE** | **mAVE** | **mAAE** |
| ------- | ------- | -------- | -------- | -------- | -------- | -------- |
| 0.2733    | 0.0812    | 0.8138     | 0.2851     | 0.4587     | 0.8909     | 0.2243     |

#### Severity hard

Evaluating Results

| **NDS** | **mAP** | **mATE** | **mASE** | **mAOE** | **mAVE** | **mAAE** |
| ------- | ------- | -------- | -------- | -------- | -------- | -------- |
| 0.2840    | 0.0920    | 0.7998     | 0.2910     | 0.4935     | 0.8266     | 0.2085     |

#### Average

| **NDS** | **mAP** | **mATE** | **mASE** | **mAOE** | **mAVE** | **mAAE** |
| ------- | ------- | -------- | -------- | -------- | -------- | -------- |
| 0.2991    | 0.1174    | 0.7932     | 0.2853     | 0.4575     | 0.8471     | 0.2131     |

### Evaluating FrameLost

#### Severity easy

Evaluating Results

| **NDS** | **mAP** | **mATE** | **mASE** | **mAOE** | **mAVE** | **mAAE** |
| ------- | ------- | -------- | -------- | -------- | -------- | -------- |
| 0.3554    | 0.2044    | 0.7517     | 0.2749     | 0.4039     | 0.8415     | 0.1965     |

#### Severity mid

Evaluating Results

| **NDS** | **mAP** | **mATE** | **mASE** | **mAOE** | **mAVE** | **mAAE** |
| ------- | ------- | -------- | -------- | -------- | -------- | -------- |
| 0.2606    | 0.0626    | 0.8209     | 0.2942     | 0.4963     | 0.8785     | 0.2171     |

#### Severity hard

Evaluating Results

| **NDS** | **mAP** | **mATE** | **mASE** | **mAOE** | **mAVE** | **mAAE** |
| ------- | ------- | -------- | -------- | -------- | -------- | -------- |
| 0.1894    | 0.0098    | 0.9077     | 0.3713     | 0.6125     | 0.9401     | 0.3229     |

#### Average

| **NDS** | **mAP** | **mATE** | **mASE** | **mAOE** | **mAVE** | **mAAE** |
| ------- | ------- | -------- | -------- | -------- | -------- | -------- |
| 0.2685    | 0.0923    | 0.8268     | 0.3135     | 0.5042     | 0.8867     | 0.2455     |

