Time: Thu Jan 26 15:18:22 2023

### Evaluating MotionBlur

#### Severity easy

Evaluating Results

| **NDS** | **mAP** | **mATE** | **mASE** | **mAOE** | **mAVE** | **mAAE** |
| ------- | ------- | -------- | -------- | -------- | -------- | -------- |
| 0.3844    | 0.2961    | 0.7830     | 0.2799     | 0.4802     | 0.8804     | 0.2134     |

#### Severity mid

Evaluating Results

| **NDS** | **mAP** | **mATE** | **mASE** | **mAOE** | **mAVE** | **mAAE** |
| ------- | ------- | -------- | -------- | -------- | -------- | -------- |
| 0.2348    | 0.1021    | 0.9026     | 0.3154     | 0.6737     | 1.0273     | 0.2714     |

#### Severity hard

Evaluating Results

| **NDS** | **mAP** | **mATE** | **mASE** | **mAOE** | **mAVE** | **mAAE** |
| ------- | ------- | -------- | -------- | -------- | -------- | -------- |
| 0.1750    | 0.0599    | 0.9111     | 0.4538     | 0.7214     | 1.2221     | 0.4632     |

#### Average

| **NDS** | **mAP** | **mATE** | **mASE** | **mAOE** | **mAVE** | **mAAE** |
| ------- | ------- | -------- | -------- | -------- | -------- | -------- |
| 0.2647    | 0.1527    | 0.8656     | 0.3497     | 0.6251     | 1.0433     | 0.3160     |

### Evaluating Fog

#### Severity easy

Evaluating Results

| **NDS** | **mAP** | **mATE** | **mASE** | **mAOE** | **mAVE** | **mAAE** |
| ------- | ------- | -------- | -------- | -------- | -------- | -------- |
| 0.4157    | 0.3308    | 0.7635     | 0.2717     | 0.4238     | 0.8362     | 0.2022     |

#### Severity mid

Evaluating Results

| **NDS** | **mAP** | **mATE** | **mASE** | **mAOE** | **mAVE** | **mAAE** |
| ------- | ------- | -------- | -------- | -------- | -------- | -------- |
| 0.3982    | 0.3125    | 0.7831     | 0.2750     | 0.4508     | 0.8667     | 0.2048     |

#### Severity hard

Evaluating Results

| **NDS** | **mAP** | **mATE** | **mASE** | **mAOE** | **mAVE** | **mAAE** |
| ------- | ------- | -------- | -------- | -------- | -------- | -------- |
| 0.3740    | 0.2819    | 0.7999     | 0.2793     | 0.4800     | 0.9027     | 0.2075     |

#### Average

| **NDS** | **mAP** | **mATE** | **mASE** | **mAOE** | **mAVE** | **mAAE** |
| ------- | ------- | -------- | -------- | -------- | -------- | -------- |
| 0.3959    | 0.3084    | 0.7822     | 0.2753     | 0.4515     | 0.8685     | 0.2048     |

### Evaluating Snow

#### Severity easy

Evaluating Results

| **NDS** | **mAP** | **mATE** | **mASE** | **mAOE** | **mAVE** | **mAAE** |
| ------- | ------- | -------- | -------- | -------- | -------- | -------- |
| 0.1668    | 0.0584    | 0.9440     | 0.4163     | 0.8276     | 1.2921     | 0.4359     |

#### Severity mid

Evaluating Results

| **NDS** | **mAP** | **mATE** | **mASE** | **mAOE** | **mAVE** | **mAAE** |
| ------- | ------- | -------- | -------- | -------- | -------- | -------- |
| 0.1100    | 0.0249    | 1.0157     | 0.5089     | 0.9662     | 1.4921     | 0.5495     |

#### Severity hard

Evaluating Results

| **NDS** | **mAP** | **mATE** | **mASE** | **mAOE** | **mAVE** | **mAAE** |
| ------- | ------- | -------- | -------- | -------- | -------- | -------- |
| 0.1046    | 0.0195    | 1.0315     | 0.5194     | 0.9783     | 1.6019     | 0.5543     |

#### Average

| **NDS** | **mAP** | **mATE** | **mASE** | **mAOE** | **mAVE** | **mAAE** |
| ------- | ------- | -------- | -------- | -------- | -------- | -------- |
| 0.1271    | 0.0343    | 0.9971     | 0.4815     | 0.9240     | 1.4620     | 0.5132     |

### Evaluating ColorQuant

#### Severity easy

Evaluating Results

| **NDS** | **mAP** | **mATE** | **mASE** | **mAOE** | **mAVE** | **mAAE** |
| ------- | ------- | -------- | -------- | -------- | -------- | -------- |
| 0.3496    | 0.2534    | 0.8246     | 0.2775     | 0.5054     | 0.9301     | 0.2331     |

#### Severity mid

Evaluating Results

| **NDS** | **mAP** | **mATE** | **mASE** | **mAOE** | **mAVE** | **mAAE** |
| ------- | ------- | -------- | -------- | -------- | -------- | -------- |
| 0.0673    | 0.0070    | 1.0292     | 0.6640     | 0.9975     | 1.5561     | 0.7003     |

#### Severity hard

Evaluating Results

| **NDS** | **mAP** | **mATE** | **mASE** | **mAOE** | **mAVE** | **mAAE** |
| ------- | ------- | -------- | -------- | -------- | -------- | -------- |
| 0.0136    | 0.0000    | 1.0362     | 0.9273     | 1.0527     | 1.0950     | 0.9370     |

#### Average

| **NDS** | **mAP** | **mATE** | **mASE** | **mAOE** | **mAVE** | **mAAE** |
| ------- | ------- | -------- | -------- | -------- | -------- | -------- |
| 0.1435    | 0.0868    | 0.9633     | 0.6229     | 0.8519     | 1.1937     | 0.6235     |

### Evaluating Brightness

#### Severity easy

Evaluating Results

| **NDS** | **mAP** | **mATE** | **mASE** | **mAOE** | **mAVE** | **mAAE** |
| ------- | ------- | -------- | -------- | -------- | -------- | -------- |
| 0.4398    | 0.3612    | 0.7458     | 0.2691     | 0.3976     | 0.7939     | 0.2019     |

#### Severity mid

Evaluating Results

| **NDS** | **mAP** | **mATE** | **mASE** | **mAOE** | **mAVE** | **mAAE** |
| ------- | ------- | -------- | -------- | -------- | -------- | -------- |
| 0.4072    | 0.3261    | 0.7735     | 0.2728     | 0.4613     | 0.8455     | 0.2050     |

#### Severity hard

Evaluating Results

| **NDS** | **mAP** | **mATE** | **mASE** | **mAOE** | **mAVE** | **mAAE** |
| ------- | ------- | -------- | -------- | -------- | -------- | -------- |
| 0.3756    | 0.2882    | 0.8028     | 0.2805     | 0.5272     | 0.8721     | 0.2019     |

#### Average

| **NDS** | **mAP** | **mATE** | **mASE** | **mAOE** | **mAVE** | **mAAE** |
| ------- | ------- | -------- | -------- | -------- | -------- | -------- |
| 0.4075    | 0.3252    | 0.7740     | 0.2741     | 0.4620     | 0.8372     | 0.2029     |

### Evaluating LowLight

#### Severity easy

Evaluating Results

| **NDS** | **mAP** | **mATE** | **mASE** | **mAOE** | **mAVE** | **mAAE** |
| ------- | ------- | -------- | -------- | -------- | -------- | -------- |
| 0.3268    | 0.2291    | 0.8084     | 0.2836     | 0.5404     | 1.0105     | 0.2445     |

#### Severity mid

Evaluating Results

| **NDS** | **mAP** | **mATE** | **mASE** | **mAOE** | **mAVE** | **mAAE** |
| ------- | ------- | -------- | -------- | -------- | -------- | -------- |
| 0.2739    | 0.1559    | 0.8598     | 0.3042     | 0.6056     | 1.1532     | 0.2710     |

#### Severity hard

Evaluating Results

| **NDS** | **mAP** | **mATE** | **mASE** | **mAOE** | **mAVE** | **mAAE** |
| ------- | ------- | -------- | -------- | -------- | -------- | -------- |
| 0.1837    | 0.0681    | 0.8773     | 0.4477     | 0.7083     | 1.4262     | 0.4704     |

#### Average

| **NDS** | **mAP** | **mATE** | **mASE** | **mAOE** | **mAVE** | **mAAE** |
| ------- | ------- | -------- | -------- | -------- | -------- | -------- |
| 0.2615    | 0.1510    | 0.8485     | 0.3452     | 0.6181     | 1.1966     | 0.3286     |

### Evaluating CameraCrash

#### Severity easy

Evaluating Results

| **NDS** | **mAP** | **mATE** | **mASE** | **mAOE** | **mAVE** | **mAAE** |
| ------- | ------- | -------- | -------- | -------- | -------- | -------- |
| 0.3506    | 0.1950    | 0.7696     | 0.2739     | 0.4119     | 0.8088     | 0.2046     |

#### Severity mid

Evaluating Results

| **NDS** | **mAP** | **mATE** | **mASE** | **mAOE** | **mAVE** | **mAAE** |
| ------- | ------- | -------- | -------- | -------- | -------- | -------- |
| 0.2794    | 0.0882    | 0.8228     | 0.2826     | 0.4428     | 0.8784     | 0.2205     |

#### Severity hard

Evaluating Results

| **NDS** | **mAP** | **mATE** | **mASE** | **mAOE** | **mAVE** | **mAAE** |
| ------- | ------- | -------- | -------- | -------- | -------- | -------- |
| 0.2865    | 0.0994    | 0.7933     | 0.2845     | 0.5101     | 0.8255     | 0.2183     |

#### Average

| **NDS** | **mAP** | **mATE** | **mASE** | **mAOE** | **mAVE** | **mAAE** |
| ------- | ------- | -------- | -------- | -------- | -------- | -------- |
| 0.3055    | 0.1275    | 0.7952     | 0.2803     | 0.4549     | 0.8376     | 0.2145     |

### Evaluating FrameLost

#### Severity easy

Evaluating Results

| **NDS** | **mAP** | **mATE** | **mASE** | **mAOE** | **mAVE** | **mAAE** |
| ------- | ------- | -------- | -------- | -------- | -------- | -------- |
| 0.3594    | 0.2174    | 0.7673     | 0.2743     | 0.4226     | 0.8302     | 0.1985     |

#### Severity mid

Evaluating Results

| **NDS** | **mAP** | **mATE** | **mASE** | **mAOE** | **mAVE** | **mAAE** |
| ------- | ------- | -------- | -------- | -------- | -------- | -------- |
| 0.2653    | 0.0696    | 0.8288     | 0.2904     | 0.4953     | 0.8713     | 0.2097     |

#### Severity hard

Evaluating Results

| **NDS** | **mAP** | **mATE** | **mASE** | **mAOE** | **mAVE** | **mAAE** |
| ------- | ------- | -------- | -------- | -------- | -------- | -------- |
| 0.2003    | 0.0121    | 0.9124     | 0.3577     | 0.5711     | 0.9225     | 0.2937     |

#### Average

| **NDS** | **mAP** | **mATE** | **mASE** | **mAOE** | **mAVE** | **mAAE** |
| ------- | ------- | -------- | -------- | -------- | -------- | -------- |
| 0.2750    | 0.0997    | 0.8362     | 0.3075     | 0.4963     | 0.8747     | 0.2340     |

