Time: Fri Jan 20 23:24:06 2023

### Evaluating MotionBlur

#### Severity easy

Time: Fri Jan 20 23:25:53 2023

### Evaluating MotionBlur

#### Severity easy

Time: Fri Jan 20 23:29:31 2023

### Evaluating MotionBlur

#### Severity easy

Evaluating Results

| **NDS** | **mAP** | **mATE** | **mASE** | **mAOE** | **mAVE** | **mAAE** |
| ------- | ------- | -------- | -------- | -------- | -------- | -------- |
| 0.3239    | 0.2570    | 0.8781     | 0.2858     | 0.6727     | 0.9739     | 0.2356     |

#### Severity mid

Evaluating Results

| **NDS** | **mAP** | **mATE** | **mASE** | **mAOE** | **mAVE** | **mAAE** |
| ------- | ------- | -------- | -------- | -------- | -------- | -------- |
| 0.2018    | 0.0986    | 0.9766     | 0.3214     | 0.8868     | 1.1408     | 0.2901     |

#### Severity hard

Evaluating Results

| **NDS** | **mAP** | **mATE** | **mASE** | **mAOE** | **mAVE** | **mAAE** |
| ------- | ------- | -------- | -------- | -------- | -------- | -------- |
| 0.1641    | 0.0579    | 1.0215     | 0.3420     | 0.9787     | 1.2423     | 0.3283     |

#### Average

| **NDS** | **mAP** | **mATE** | **mASE** | **mAOE** | **mAVE** | **mAAE** |
| ------- | ------- | -------- | -------- | -------- | -------- | -------- |
| 0.2299    | 0.1378    | 0.9587     | 0.3164     | 0.8461     | 1.1190     | 0.2847     |

### Evaluating Fog

#### Severity easy

Evaluating Results

| **NDS** | **mAP** | **mATE** | **mASE** | **mAOE** | **mAVE** | **mAAE** |
| ------- | ------- | -------- | -------- | -------- | -------- | -------- |
| 0.3029    | 0.2375    | 0.8984     | 0.2875     | 0.7251     | 1.1419     | 0.2470     |

#### Severity mid

Evaluating Results

| **NDS** | **mAP** | **mATE** | **mASE** | **mAOE** | **mAVE** | **mAAE** |
| ------- | ------- | -------- | -------- | -------- | -------- | -------- |
| 0.2860    | 0.2147    | 0.9097     | 0.2918     | 0.7539     | 1.1806     | 0.2582     |

#### Severity hard

Evaluating Results

| **NDS** | **mAP** | **mATE** | **mASE** | **mAOE** | **mAVE** | **mAAE** |
| ------- | ------- | -------- | -------- | -------- | -------- | -------- |
| 0.2739    | 0.1962    | 0.9153     | 0.2991     | 0.7687     | 1.2118     | 0.2595     |

#### Average

| **NDS** | **mAP** | **mATE** | **mASE** | **mAOE** | **mAVE** | **mAAE** |
| ------- | ------- | -------- | -------- | -------- | -------- | -------- |
| 0.2876    | 0.2161    | 0.9078     | 0.2928     | 0.7492     | 1.1781     | 0.2549     |

### Evaluating Snow

#### Severity easy

Evaluating Results

| **NDS** | **mAP** | **mATE** | **mASE** | **mAOE** | **mAVE** | **mAAE** |
| ------- | ------- | -------- | -------- | -------- | -------- | -------- |
| 0.1190    | 0.0317    | 1.0832     | 0.4815     | 1.1323     | 1.3518     | 0.4872     |

#### Severity mid

Evaluating Results

| **NDS** | **mAP** | **mATE** | **mASE** | **mAOE** | **mAVE** | **mAAE** |
| ------- | ------- | -------- | -------- | -------- | -------- | -------- |
| 0.0526    | 0.0102    | 1.0816     | 0.7366     | 1.1084     | 1.0735     | 0.7880     |

#### Severity hard

Evaluating Results

| **NDS** | **mAP** | **mATE** | **mASE** | **mAOE** | **mAVE** | **mAAE** |
| ------- | ------- | -------- | -------- | -------- | -------- | -------- |
| 0.0444    | 0.0073    | 1.0666     | 0.8033     | 1.1557     | 1.0418     | 0.7887     |

#### Average

| **NDS** | **mAP** | **mATE** | **mASE** | **mAOE** | **mAVE** | **mAAE** |
| ------- | ------- | -------- | -------- | -------- | -------- | -------- |
| 0.0720    | 0.0164    | 1.0771     | 0.6738     | 1.1321     | 1.1557     | 0.6880     |

### Evaluating ColorQuant

#### Severity easy

Evaluating Results

| **NDS** | **mAP** | **mATE** | **mASE** | **mAOE** | **mAVE** | **mAAE** |
| ------- | ------- | -------- | -------- | -------- | -------- | -------- |
| 0.2664    | 0.1814    | 0.9047     | 0.2981     | 0.7528     | 1.0971     | 0.2874     |

#### Severity mid

Evaluating Results

| **NDS** | **mAP** | **mATE** | **mASE** | **mAOE** | **mAVE** | **mAAE** |
| ------- | ------- | -------- | -------- | -------- | -------- | -------- |
| 0.0153    | 0.0008    | 1.0192     | 0.9247     | 1.0365     | 1.1133     | 0.9257     |

#### Severity hard

Evaluating Results

| **NDS** | **mAP** | **mATE** | **mASE** | **mAOE** | **mAVE** | **mAAE** |
| ------- | ------- | -------- | -------- | -------- | -------- | -------- |
| 0.0224    | 0.0000    | 1.0591     | 0.9030     | 1.1078     | 1.0036     | 0.8726     |

#### Average

| **NDS** | **mAP** | **mATE** | **mASE** | **mAOE** | **mAVE** | **mAAE** |
| ------- | ------- | -------- | -------- | -------- | -------- | -------- |
| 0.1014    | 0.0607    | 0.9943     | 0.7086     | 0.9657     | 1.0713     | 0.6952     |

### Evaluating Brightness

#### Severity easy

Evaluating Results

| **NDS** | **mAP** | **mATE** | **mASE** | **mAOE** | **mAVE** | **mAAE** |
| ------- | ------- | -------- | -------- | -------- | -------- | -------- |
| 0.3241    | 0.2669    | 0.8743     | 0.2872     | 0.7033     | 0.9941     | 0.2351     |

#### Severity mid

Evaluating Results

| **NDS** | **mAP** | **mATE** | **mASE** | **mAOE** | **mAVE** | **mAAE** |
| ------- | ------- | -------- | -------- | -------- | -------- | -------- |
| 0.2765    | 0.1997    | 0.9052     | 0.3117     | 0.7513     | 1.1250     | 0.2647     |

#### Severity hard

Evaluating Results

| **NDS** | **mAP** | **mATE** | **mASE** | **mAOE** | **mAVE** | **mAAE** |
| ------- | ------- | -------- | -------- | -------- | -------- | -------- |
| 0.2518    | 0.1637    | 0.9352     | 0.3251     | 0.7742     | 1.1324     | 0.2657     |

#### Average

| **NDS** | **mAP** | **mATE** | **mASE** | **mAOE** | **mAVE** | **mAAE** |
| ------- | ------- | -------- | -------- | -------- | -------- | -------- |
| 0.2841    | 0.2101    | 0.9049     | 0.3080     | 0.7429     | 1.0838     | 0.2552     |

### Evaluating LowLight

#### Severity easy

Evaluating Results

| **NDS** | **mAP** | **mATE** | **mASE** | **mAOE** | **mAVE** | **mAAE** |
| ------- | ------- | -------- | -------- | -------- | -------- | -------- |
| 0.2033    | 0.1051    | 0.9132     | 0.3690     | 0.8125     | 1.4162     | 0.3979     |

#### Severity mid

Evaluating Results

| **NDS** | **mAP** | **mATE** | **mASE** | **mAOE** | **mAVE** | **mAAE** |
| ------- | ------- | -------- | -------- | -------- | -------- | -------- |
| 0.1575    | 0.0704    | 0.9302     | 0.4349     | 0.8962     | 1.4453     | 0.5159     |

#### Severity hard

Evaluating Results

| **NDS** | **mAP** | **mATE** | **mASE** | **mAOE** | **mAVE** | **mAAE** |
| ------- | ------- | -------- | -------- | -------- | -------- | -------- |
| 0.1137    | 0.0305    | 0.9915     | 0.4620     | 1.0381     | 1.4301     | 0.5620     |

#### Average

| **NDS** | **mAP** | **mATE** | **mASE** | **mAOE** | **mAVE** | **mAAE** |
| ------- | ------- | -------- | -------- | -------- | -------- | -------- |
| 0.1581    | 0.0686    | 0.9450     | 0.4220     | 0.9156     | 1.4305     | 0.4919     |

### Evaluating CameraCrash

#### Severity easy

Evaluating Results

| **NDS** | **mAP** | **mATE** | **mASE** | **mAOE** | **mAVE** | **mAAE** |
| ------- | ------- | -------- | -------- | -------- | -------- | -------- |
| 0.2798    | 0.1766    | 0.8893     | 0.2864     | 0.6690     | 1.0017     | 0.2403     |

#### Severity mid

Evaluating Results

| **NDS** | **mAP** | **mATE** | **mASE** | **mAOE** | **mAVE** | **mAAE** |
| ------- | ------- | -------- | -------- | -------- | -------- | -------- |
| 0.2100    | 0.0719    | 0.9598     | 0.2959     | 0.7433     | 1.0592     | 0.2600     |

#### Severity hard

Evaluating Results

| **NDS** | **mAP** | **mATE** | **mASE** | **mAOE** | **mAVE** | **mAAE** |
| ------- | ------- | -------- | -------- | -------- | -------- | -------- |
| 0.2061    | 0.0712    | 0.9658     | 0.3101     | 0.7538     | 0.9898     | 0.2752     |

#### Average

| **NDS** | **mAP** | **mATE** | **mASE** | **mAOE** | **mAVE** | **mAAE** |
| ------- | ------- | -------- | -------- | -------- | -------- | -------- |
| 0.2320    | 0.1065    | 0.9383     | 0.2975     | 0.7220     | 1.0169     | 0.2585     |

### Evaluating FrameLost

#### Severity easy

Evaluating Results

| **NDS** | **mAP** | **mATE** | **mASE** | **mAOE** | **mAVE** | **mAAE** |
| ------- | ------- | -------- | -------- | -------- | -------- | -------- |
| 0.2886    | 0.1896    | 0.8823     | 0.2858     | 0.6668     | 0.9886     | 0.2386     |

#### Severity mid

Evaluating Results

| **NDS** | **mAP** | **mATE** | **mASE** | **mAOE** | **mAVE** | **mAAE** |
| ------- | ------- | -------- | -------- | -------- | -------- | -------- |
| 0.2020    | 0.0594    | 0.9510     | 0.3031     | 0.7563     | 1.0284     | 0.2666     |

#### Severity hard

Evaluating Results

| **NDS** | **mAP** | **mATE** | **mASE** | **mAOE** | **mAVE** | **mAAE** |
| ------- | ------- | -------- | -------- | -------- | -------- | -------- |
| 0.1594    | 0.0113    | 1.0206     | 0.3233     | 0.8559     | 1.0074     | 0.2836     |

#### Average

| **NDS** | **mAP** | **mATE** | **mASE** | **mAOE** | **mAVE** | **mAAE** |
| ------- | ------- | -------- | -------- | -------- | -------- | -------- |
| 0.2166    | 0.0868    | 0.9513     | 0.3041     | 0.7597     | 1.0081     | 0.2629     |

