### Evaluating Clean

Evaluating Results

| **NDS** | **mAP** | **mATE** | **mASE** | **mAOE** | **mAVE** | **mAAE** |
| ------- | ------- | -------- | -------- | -------- | -------- | -------- |
| 0.5174    | 0.4164    | 0.6726     | 0.2734     | 0.3704     | 0.3941     | 0.1974     |


### Evaluating MotionBlur

#### Severity-1

Evaluating Results

| **NDS** | **mAP** | **mATE** | **mASE** | **mAOE** | **mAVE** | **mAAE** |
| ------- | ------- | -------- | -------- | -------- | -------- | -------- |
| 0.4970    | 0.3900    | 0.6862     | 0.2768     | 0.4021     | 0.4192     | 0.1952     |

#### Severity-2

Evaluating Results

| **NDS** | **mAP** | **mATE** | **mASE** | **mAOE** | **mAVE** | **mAAE** |
| ------- | ------- | -------- | -------- | -------- | -------- | -------- |
| 0.4590    | 0.3393    | 0.7116     | 0.2819     | 0.4569     | 0.4566     | 0.1996     |

#### Severity-3

Evaluating Results

| **NDS** | **mAP** | **mATE** | **mASE** | **mAOE** | **mAVE** | **mAAE** |
| ------- | ------- | -------- | -------- | -------- | -------- | -------- |
| 0.3897    | 0.2421    | 0.7575     | 0.2928     | 0.5453     | 0.5119     | 0.2065     |

#### Severity-4

Evaluating Results

| **NDS** | **mAP** | **mATE** | **mASE** | **mAOE** | **mAVE** | **mAAE** |
| ------- | ------- | -------- | -------- | -------- | -------- | -------- |
| 0.2958    | 0.1401    | 0.8446     | 0.3241     | 0.6492     | 0.6711     | 0.2535     |

#### Severity-5

Evaluating Results

| **NDS** | **mAP** | **mATE** | **mASE** | **mAOE** | **mAVE** | **mAAE** |
| ------- | ------- | -------- | -------- | -------- | -------- | -------- |
| 0.2081    | 0.0852    | 0.8894     | 0.4033     | 0.7265     | 0.9707     | 0.3549     |

#### Average

| **NDS** | **mAP** | **mATE** | **mASE** | **mAOE** | **mAVE** | **mAAE** |
| ------- | ------- | -------- | -------- | -------- | -------- | -------- |
| 0.3699    | 0.2393    | 0.7779     | 0.3158     | 0.5560     | 0.6059     | 0.2419     |

### Evaluating Fog

#### Severity-1

Evaluating Results

| **NDS** | **mAP** | **mATE** | **mASE** | **mAOE** | **mAVE** | **mAAE** |
| ------- | ------- | -------- | -------- | -------- | -------- | -------- |
| 0.4980    | 0.3878    | 0.6960     | 0.2760     | 0.3931     | 0.4006     | 0.1936     |

#### Severity-2

Evaluating Results

| **NDS** | **mAP** | **mATE** | **mASE** | **mAOE** | **mAVE** | **mAAE** |
| ------- | ------- | -------- | -------- | -------- | -------- | -------- |
| 0.4907    | 0.3757    | 0.7007     | 0.2774     | 0.4006     | 0.3991     | 0.1939     |

#### Severity-3

Evaluating Results

| **NDS** | **mAP** | **mATE** | **mASE** | **mAOE** | **mAVE** | **mAAE** |
| ------- | ------- | -------- | -------- | -------- | -------- | -------- |
| 0.4827    | 0.3645    | 0.7151     | 0.2779     | 0.3966     | 0.4109     | 0.1948     |

#### Severity-4

Evaluating Results

| **NDS** | **mAP** | **mATE** | **mASE** | **mAOE** | **mAVE** | **mAAE** |
| ------- | ------- | -------- | -------- | -------- | -------- | -------- |
| 0.4798    | 0.3616    | 0.7115     | 0.2794     | 0.4113     | 0.4131     | 0.1940     |

#### Severity-5

Evaluating Results

| **NDS** | **mAP** | **mATE** | **mASE** | **mAOE** | **mAVE** | **mAAE** |
| ------- | ------- | -------- | -------- | -------- | -------- | -------- |
| 0.4649    | 0.3412    | 0.7328     | 0.2836     | 0.4161     | 0.4283     | 0.1965     |

#### Average

| **NDS** | **mAP** | **mATE** | **mASE** | **mAOE** | **mAVE** | **mAAE** |
| ------- | ------- | -------- | -------- | -------- | -------- | -------- |
| 0.4832    | 0.3662    | 0.7112     | 0.2789     | 0.4035     | 0.4104     | 0.1946     |

### Evaluating Snow

#### Severity-1

Evaluating Results

| **NDS** | **mAP** | **mATE** | **mASE** | **mAOE** | **mAVE** | **mAAE** |
| ------- | ------- | -------- | -------- | -------- | -------- | -------- |
| 0.2757    | 0.1302    | 0.8939     | 0.3427     | 0.5833     | 0.7986     | 0.2751     |

#### Severity-2

Evaluating Results

| **NDS** | **mAP** | **mATE** | **mASE** | **mAOE** | **mAVE** | **mAAE** |
| ------- | ------- | -------- | -------- | -------- | -------- | -------- |
| 0.2105    | 0.0779    | 0.8945     | 0.4209     | 0.7459     | 0.8295     | 0.3937     |

#### Severity-3

Evaluating Results

| **NDS** | **mAP** | **mATE** | **mASE** | **mAOE** | **mAVE** | **mAAE** |
| ------- | ------- | -------- | -------- | -------- | -------- | -------- |
| 0.1878    | 0.0698    | 0.9265     | 0.4261     | 0.7810     | 0.9290     | 0.4086     |

#### Severity-4

Evaluating Results

| **NDS** | **mAP** | **mATE** | **mASE** | **mAOE** | **mAVE** | **mAAE** |
| ------- | ------- | -------- | -------- | -------- | -------- | -------- |
| 0.1060    | 0.0312    | 0.9691     | 0.5689     | 0.9525     | 1.2121     | 0.6057     |

#### Severity-5

Evaluating Results

| **NDS** | **mAP** | **mATE** | **mASE** | **mAOE** | **mAVE** | **mAAE** |
| ------- | ------- | -------- | -------- | -------- | -------- | -------- |
| 0.1061    | 0.0261    | 0.9572     | 0.5678     | 0.9622     | 1.1291     | 0.5820     |

#### Average

| **NDS** | **mAP** | **mATE** | **mASE** | **mAOE** | **mAVE** | **mAAE** |
| ------- | ------- | -------- | -------- | -------- | -------- | -------- |
| 0.1772    | 0.0670    | 0.9282     | 0.4653     | 0.8050     | 0.9797     | 0.4530     |

### Evaluating ColorQuant

#### Severity-1

Evaluating Results

| **NDS** | **mAP** | **mATE** | **mASE** | **mAOE** | **mAVE** | **mAAE** |
| ------- | ------- | -------- | -------- | -------- | -------- | -------- |
| 0.4999    | 0.3934    | 0.7054     | 0.2739     | 0.3928     | 0.4006     | 0.1950     |

#### Severity-2

Evaluating Results

| **NDS** | **mAP** | **mATE** | **mASE** | **mAOE** | **mAVE** | **mAAE** |
| ------- | ------- | -------- | -------- | -------- | -------- | -------- |
| 0.4300    | 0.2927    | 0.7597     | 0.2877     | 0.4503     | 0.4491     | 0.2168     |

#### Severity-3

Evaluating Results

| **NDS** | **mAP** | **mATE** | **mASE** | **mAOE** | **mAVE** | **mAAE** |
| ------- | ------- | -------- | -------- | -------- | -------- | -------- |
| 0.3033    | 0.1409    | 0.8813     | 0.3284     | 0.6072     | 0.6191     | 0.2360     |

#### Severity-4

Evaluating Results

| **NDS** | **mAP** | **mATE** | **mASE** | **mAOE** | **mAVE** | **mAAE** |
| ------- | ------- | -------- | -------- | -------- | -------- | -------- |
| 0.0801    | 0.0111    | 1.0413     | 0.6192     | 0.9671     | 1.3173     | 0.6684     |

#### Severity-5

Evaluating Results

| **NDS** | **mAP** | **mATE** | **mASE** | **mAOE** | **mAVE** | **mAAE** |
| ------- | ------- | -------- | -------- | -------- | -------- | -------- |
| 0.0120    | 0.0000    | 1.0333     | 0.9452     | 1.0481     | 1.0720     | 0.9345     |

#### Average

| **NDS** | **mAP** | **mATE** | **mASE** | **mAOE** | **mAVE** | **mAAE** |
| ------- | ------- | -------- | -------- | -------- | -------- | -------- |
| 0.2651    | 0.1676    | 0.8842     | 0.4909     | 0.6931     | 0.7716     | 0.4501     |

### Evaluating Brightness

#### Severity-1

Evaluating Results

| **NDS** | **mAP** | **mATE** | **mASE** | **mAOE** | **mAVE** | **mAAE** |
| ------- | ------- | -------- | -------- | -------- | -------- | -------- |
| 0.5166    | 0.4153    | 0.6746     | 0.2742     | 0.3739     | 0.3914     | 0.1965     |

#### Severity-2

Evaluating Results

| **NDS** | **mAP** | **mATE** | **mASE** | **mAOE** | **mAVE** | **mAAE** |
| ------- | ------- | -------- | -------- | -------- | -------- | -------- |
| 0.5154    | 0.4114    | 0.6745     | 0.2750     | 0.3702     | 0.3909     | 0.1926     |

#### Severity-3

Evaluating Results

| **NDS** | **mAP** | **mATE** | **mASE** | **mAOE** | **mAVE** | **mAAE** |
| ------- | ------- | -------- | -------- | -------- | -------- | -------- |
| 0.5093    | 0.4009    | 0.6847     | 0.2782     | 0.3636     | 0.3989     | 0.1863     |

#### Severity-4

Evaluating Results

| **NDS** | **mAP** | **mATE** | **mASE** | **mAOE** | **mAVE** | **mAAE** |
| ------- | ------- | -------- | -------- | -------- | -------- | -------- |
| 0.4925    | 0.3801    | 0.7011     | 0.2827     | 0.3877     | 0.4196     | 0.1849     |

#### Severity-5

Evaluating Results

| **NDS** | **mAP** | **mATE** | **mASE** | **mAOE** | **mAVE** | **mAAE** |
| ------- | ------- | -------- | -------- | -------- | -------- | -------- |
| 0.4662    | 0.3435    | 0.7152     | 0.2855     | 0.4241     | 0.4433     | 0.1873     |

#### Average

| **NDS** | **mAP** | **mATE** | **mASE** | **mAOE** | **mAVE** | **mAAE** |
| ------- | ------- | -------- | -------- | -------- | -------- | -------- |
| 0.5000    | 0.3903    | 0.6900     | 0.2791     | 0.3839     | 0.4088     | 0.1895     |

### Evaluating LowLight

#### Severity-1

Evaluating Results

| **NDS** | **mAP** | **mATE** | **mASE** | **mAOE** | **mAVE** | **mAAE** |
| ------- | ------- | -------- | -------- | -------- | -------- | -------- |
| 0.4391    | 0.3080    | 0.7415     | 0.2856     | 0.4606     | 0.4586     | 0.2024     |

### Evaluating LowLight

#### Severity-2

