Time: Thu Mar  2 13:50:20 2023

### Evaluating CameraCrash

#### Severity easy

Evaluating Results

| **NDS** | **mAP** | **mATE** | **mASE** | **mAOE** | **mAVE** | **mAAE** |
| ------- | ------- | -------- | -------- | -------- | -------- | -------- |
| 0.2767    | 0.1425    | 0.7667     | 0.2755     | 0.6459     | 0.9787     | 0.2785     |

#### Severity mid

Evaluating Results

| **NDS** | **mAP** | **mATE** | **mASE** | **mAOE** | **mAVE** | **mAAE** |
| ------- | ------- | -------- | -------- | -------- | -------- | -------- |
| 0.2120    | 0.0599    | 0.8239     | 0.3283     | 0.6685     | 1.1383     | 0.3593     |

#### Severity hard

Evaluating Results

| **NDS** | **mAP** | **mATE** | **mASE** | **mAOE** | **mAVE** | **mAAE** |
| ------- | ------- | -------- | -------- | -------- | -------- | -------- |
| 0.2240    | 0.0663    | 0.7914     | 0.3376     | 0.5977     | 0.9872     | 0.3779     |

#### Average

| **NDS** | **mAP** | **mATE** | **mASE** | **mAOE** | **mAVE** | **mAAE** |
| ------- | ------- | -------- | -------- | -------- | -------- | -------- |
| 0.2376    | 0.0896    | 0.7940     | 0.3138     | 0.6374     | 1.0347     | 0.3386     |

### Evaluating FrameLost

#### Severity easy

Evaluating Results

| **NDS** | **mAP** | **mATE** | **mASE** | **mAOE** | **mAVE** | **mAAE** |
| ------- | ------- | -------- | -------- | -------- | -------- | -------- |
| 0.2949    | 0.1599    | 0.7515     | 0.2738     | 0.6075     | 0.9461     | 0.2717     |

#### Severity mid

Evaluating Results

| **NDS** | **mAP** | **mATE** | **mASE** | **mAOE** | **mAVE** | **mAAE** |
| ------- | ------- | -------- | -------- | -------- | -------- | -------- |
| 0.2057    | 0.0443    | 0.8246     | 0.3324     | 0.6482     | 1.0760     | 0.3594     |

#### Severity hard

Evaluating Results

| **NDS** | **mAP** | **mATE** | **mASE** | **mAOE** | **mAVE** | **mAAE** |
| ------- | ------- | -------- | -------- | -------- | -------- | -------- |
| 0.0647    | 0.0060    | 0.9223     | 0.7119     | 0.8778     | 1.0050     | 0.8708     |

#### Average

| **NDS** | **mAP** | **mATE** | **mASE** | **mAOE** | **mAVE** | **mAAE** |
| ------- | ------- | -------- | -------- | -------- | -------- | -------- |
| 0.1884    | 0.0701    | 0.8328     | 0.4394     | 0.7112     | 1.0090     | 0.5006     |

### Evaluating ColorQuant

#### Severity easy

Evaluating Results

| **NDS** | **mAP** | **mATE** | **mASE** | **mAOE** | **mAVE** | **mAAE** |
| ------- | ------- | -------- | -------- | -------- | -------- | -------- |
| 0.3627    | 0.2729    | 0.7180     | 0.2730     | 0.5742     | 0.9024     | 0.2699     |

#### Severity mid

Evaluating Results

| **NDS** | **mAP** | **mATE** | **mASE** | **mAOE** | **mAVE** | **mAAE** |
| ------- | ------- | -------- | -------- | -------- | -------- | -------- |
| 0.3288    | 0.2338    | 0.7594     | 0.2748     | 0.6008     | 0.9555     | 0.2900     |

#### Severity hard

Evaluating Results

| **NDS** | **mAP** | **mATE** | **mASE** | **mAOE** | **mAVE** | **mAAE** |
| ------- | ------- | -------- | -------- | -------- | -------- | -------- |
| 0.2159    | 0.1228    | 0.8260     | 0.4106     | 0.7161     | 1.1598     | 0.5022     |

#### Average

| **NDS** | **mAP** | **mATE** | **mASE** | **mAOE** | **mAVE** | **mAAE** |
| ------- | ------- | -------- | -------- | -------- | -------- | -------- |
| 0.3025    | 0.2098    | 0.7678     | 0.3195     | 0.6304     | 1.0059     | 0.3540     |

### Evaluating MotionBlur

#### Severity easy

Evaluating Results

| **NDS** | **mAP** | **mATE** | **mASE** | **mAOE** | **mAVE** | **mAAE** |
| ------- | ------- | -------- | -------- | -------- | -------- | -------- |
| 0.3409    | 0.2453    | 0.7286     | 0.2716     | 0.5891     | 0.9573     | 0.2710     |

#### Severity mid

Evaluating Results

| **NDS** | **mAP** | **mATE** | **mASE** | **mAOE** | **mAVE** | **mAAE** |
| ------- | ------- | -------- | -------- | -------- | -------- | -------- |
| 0.2534    | 0.1339    | 0.7766     | 0.3300     | 0.6549     | 1.2774     | 0.3744     |

#### Severity hard

Evaluating Results

| **NDS** | **mAP** | **mATE** | **mASE** | **mAOE** | **mAVE** | **mAAE** |
| ------- | ------- | -------- | -------- | -------- | -------- | -------- |
| 0.1977    | 0.0860    | 0.8454     | 0.4043     | 0.6896     | 1.4369     | 0.5142     |

#### Average

| **NDS** | **mAP** | **mATE** | **mASE** | **mAOE** | **mAVE** | **mAAE** |
| ------- | ------- | -------- | -------- | -------- | -------- | -------- |
| 0.2640    | 0.1551    | 0.7835     | 0.3353     | 0.6445     | 1.2239     | 0.3865     |

### Evaluating Brightness

#### Severity easy

Evaluating Results

| **NDS** | **mAP** | **mATE** | **mASE** | **mAOE** | **mAVE** | **mAAE** |
| ------- | ------- | -------- | -------- | -------- | -------- | -------- |
| 0.3439    | 0.2465    | 0.7410     | 0.2693     | 0.5807     | 0.9424     | 0.2603     |

#### Severity mid

Evaluating Results

| **NDS** | **mAP** | **mATE** | **mASE** | **mAOE** | **mAVE** | **mAAE** |
| ------- | ------- | -------- | -------- | -------- | -------- | -------- |
| 0.2673    | 0.1630    | 0.8085     | 0.3292     | 0.6533     | 1.1742     | 0.3510     |

#### Severity hard

Evaluating Results

| **NDS** | **mAP** | **mATE** | **mASE** | **mAOE** | **mAVE** | **mAAE** |
| ------- | ------- | -------- | -------- | -------- | -------- | -------- |
| 0.1813    | 0.0946    | 0.8488     | 0.4833     | 0.7391     | 1.1921     | 0.5889     |

#### Average

| **NDS** | **mAP** | **mATE** | **mASE** | **mAOE** | **mAVE** | **mAAE** |
| ------- | ------- | -------- | -------- | -------- | -------- | -------- |
| 0.2642    | 0.1680    | 0.7994     | 0.3606     | 0.6577     | 1.1029     | 0.4001     |

### Evaluating LowLight

#### Severity easy

Evaluating Results

| **NDS** | **mAP** | **mATE** | **mASE** | **mAOE** | **mAVE** | **mAAE** |
| ------- | ------- | -------- | -------- | -------- | -------- | -------- |
| 0.2058    | 0.1100    | 0.8121     | 0.4069     | 0.7663     | 1.3122     | 0.5073     |

#### Severity mid

Evaluating Results

| **NDS** | **mAP** | **mATE** | **mASE** | **mAOE** | **mAVE** | **mAAE** |
| ------- | ------- | -------- | -------- | -------- | -------- | -------- |
| 0.1720    | 0.0675    | 0.8305     | 0.4102     | 0.8504     | 1.3444     | 0.5265     |

#### Severity hard

Evaluating Results

| **NDS** | **mAP** | **mATE** | **mASE** | **mAOE** | **mAVE** | **mAAE** |
| ------- | ------- | -------- | -------- | -------- | -------- | -------- |
| 0.0613    | 0.0245    | 0.9599     | 0.7178     | 0.9386     | 1.0830     | 0.8931     |

#### Average

| **NDS** | **mAP** | **mATE** | **mASE** | **mAOE** | **mAVE** | **mAAE** |
| ------- | ------- | -------- | -------- | -------- | -------- | -------- |
| 0.1463    | 0.0673    | 0.8675     | 0.5116     | 0.8518     | 1.2465     | 0.6423     |

### Evaluating Fog

#### Severity easy

Evaluating Results

| **NDS** | **mAP** | **mATE** | **mASE** | **mAOE** | **mAVE** | **mAAE** |
| ------- | ------- | -------- | -------- | -------- | -------- | -------- |
| 0.2193    | 0.1248    | 0.8334     | 0.4089     | 0.7097     | 1.2529     | 0.4791     |

#### Severity mid

Evaluating Results

| **NDS** | **mAP** | **mATE** | **mASE** | **mAOE** | **mAVE** | **mAAE** |
| ------- | ------- | -------- | -------- | -------- | -------- | -------- |
| 0.1940    | 0.0906    | 0.8613     | 0.4126     | 0.7476     | 1.3268     | 0.4912     |

#### Severity hard

Evaluating Results

| **NDS** | **mAP** | **mATE** | **mASE** | **mAOE** | **mAVE** | **mAAE** |
| ------- | ------- | -------- | -------- | -------- | -------- | -------- |
| 0.1555    | 0.0612    | 0.8994     | 0.4916     | 0.7534     | 1.1674     | 0.6066     |

#### Average

| **NDS** | **mAP** | **mATE** | **mASE** | **mAOE** | **mAVE** | **mAAE** |
| ------- | ------- | -------- | -------- | -------- | -------- | -------- |
| 0.1896    | 0.0922    | 0.8647     | 0.4377     | 0.7369     | 1.2490     | 0.5256     |

### Evaluating Snow

#### Severity easy

Evaluating Results

| **NDS** | **mAP** | **mATE** | **mASE** | **mAOE** | **mAVE** | **mAAE** |
| ------- | ------- | -------- | -------- | -------- | -------- | -------- |
| 0.1806    | 0.0738    | 0.8995     | 0.4186     | 0.7328     | 1.3125     | 0.5122     |

#### Severity mid

Evaluating Results

| **NDS** | **mAP** | **mATE** | **mASE** | **mAOE** | **mAVE** | **mAAE** |
| ------- | ------- | -------- | -------- | -------- | -------- | -------- |
| 0.0917    | 0.0272    | 0.9404     | 0.6396     | 0.8729     | 1.4713     | 0.7659     |

#### Severity hard

Evaluating Results

| **NDS** | **mAP** | **mATE** | **mASE** | **mAOE** | **mAVE** | **mAAE** |
| ------- | ------- | -------- | -------- | -------- | -------- | -------- |
| 0.0381    | 0.0123    | 0.9841     | 0.7911     | 1.0134     | 1.1398     | 0.9051     |

#### Average

| **NDS** | **mAP** | **mATE** | **mASE** | **mAOE** | **mAVE** | **mAAE** |
| ------- | ------- | -------- | -------- | -------- | -------- | -------- |
| 0.1035    | 0.0378    | 0.9413     | 0.6164     | 0.8730     | 1.3079     | 0.7277     |

