Time: Mon Feb 13 17:09:27 2023

### Evaluating MotionBlur

#### Severity easy

Evaluating Results

| **NDS** | **mAP** | **mATE** | **mASE** | **mAOE** | **mAVE** | **mAAE** |
| ------- | ------- | -------- | -------- | -------- | -------- | -------- |
| 0.3639    | 0.2705    | 0.7008     | 0.2739     | 0.6008     | 0.9018     | 0.2361     |

#### Severity mid

Evaluating Results

| **NDS** | **mAP** | **mATE** | **mASE** | **mAOE** | **mAVE** | **mAAE** |
| ------- | ------- | -------- | -------- | -------- | -------- | -------- |
| 0.2387    | 0.1139    | 0.8566     | 0.2890     | 0.7532     | 1.0651     | 0.2836     |

#### Severity hard

Evaluating Results

| **NDS** | **mAP** | **mATE** | **mASE** | **mAOE** | **mAVE** | **mAAE** |
| ------- | ------- | -------- | -------- | -------- | -------- | -------- |
| 0.1513    | 0.0680    | 0.9385     | 0.4918     | 0.7865     | 1.3584     | 0.6099     |

#### Average

| **NDS** | **mAP** | **mATE** | **mASE** | **mAOE** | **mAVE** | **mAAE** |
| ------- | ------- | -------- | -------- | -------- | -------- | -------- |
| 0.2513    | 0.1508    | 0.8320     | 0.3516     | 0.7135     | 1.1084     | 0.3765     |

### Evaluating Fog

#### Severity easy

Evaluating Results

| **NDS** | **mAP** | **mATE** | **mASE** | **mAOE** | **mAVE** | **mAAE** |
| ------- | ------- | -------- | -------- | -------- | -------- | -------- |
| 0.3205    | 0.2267    | 0.7648     | 0.2719     | 0.6404     | 1.0073     | 0.2507     |

#### Severity mid

Evaluating Results

| **NDS** | **mAP** | **mATE** | **mASE** | **mAOE** | **mAVE** | **mAAE** |
| ------- | ------- | -------- | -------- | -------- | -------- | -------- |
| 0.2980    | 0.1968    | 0.7906     | 0.2757     | 0.6809     | 1.0621     | 0.2563     |

#### Severity hard

Evaluating Results

| **NDS** | **mAP** | **mATE** | **mASE** | **mAOE** | **mAVE** | **mAAE** |
| ------- | ------- | -------- | -------- | -------- | -------- | -------- |
| 0.2524    | 0.1685    | 0.8146     | 0.3586     | 0.7705     | 1.1227     | 0.3751     |

#### Average

| **NDS** | **mAP** | **mATE** | **mASE** | **mAOE** | **mAVE** | **mAAE** |
| ------- | ------- | -------- | -------- | -------- | -------- | -------- |
| 0.2903    | 0.1973    | 0.7900     | 0.3021     | 0.6973     | 1.0640     | 0.2940     |

### Evaluating Snow

#### Severity easy

Evaluating Results

| **NDS** | **mAP** | **mATE** | **mASE** | **mAOE** | **mAVE** | **mAAE** |
| ------- | ------- | -------- | -------- | -------- | -------- | -------- |
| 0.1716    | 0.0709    | 0.8735     | 0.4202     | 0.8563     | 1.5095     | 0.4884     |

#### Severity mid

Evaluating Results

| **NDS** | **mAP** | **mATE** | **mASE** | **mAOE** | **mAVE** | **mAAE** |
| ------- | ------- | -------- | -------- | -------- | -------- | -------- |
| 0.0513    | 0.0238    | 0.9843     | 0.7900     | 0.9088     | 1.1445     | 0.9236     |

#### Severity hard

Evaluating Results

| **NDS** | **mAP** | **mATE** | **mASE** | **mAOE** | **mAVE** | **mAAE** |
| ------- | ------- | -------- | -------- | -------- | -------- | -------- |
| 0.0362    | 0.0103    | 1.0010     | 0.7943     | 0.9669     | 1.1709     | 0.9287     |

#### Average

| **NDS** | **mAP** | **mATE** | **mASE** | **mAOE** | **mAVE** | **mAAE** |
| ------- | ------- | -------- | -------- | -------- | -------- | -------- |
| 0.0863    | 0.0350    | 0.9529     | 0.6682     | 0.9107     | 1.2750     | 0.7802     |

### Evaluating ColorQuant

#### Severity easy

Evaluating Results

| **NDS** | **mAP** | **mATE** | **mASE** | **mAOE** | **mAVE** | **mAAE** |
| ------- | ------- | -------- | -------- | -------- | -------- | -------- |
| 0.3748    | 0.2986    | 0.6970     | 0.2704     | 0.5783     | 0.9511     | 0.2475     |

#### Severity mid

Evaluating Results

| **NDS** | **mAP** | **mATE** | **mASE** | **mAOE** | **mAVE** | **mAAE** |
| ------- | ------- | -------- | -------- | -------- | -------- | -------- |
| 0.2981    | 0.1960    | 0.8174     | 0.2824     | 0.6306     | 1.1438     | 0.2688     |

#### Severity hard

Evaluating Results

| **NDS** | **mAP** | **mATE** | **mASE** | **mAOE** | **mAVE** | **mAAE** |
| ------- | ------- | -------- | -------- | -------- | -------- | -------- |
| 0.1523    | 0.0650    | 0.9426     | 0.4348     | 0.8748     | 1.5074     | 0.5494     |

#### Average

| **NDS** | **mAP** | **mATE** | **mASE** | **mAOE** | **mAVE** | **mAAE** |
| ------- | ------- | -------- | -------- | -------- | -------- | -------- |
| 0.2751    | 0.1865    | 0.8190     | 0.3292     | 0.6946     | 1.2008     | 0.3552     |

### Evaluating Brightness

#### Severity easy

Evaluating Results

| **NDS** | **mAP** | **mATE** | **mASE** | **mAOE** | **mAVE** | **mAAE** |
| ------- | ------- | -------- | -------- | -------- | -------- | -------- |
| 0.3568    | 0.2755    | 0.7028     | 0.2741     | 0.5896     | 1.0115     | 0.2428     |

#### Severity mid

Evaluating Results

| **NDS** | **mAP** | **mATE** | **mASE** | **mAOE** | **mAVE** | **mAAE** |
| ------- | ------- | -------- | -------- | -------- | -------- | -------- |
| 0.2706    | 0.1986    | 0.7529     | 0.4059     | 0.6913     | 1.2522     | 0.4370     |

#### Severity hard

Evaluating Results

| **NDS** | **mAP** | **mATE** | **mASE** | **mAOE** | **mAVE** | **mAAE** |
| ------- | ------- | -------- | -------- | -------- | -------- | -------- |
| 0.2364    | 0.1529    | 0.8004     | 0.4137     | 0.7364     | 1.3629     | 0.4501     |

#### Average

| **NDS** | **mAP** | **mATE** | **mASE** | **mAOE** | **mAVE** | **mAAE** |
| ------- | ------- | -------- | -------- | -------- | -------- | -------- |
| 0.2879    | 0.2090    | 0.7520     | 0.3646     | 0.6724     | 1.2089     | 0.3766     |

### Evaluating LowLight

#### Severity easy

Evaluating Results

| **NDS** | **mAP** | **mATE** | **mASE** | **mAOE** | **mAVE** | **mAAE** |
| ------- | ------- | -------- | -------- | -------- | -------- | -------- |
| 0.2282    | 0.1256    | 0.8129     | 0.3638     | 0.7759     | 1.1950     | 0.3940     |

#### Severity mid

Evaluating Results

| **NDS** | **mAP** | **mATE** | **mASE** | **mAOE** | **mAVE** | **mAAE** |
| ------- | ------- | -------- | -------- | -------- | -------- | -------- |
| 0.2282    | 0.1255    | 0.8144     | 0.3639     | 0.7730     | 1.1900     | 0.3939     |

#### Severity hard

Evaluating Results

| **NDS** | **mAP** | **mATE** | **mASE** | **mAOE** | **mAVE** | **mAAE** |
| ------- | ------- | -------- | -------- | -------- | -------- | -------- |
| 0.1864    | 0.0846    | 0.8332     | 0.4170     | 0.8190     | 1.3759     | 0.4902     |

#### Average

| **NDS** | **mAP** | **mATE** | **mASE** | **mAOE** | **mAVE** | **mAAE** |
| ------- | ------- | -------- | -------- | -------- | -------- | -------- |
| 0.2142    | 0.1119    | 0.8202     | 0.3816     | 0.7893     | 1.2536     | 0.4260     |

### Evaluating CameraCrash

#### Severity easy

Evaluating Results

| **NDS** | **mAP** | **mATE** | **mASE** | **mAOE** | **mAVE** | **mAAE** |
| ------- | ------- | -------- | -------- | -------- | -------- | -------- |
| 0.3132    | 0.1771    | 0.7131     | 0.2750     | 0.6217     | 0.9053     | 0.2379     |

#### Severity mid

Evaluating Results

| **NDS** | **mAP** | **mATE** | **mASE** | **mAOE** | **mAVE** | **mAAE** |
| ------- | ------- | -------- | -------- | -------- | -------- | -------- |
| 0.2282    | 0.0759    | 0.7800     | 0.3319     | 0.6699     | 1.0951     | 0.3160     |

#### Severity hard

Evaluating Results

| **NDS** | **mAP** | **mATE** | **mASE** | **mAOE** | **mAVE** | **mAAE** |
| ------- | ------- | -------- | -------- | -------- | -------- | -------- |
| 0.2500    | 0.0802    | 0.7289     | 0.2807     | 0.6204     | 1.0232     | 0.2709     |

#### Average

| **NDS** | **mAP** | **mATE** | **mASE** | **mAOE** | **mAVE** | **mAAE** |
| ------- | ------- | -------- | -------- | -------- | -------- | -------- |
| 0.2638    | 0.1111    | 0.7407     | 0.2959     | 0.6373     | 1.0079     | 0.2749     |

### Evaluating FrameLost

#### Severity easy

Evaluating Results

| **NDS** | **mAP** | **mATE** | **mASE** | **mAOE** | **mAVE** | **mAAE** |
| ------- | ------- | -------- | -------- | -------- | -------- | -------- |
| 0.3251    | 0.1962    | 0.7049     | 0.2735     | 0.5954     | 0.9158     | 0.2398     |

#### Severity mid

Evaluating Results

| **NDS** | **mAP** | **mATE** | **mASE** | **mAOE** | **mAVE** | **mAAE** |
| ------- | ------- | -------- | -------- | -------- | -------- | -------- |
| 0.2209    | 0.0576    | 0.7749     | 0.3321     | 0.6382     | 1.1222     | 0.3333     |

#### Severity hard

Evaluating Results

| **NDS** | **mAP** | **mATE** | **mASE** | **mAOE** | **mAVE** | **mAAE** |
| ------- | ------- | -------- | -------- | -------- | -------- | -------- |
| 0.0962    | 0.0090    | 0.8872     | 0.6345     | 0.7849     | 1.1228     | 0.7764     |

#### Average

| **NDS** | **mAP** | **mATE** | **mASE** | **mAOE** | **mAVE** | **mAAE** |
| ------- | ------- | -------- | -------- | -------- | -------- | -------- |
| 0.2141    | 0.0876    | 0.7890     | 0.4134     | 0.6728     | 1.0536     | 0.4498     |

