Time: Mon Feb 13 15:52:59 2023

### Evaluating MotionBlur

#### Severity easy

Evaluating Results

| **NDS** | **mAP** | **mATE** | **mASE** | **mAOE** | **mAVE** | **mAAE** |
| ------- | ------- | -------- | -------- | -------- | -------- | -------- |
| 0.3172    | 0.2214    | 0.7986     | 0.2796     | 0.6347     | 0.9760     | 0.2457     |

#### Severity mid

Evaluating Results

| **NDS** | **mAP** | **mATE** | **mASE** | **mAOE** | **mAVE** | **mAAE** |
| ------- | ------- | -------- | -------- | -------- | -------- | -------- |
| 0.1816    | 0.0786    | 0.9320     | 0.3637     | 0.8502     | 1.1827     | 0.4312     |

#### Severity hard

Evaluating Results

| **NDS** | **mAP** | **mATE** | **mASE** | **mAOE** | **mAVE** | **mAAE** |
| ------- | ------- | -------- | -------- | -------- | -------- | -------- |
| 0.1194    | 0.0467    | 0.9366     | 0.5627     | 0.8231     | 1.2976     | 0.7166     |

#### Average

| **NDS** | **mAP** | **mATE** | **mASE** | **mAOE** | **mAVE** | **mAAE** |
| ------- | ------- | -------- | -------- | -------- | -------- | -------- |
| 0.2061    | 0.1156    | 0.8891     | 0.4020     | 0.7693     | 1.1521     | 0.4645     |

### Evaluating Fog

#### Severity easy

Evaluating Results

| **NDS** | **mAP** | **mATE** | **mASE** | **mAOE** | **mAVE** | **mAAE** |
| ------- | ------- | -------- | -------- | -------- | -------- | -------- |
| 0.2780    | 0.1790    | 0.8460     | 0.2798     | 0.7233     | 1.0716     | 0.2658     |

#### Severity mid

Evaluating Results

| **NDS** | **mAP** | **mATE** | **mASE** | **mAOE** | **mAVE** | **mAAE** |
| ------- | ------- | -------- | -------- | -------- | -------- | -------- |
| 0.2477    | 0.1364    | 0.8822     | 0.2888     | 0.7533     | 1.1280     | 0.2809     |

#### Severity hard

Evaluating Results

| **NDS** | **mAP** | **mATE** | **mASE** | **mAOE** | **mAVE** | **mAAE** |
| ------- | ------- | -------- | -------- | -------- | -------- | -------- |
| 0.2125    | 0.1059    | 0.9122     | 0.3368     | 0.7684     | 1.2835     | 0.3868     |

#### Average

| **NDS** | **mAP** | **mATE** | **mASE** | **mAOE** | **mAVE** | **mAAE** |
| ------- | ------- | -------- | -------- | -------- | -------- | -------- |
| 0.2461    | 0.1404    | 0.8801     | 0.3018     | 0.7483     | 1.1610     | 0.3112     |

### Evaluating Snow

#### Severity easy

Evaluating Results

| **NDS** | **mAP** | **mATE** | **mASE** | **mAOE** | **mAVE** | **mAAE** |
| ------- | ------- | -------- | -------- | -------- | -------- | -------- |
| 0.1206    | 0.0466    | 0.9653     | 0.5091     | 0.9417     | 1.2147     | 0.6114     |

#### Severity mid

Evaluating Results

| **NDS** | **mAP** | **mATE** | **mASE** | **mAOE** | **mAVE** | **mAAE** |
| ------- | ------- | -------- | -------- | -------- | -------- | -------- |
| 0.0420    | 0.0200    | 0.9896     | 0.7920     | 1.0515     | 1.1336     | 0.8985     |

#### Severity hard

Evaluating Results

| **NDS** | **mAP** | **mATE** | **mASE** | **mAOE** | **mAVE** | **mAAE** |
| ------- | ------- | -------- | -------- | -------- | -------- | -------- |
| 0.0249    | 0.0095    | 1.0010     | 0.8601     | 1.0156     | 1.1442     | 0.9381     |

#### Average

| **NDS** | **mAP** | **mATE** | **mASE** | **mAOE** | **mAVE** | **mAAE** |
| ------- | ------- | -------- | -------- | -------- | -------- | -------- |
| 0.0625    | 0.0254    | 0.9853     | 0.7204     | 1.0029     | 1.1642     | 0.8160     |

### Evaluating ColorQuant

#### Severity easy

Evaluating Results

| **NDS** | **mAP** | **mATE** | **mASE** | **mAOE** | **mAVE** | **mAAE** |
| ------- | ------- | -------- | -------- | -------- | -------- | -------- |
| 0.3373    | 0.2608    | 0.7665     | 0.2770     | 0.6201     | 1.0288     | 0.2678     |

#### Severity mid

Evaluating Results

| **NDS** | **mAP** | **mATE** | **mASE** | **mAOE** | **mAVE** | **mAAE** |
| ------- | ------- | -------- | -------- | -------- | -------- | -------- |
| 0.2450    | 0.1599    | 0.8534     | 0.3639     | 0.7289     | 1.2417     | 0.4031     |

#### Severity hard

Evaluating Results

| **NDS** | **mAP** | **mATE** | **mASE** | **mAOE** | **mAVE** | **mAAE** |
| ------- | ------- | -------- | -------- | -------- | -------- | -------- |
| 0.1400    | 0.0419    | 0.9956     | 0.4329     | 0.8639     | 1.3876     | 0.5166     |

#### Average

| **NDS** | **mAP** | **mATE** | **mASE** | **mAOE** | **mAVE** | **mAAE** |
| ------- | ------- | -------- | -------- | -------- | -------- | -------- |
| 0.2408    | 0.1542    | 0.8718     | 0.3579     | 0.7376     | 1.2194     | 0.3958     |

### Evaluating Brightness

#### Severity easy

Evaluating Results

| **NDS** | **mAP** | **mATE** | **mASE** | **mAOE** | **mAVE** | **mAAE** |
| ------- | ------- | -------- | -------- | -------- | -------- | -------- |
| 0.3226    | 0.2420    | 0.7818     | 0.2834     | 0.6731     | 1.0987     | 0.2456     |

#### Severity mid

Evaluating Results

| **NDS** | **mAP** | **mATE** | **mASE** | **mAOE** | **mAVE** | **mAAE** |
| ------- | ------- | -------- | -------- | -------- | -------- | -------- |
| 0.2415    | 0.1713    | 0.8363     | 0.4140     | 0.7245     | 1.3378     | 0.4670     |

#### Severity hard

Evaluating Results

| **NDS** | **mAP** | **mATE** | **mASE** | **mAOE** | **mAVE** | **mAAE** |
| ------- | ------- | -------- | -------- | -------- | -------- | -------- |
| 0.2053    | 0.1228    | 0.8959     | 0.4233     | 0.7673     | 1.4370     | 0.4739     |

#### Average

| **NDS** | **mAP** | **mATE** | **mASE** | **mAOE** | **mAVE** | **mAAE** |
| ------- | ------- | -------- | -------- | -------- | -------- | -------- |
| 0.2565    | 0.1787    | 0.8380     | 0.3736     | 0.7216     | 1.2912     | 0.3955     |

### Evaluating LowLight

#### Severity easy

Evaluating Results

| **NDS** | **mAP** | **mATE** | **mASE** | **mAOE** | **mAVE** | **mAAE** |
| ------- | ------- | -------- | -------- | -------- | -------- | -------- |
| 0.1587    | 0.0745    | 1.0107     | 0.3838     | 0.9373     | 1.1912     | 0.4643     |

#### Severity mid

Evaluating Results

| **NDS** | **mAP** | **mATE** | **mASE** | **mAOE** | **mAVE** | **mAAE** |
| ------- | ------- | -------- | -------- | -------- | -------- | -------- |
| 0.1587    | 0.0740    | 1.0063     | 0.3833     | 0.9349     | 1.1845     | 0.4653     |

#### Severity hard

Evaluating Results

| **NDS** | **mAP** | **mATE** | **mASE** | **mAOE** | **mAVE** | **mAAE** |
| ------- | ------- | -------- | -------- | -------- | -------- | -------- |
| 0.1305    | 0.0487    | 0.9897     | 0.4336     | 0.9527     | 1.4470     | 0.5632     |

#### Average

| **NDS** | **mAP** | **mATE** | **mASE** | **mAOE** | **mAVE** | **mAAE** |
| ------- | ------- | -------- | -------- | -------- | -------- | -------- |
| 0.1493    | 0.0657    | 1.0022     | 0.4002     | 0.9416     | 1.2742     | 0.4976     |

### Evaluating CameraCrash

#### Severity easy

Evaluating Results

| **NDS** | **mAP** | **mATE** | **mASE** | **mAOE** | **mAVE** | **mAAE** |
| ------- | ------- | -------- | -------- | -------- | -------- | -------- |
| 0.2905    | 0.1581    | 0.7915     | 0.2749     | 0.6302     | 0.9313     | 0.2574     |

#### Severity mid

Evaluating Results

| **NDS** | **mAP** | **mATE** | **mASE** | **mAOE** | **mAVE** | **mAAE** |
| ------- | ------- | -------- | -------- | -------- | -------- | -------- |
| 0.2223    | 0.0679    | 0.8403     | 0.3309     | 0.6208     | 1.0798     | 0.3247     |

#### Severity hard

Evaluating Results

| **NDS** | **mAP** | **mATE** | **mASE** | **mAOE** | **mAVE** | **mAAE** |
| ------- | ------- | -------- | -------- | -------- | -------- | -------- |
| 0.2329    | 0.0709    | 0.8124     | 0.2868     | 0.6697     | 0.9858     | 0.2706     |

#### Average

| **NDS** | **mAP** | **mATE** | **mASE** | **mAOE** | **mAVE** | **mAAE** |
| ------- | ------- | -------- | -------- | -------- | -------- | -------- |
| 0.2486    | 0.0990    | 0.8147     | 0.2975     | 0.6402     | 0.9990     | 0.2842     |

### Evaluating FrameLost

#### Severity easy

Evaluating Results

| **NDS** | **mAP** | **mATE** | **mASE** | **mAOE** | **mAVE** | **mAAE** |
| ------- | ------- | -------- | -------- | -------- | -------- | -------- |
| 0.3027    | 0.1752    | 0.7857     | 0.2774     | 0.6143     | 0.9262     | 0.2451     |

#### Severity mid

Evaluating Results

| **NDS** | **mAP** | **mATE** | **mASE** | **mAOE** | **mAVE** | **mAAE** |
| ------- | ------- | -------- | -------- | -------- | -------- | -------- |
| 0.2076    | 0.0508    | 0.8516     | 0.3338     | 0.6586     | 1.1364     | 0.3342     |

#### Severity hard

Evaluating Results

| **NDS** | **mAP** | **mATE** | **mASE** | **mAOE** | **mAVE** | **mAAE** |
| ------- | ------- | -------- | -------- | -------- | -------- | -------- |
| 0.0667    | 0.0083    | 0.9261     | 0.7126     | 0.8808     | 1.0116     | 0.8546     |

#### Average

| **NDS** | **mAP** | **mATE** | **mASE** | **mAOE** | **mAVE** | **mAAE** |
| ------- | ------- | -------- | -------- | -------- | -------- | -------- |
| 0.1924    | 0.0781    | 0.8545     | 0.4413     | 0.7179     | 1.0247     | 0.4780     |

