Time: Sun Feb 12 14:15:53 2023

### Evaluating Snow

#### Severity easy

Evaluating Results

| **NDS** | **mAP** | **mATE** | **mASE** | **mAOE** | **mAVE** | **mAAE** |
| ------- | ------- | -------- | -------- | -------- | -------- | -------- |
| 0.1996    | 0.0648    | 0.8703     | 0.5050     | 0.7718     | 0.6847     | 0.4961     |

#### Severity mid

Evaluating Results

| **NDS** | **mAP** | **mATE** | **mASE** | **mAOE** | **mAVE** | **mAAE** |
| ------- | ------- | -------- | -------- | -------- | -------- | -------- |
| 0.0464    | 0.0198    | 0.9622     | 0.8566     | 0.9473     | 0.9669     | 0.9023     |

#### Severity hard

Evaluating Results

| **NDS** | **mAP** | **mATE** | **mASE** | **mAOE** | **mAVE** | **mAAE** |
| ------- | ------- | -------- | -------- | -------- | -------- | -------- |
| 0.0496    | 0.0226    | 0.9602     | 0.8550     | 0.9402     | 0.9569     | 0.9045     |

#### Average

| **NDS** | **mAP** | **mATE** | **mASE** | **mAOE** | **mAVE** | **mAAE** |
| ------- | ------- | -------- | -------- | -------- | -------- | -------- |
| 0.0985    | 0.0357    | 0.9309     | 0.7389     | 0.8864     | 0.8695     | 0.7676     |

### Evaluating ColorQuant

#### Severity easy

Evaluating Results

| **NDS** | **mAP** | **mATE** | **mASE** | **mAOE** | **mAVE** | **mAAE** |
| ------- | ------- | -------- | -------- | -------- | -------- | -------- |
| 0.4553    | 0.3007    | 0.6679     | 0.2720     | 0.4570     | 0.3545     | 0.1994     |

#### Severity mid

Evaluating Results

| **NDS** | **mAP** | **mATE** | **mASE** | **mAOE** | **mAVE** | **mAAE** |
| ------- | ------- | -------- | -------- | -------- | -------- | -------- |
| 0.3010    | 0.1606    | 0.7969     | 0.4120     | 0.5427     | 0.6356     | 0.4059     |

#### Severity hard

Evaluating Results

| **NDS** | **mAP** | **mATE** | **mASE** | **mAOE** | **mAVE** | **mAAE** |
| ------- | ------- | -------- | -------- | -------- | -------- | -------- |
| 0.0860    | 0.0277    | 0.9795     | 0.7113     | 0.8935     | 0.9633     | 0.7313     |

#### Average

| **NDS** | **mAP** | **mATE** | **mASE** | **mAOE** | **mAVE** | **mAAE** |
| ------- | ------- | -------- | -------- | -------- | -------- | -------- |
| 0.2807    | 0.1630    | 0.8148     | 0.4651     | 0.6311     | 0.6511     | 0.4455     |

### Evaluating LowLight

#### Severity easy

Evaluating Results

| **NDS** | **mAP** | **mATE** | **mASE** | **mAOE** | **mAVE** | **mAAE** |
| ------- | ------- | -------- | -------- | -------- | -------- | -------- |
| 0.1884    | 0.0608    | 0.8655     | 0.4984     | 0.7372     | 0.7880     | 0.5309     |

#### Severity mid

Evaluating Results

| **NDS** | **mAP** | **mATE** | **mASE** | **mAOE** | **mAVE** | **mAAE** |
| ------- | ------- | -------- | -------- | -------- | -------- | -------- |
| 0.1895    | 0.0612    | 0.8653     | 0.4973     | 0.7308     | 0.7813     | 0.5361     |

#### Severity hard

Evaluating Results

| **NDS** | **mAP** | **mATE** | **mASE** | **mAOE** | **mAVE** | **mAAE** |
| ------- | ------- | -------- | -------- | -------- | -------- | -------- |
| 0.0823    | 0.0357    | 0.9446     | 0.7850     | 0.9270     | 0.8853     | 0.8136     |

#### Average

| **NDS** | **mAP** | **mATE** | **mASE** | **mAOE** | **mAVE** | **mAAE** |
| ------- | ------- | -------- | -------- | -------- | -------- | -------- |
| 0.1534    | 0.0526    | 0.8918     | 0.5936     | 0.7983     | 0.8182     | 0.6269     |

Time: Sun Feb 19 14:04:30 2023

### Evaluating LowLight

#### Severity easy

Evaluating Results

| **NDS** | **mAP** | **mATE** | **mASE** | **mAOE** | **mAVE** | **mAAE** |
| ------- | ------- | -------- | -------- | -------- | -------- | -------- |
| 0.1889    | 0.0616    | 0.8687     | 0.4987     | 0.7372     | 0.7860     | 0.5287     |

#### Severity mid

Evaluating Results

| **NDS** | **mAP** | **mATE** | **mASE** | **mAOE** | **mAVE** | **mAAE** |
| ------- | ------- | -------- | -------- | -------- | -------- | -------- |
| 0.0818    | 0.0357    | 0.9454     | 0.7853     | 0.9296     | 0.8863     | 0.8138     |

#### Severity hard

Evaluating Results

| **NDS** | **mAP** | **mATE** | **mASE** | **mAOE** | **mAVE** | **mAAE** |
| ------- | ------- | -------- | -------- | -------- | -------- | -------- |
| 0.0648    | 0.0145    | 0.9549     | 0.7859     | 0.9514     | 0.9078     | 0.8245     |

#### Average

| **NDS** | **mAP** | **mATE** | **mASE** | **mAOE** | **mAVE** | **mAAE** |
| ------- | ------- | -------- | -------- | -------- | -------- | -------- |
| 0.1118    | 0.0373    | 0.9230     | 0.6900     | 0.8727     | 0.8600     | 0.7223     |

