Time: Fri Jan 27 18:03:02 2023

### Evaluating MotionBlur

#### Severity easy

Evaluating Results

| **NDS** | **mAP** | **mATE** | **mASE** | **mAOE** | **mAVE** | **mAAE** |
| ------- | ------- | -------- | -------- | -------- | -------- | -------- |
| 0.1727    | 0.0921    | 0.7926     | 0.5722     | 0.7189     | 1.4848     | 0.6500     |

#### Severity mid

Evaluating Results

| **NDS** | **mAP** | **mATE** | **mASE** | **mAOE** | **mAVE** | **mAAE** |
| ------- | ------- | -------- | -------- | -------- | -------- | -------- |
| 0.0317    | 0.0150    | 0.9636     | 0.8684     | 0.9266     | 1.0000     | 1.0000     |

#### Severity hard

Evaluating Results

| **NDS** | **mAP** | **mATE** | **mASE** | **mAOE** | **mAVE** | **mAAE** |
| ------- | ------- | -------- | -------- | -------- | -------- | -------- |
| 0.0104    | 0.0040    | 0.9788     | 0.9376     | 1.0000     | 1.0000     | 1.0000     |

#### Average

| **NDS** | **mAP** | **mATE** | **mASE** | **mAOE** | **mAVE** | **mAAE** |
| ------- | ------- | -------- | -------- | -------- | -------- | -------- |
| 0.0716    | 0.0370    | 0.9117     | 0.7927     | 0.8818     | 1.1616     | 0.8833     |

### Evaluating Fog

#### Severity easy

Evaluating Results

| **NDS** | **mAP** | **mATE** | **mASE** | **mAOE** | **mAVE** | **mAAE** |
| ------- | ------- | -------- | -------- | -------- | -------- | -------- |
| 0.1013    | 0.0569    | 0.8731     | 0.7200     | 0.8629     | 1.0581     | 0.8156     |

#### Severity mid

Evaluating Results

| **NDS** | **mAP** | **mATE** | **mASE** | **mAOE** | **mAVE** | **mAAE** |
| ------- | ------- | -------- | -------- | -------- | -------- | -------- |
| 0.0899    | 0.0385    | 0.8895     | 0.7201     | 0.8703     | 1.0551     | 0.8135     |

#### Severity hard

Evaluating Results

| **NDS** | **mAP** | **mATE** | **mASE** | **mAOE** | **mAVE** | **mAAE** |
| ------- | ------- | -------- | -------- | -------- | -------- | -------- |
| 0.0817    | 0.0265    | 0.9056     | 0.7200     | 0.8769     | 1.0560     | 0.8129     |

#### Average

| **NDS** | **mAP** | **mATE** | **mASE** | **mAOE** | **mAVE** | **mAAE** |
| ------- | ------- | -------- | -------- | -------- | -------- | -------- |
| 0.0910    | 0.0406    | 0.8894     | 0.7200     | 0.8700     | 1.0564     | 0.8140     |

### Evaluating Snow

#### Severity easy

Evaluating Results

| **NDS** | **mAP** | **mATE** | **mASE** | **mAOE** | **mAVE** | **mAAE** |
| ------- | ------- | -------- | -------- | -------- | -------- | -------- |
| 0.0097    | 0.0031    | 0.9792     | 0.9392     | 1.0000     | 1.0000     | 1.0000     |

#### Severity mid

Evaluating Results

| **NDS** | **mAP** | **mATE** | **mASE** | **mAOE** | **mAVE** | **mAAE** |
| ------- | ------- | -------- | -------- | -------- | -------- | -------- |
| 0.0000    | 0.0000    | 1.0000     | 1.0000     | 1.0000     | 1.0000     | 1.0000     |

#### Severity hard

Evaluating Results

| **NDS** | **mAP** | **mATE** | **mASE** | **mAOE** | **mAVE** | **mAAE** |
| ------- | ------- | -------- | -------- | -------- | -------- | -------- |
| 0.0000    | 0.0000    | 1.0000     | 1.0000     | 1.0000     | 1.0000     | 1.0000     |

#### Average

| **NDS** | **mAP** | **mATE** | **mASE** | **mAOE** | **mAVE** | **mAAE** |
| ------- | ------- | -------- | -------- | -------- | -------- | -------- |
| 0.0032    | 0.0010    | 0.9931     | 0.9797     | 1.0000     | 1.0000     | 1.0000     |

### Evaluating ColorQuant

#### Severity easy

Evaluating Results

| **NDS** | **mAP** | **mATE** | **mASE** | **mAOE** | **mAVE** | **mAAE** |
| ------- | ------- | -------- | -------- | -------- | -------- | -------- |
| 0.0837    | 0.0355    | 0.9130     | 0.7279     | 0.8779     | 1.0838     | 0.8211     |

#### Severity mid

Evaluating Results

| **NDS** | **mAP** | **mATE** | **mASE** | **mAOE** | **mAVE** | **mAAE** |
| ------- | ------- | -------- | -------- | -------- | -------- | -------- |
| 0.0000    | 0.0000    | 1.0000     | 1.0000     | 1.0000     | 1.0000     | 1.0000     |

#### Severity hard

