Time: Fri Jan 27 17:36:37 2023

### Evaluating MotionBlur

#### Severity easy

Evaluating Results

| **NDS** | **mAP** | **mATE** | **mASE** | **mAOE** | **mAVE** | **mAAE** |
| ------- | ------- | -------- | -------- | -------- | -------- | -------- |
| 0.4139    | 0.2568    | 0.7438     | 0.2867     | 0.4955     | 0.4274     | 0.1917     |

#### Severity mid

Evaluating Results

| **NDS** | **mAP** | **mATE** | **mASE** | **mAOE** | **mAVE** | **mAAE** |
| ------- | ------- | -------- | -------- | -------- | -------- | -------- |
| 0.2281    | 0.1131    | 0.8005     | 0.4239     | 0.6969     | 0.9409     | 0.4229     |

#### Severity hard

Evaluating Results

| **NDS** | **mAP** | **mATE** | **mASE** | **mAOE** | **mAVE** | **mAAE** |
| ------- | ------- | -------- | -------- | -------- | -------- | -------- |
| 0.1523    | 0.0668    | 0.8975     | 0.5702     | 0.6900     | 1.0627     | 0.6530     |

#### Average

| **NDS** | **mAP** | **mATE** | **mASE** | **mAOE** | **mAVE** | **mAAE** |
| ------- | ------- | -------- | -------- | -------- | -------- | -------- |
| 0.2647    | 0.1456    | 0.8139     | 0.4269     | 0.6275     | 0.8103     | 0.4225     |

### Evaluating Fog

#### Severity easy

Evaluating Results

| **NDS** | **mAP** | **mATE** | **mASE** | **mAOE** | **mAVE** | **mAAE** |
| ------- | ------- | -------- | -------- | -------- | -------- | -------- |
| 0.3297    | 0.1721    | 0.8259     | 0.3396     | 0.5572     | 0.5544     | 0.2863     |

#### Severity mid

Evaluating Results

| **NDS** | **mAP** | **mATE** | **mASE** | **mAOE** | **mAVE** | **mAAE** |
| ------- | ------- | -------- | -------- | -------- | -------- | -------- |
| 0.2655    | 0.1323    | 0.8435     | 0.4215     | 0.6340     | 0.6928     | 0.4147     |

#### Severity hard

Evaluating Results

| **NDS** | **mAP** | **mATE** | **mASE** | **mAOE** | **mAVE** | **mAAE** |
| ------- | ------- | -------- | -------- | -------- | -------- | -------- |
| 0.2392    | 0.1001    | 0.8707     | 0.4289     | 0.6493     | 0.7316     | 0.4281     |

#### Average

| **NDS** | **mAP** | **mATE** | **mASE** | **mAOE** | **mAVE** | **mAAE** |
| ------- | ------- | -------- | -------- | -------- | -------- | -------- |
| 0.2781    | 0.1348    | 0.8467     | 0.3967     | 0.6135     | 0.6596     | 0.3764     |

### Evaluating Snow

#### Severity easy

Evaluating Results

| **NDS** | **mAP** | **mATE** | **mASE** | **mAOE** | **mAVE** | **mAAE** |
| ------- | ------- | -------- | -------- | -------- | -------- | -------- |
| 0.0381    | 0.0116    | 0.9676     | 0.8715     | 0.9468     | 0.9868     | 0.9046     |

#### Severity mid

Evaluating Results

| **NDS** | **mAP** | **mATE** | **mASE** | **mAOE** | **mAVE** | **mAAE** |
| ------- | ------- | -------- | -------- | -------- | -------- | -------- |
| 0.0259    | 0.0031    | 0.9844     | 0.8696     | 0.9878     | 1.0358     | 0.9147     |

#### Severity hard

Evaluating Results

| **NDS** | **mAP** | **mATE** | **mASE** | **mAOE** | **mAVE** | **mAAE** |
| ------- | ------- | -------- | -------- | -------- | -------- | -------- |
| 0.0000    | 0.0000    | 1.0000     | 1.0000     | 1.0000     | 1.0000     | 1.0000     |

#### Average

| **NDS** | **mAP** | **mATE** | **mASE** | **mAOE** | **mAVE** | **mAAE** |
| ------- | ------- | -------- | -------- | -------- | -------- | -------- |
| 0.0213    | 0.0049    | 0.9840     | 0.9137     | 0.9782     | 1.0075     | 0.9398     |

### Evaluating ColorQuant

#### Severity easy

Evaluating Results

| **NDS** | **mAP** | **mATE** | **mASE** | **mAOE** | **mAVE** | **mAAE** |
| ------- | ------- | -------- | -------- | -------- | -------- | -------- |
| 0.2760    | 0.1487    | 0.8523     | 0.4235     | 0.6118     | 0.6739     | 0.4225     |

#### Severity mid

Evaluating Results

| **NDS** | **mAP** | **mATE** | **mASE** | **mAOE** | **mAVE** | **mAAE** |
| ------- | ------- | -------- | -------- | -------- | -------- | -------- |
| 0.0000    | 0.0000    | 1.0000     | 1.0000     | 1.0000     | 1.0000     | 1.0000     |

#### Severity hard

Time: Wed Feb  1 16:19:13 2023

### Evaluating ColorQuant

#### Severity easy

Evaluating Results

| **NDS** | **mAP** | **mATE** | **mASE** | **mAOE** | **mAVE** | **mAAE** |
| ------- | ------- | -------- | -------- | -------- | -------- | -------- |
| 0.2760    | 0.1487    | 0.8523     | 0.4235     | 0.6118     | 0.6739     | 0.4225     |

#### Severity mid

Evaluating Results

| **NDS** | **mAP** | **mATE** | **mASE** | **mAOE** | **mAVE** | **mAAE** |
| ------- | ------- | -------- | -------- | -------- | -------- | -------- |
| 0.0000    | 0.0000    | 1.0000     | 1.0000     | 1.0000     | 1.0000     | 1.0000     |

#### Severity hard

Evaluating Results

| **NDS** | **mAP** | **mATE** | **mASE** | **mAOE** | **mAVE** | **mAAE** |
| ------- | ------- | -------- | -------- | -------- | -------- | -------- |
| 0.0000    | 0.0000    | 1.0000     | 1.0000     | 1.0000     | 1.0000     | 1.0000     |

#### Average

| **NDS** | **mAP** | **mATE** | **mASE** | **mAOE** | **mAVE** | **mAAE** |
| ------- | ------- | -------- | -------- | -------- | -------- | -------- |
| 0.0920    | 0.0496    | 0.9508     | 0.8078     | 0.8706     | 0.8913     | 0.8075     |

### Evaluating Brightness

#### Severity easy

Evaluating Results

| **NDS** | **mAP** | **mATE** | **mASE** | **mAOE** | **mAVE** | **mAAE** |
| ------- | ------- | -------- | -------- | -------- | -------- | -------- |
| 0.3697    | 0.2385    | 0.7157     | 0.3664     | 0.5749     | 0.5122     | 0.3269     |

#### Severity mid

Evaluating Results

| **NDS** | **mAP** | **mATE** | **mASE** | **mAOE** | **mAVE** | **mAAE** |
| ------- | ------- | -------- | -------- | -------- | -------- | -------- |
| 0.2623    | 0.1368    | 0.8140     | 0.4242     | 0.6759     | 0.7325     | 0.4148     |

#### Severity hard

Evaluating Results

| **NDS** | **mAP** | **mATE** | **mASE** | **mAOE** | **mAVE** | **mAAE** |
| ------- | ------- | -------- | -------- | -------- | -------- | -------- |
| 0.1648    | 0.0783    | 0.9064     | 0.5737     | 0.7889     | 0.8639     | 0.6103     |

#### Average

| **NDS** | **mAP** | **mATE** | **mASE** | **mAOE** | **mAVE** | **mAAE** |
| ------- | ------- | -------- | -------- | -------- | -------- | -------- |
| 0.2656    | 0.1512    | 0.8120     | 0.4548     | 0.6799     | 0.7029     | 0.4507     |

### Evaluating LowLight

#### Severity easy

Evaluating Results

| **NDS** | **mAP** | **mATE** | **mASE** | **mAOE** | **mAVE** | **mAAE** |
| ------- | ------- | -------- | -------- | -------- | -------- | -------- |
| 0.0717    | 0.0375    | 0.9709     | 0.7919     | 0.9600     | 0.9261     | 0.8222     |

#### Severity mid

Evaluating Results

| **NDS** | **mAP** | **mATE** | **mASE** | **mAOE** | **mAVE** | **mAAE** |
| ------- | ------- | -------- | -------- | -------- | -------- | -------- |
| 0.0589    | 0.0242    | 0.9749     | 0.7932     | 0.9911     | 0.9422     | 0.8307     |

#### Severity hard

Evaluating Results

| **NDS** | **mAP** | **mATE** | **mASE** | **mAOE** | **mAVE** | **mAAE** |
| ------- | ------- | -------- | -------- | -------- | -------- | -------- |
| 0.0465    | 0.0087    | 0.9785     | 0.7929     | 1.0320     | 0.9667     | 0.8406     |

#### Average

| **NDS** | **mAP** | **mATE** | **mASE** | **mAOE** | **mAVE** | **mAAE** |
| ------- | ------- | -------- | -------- | -------- | -------- | -------- |
| 0.0590    | 0.0235    | 0.9748     | 0.7927     | 0.9944     | 0.9450     | 0.8312     |

### Evaluating CameraCrash

#### Severity easy

Evaluating Results

| **NDS** | **mAP** | **mATE** | **mASE** | **mAOE** | **mAVE** | **mAAE** |
| ------- | ------- | -------- | -------- | -------- | -------- | -------- |
| 0.3886    | 0.1928    | 0.7212     | 0.2857     | 0.5062     | 0.3777     | 0.1876     |

#### Severity mid

Evaluating Results

| **NDS** | **mAP** | **mATE** | **mASE** | **mAOE** | **mAVE** | **mAAE** |
| ------- | ------- | -------- | -------- | -------- | -------- | -------- |
| 0.2973    | 0.0890    | 0.7908     | 0.3478     | 0.5551     | 0.5042     | 0.2746     |

#### Severity hard

Evaluating Results

| **NDS** | **mAP** | **mATE** | **mASE** | **mAOE** | **mAVE** | **mAAE** |
| ------- | ------- | -------- | -------- | -------- | -------- | -------- |
| 0.2685    | 0.0834    | 0.7221     | 0.4301     | 0.5823     | 0.6103     | 0.3878     |

#### Average

| **NDS** | **mAP** | **mATE** | **mASE** | **mAOE** | **mAVE** | **mAAE** |
| ------- | ------- | -------- | -------- | -------- | -------- | -------- |
| 0.3181    | 0.1218    | 0.7447     | 0.3545     | 0.5479     | 0.4974     | 0.2833     |

### Evaluating FrameLost

#### Severity easy

Evaluating Results

| **NDS** | **mAP** | **mATE** | **mASE** | **mAOE** | **mAVE** | **mAAE** |
| ------- | ------- | -------- | -------- | -------- | -------- | -------- |
| 0.4131    | 0.2628    | 0.7314     | 0.2878     | 0.5277     | 0.4371     | 0.1990     |

#### Severity mid

Evaluating Results

| **NDS** | **mAP** | **mATE** | **mASE** | **mAOE** | **mAVE** | **mAAE** |
| ------- | ------- | -------- | -------- | -------- | -------- | -------- |
| 0.3025    | 0.1287    | 0.8078     | 0.3129     | 0.6440     | 0.6379     | 0.2159     |

#### Severity hard

Evaluating Results

| **NDS** | **mAP** | **mATE** | **mASE** | **mAOE** | **mAVE** | **mAAE** |
| ------- | ------- | -------- | -------- | -------- | -------- | -------- |
| 0.1956    | 0.0482    | 0.8283     | 0.4527     | 0.6934     | 0.8722     | 0.4384     |

#### Average

| **NDS** | **mAP** | **mATE** | **mASE** | **mAOE** | **mAVE** | **mAAE** |
| ------- | ------- | -------- | -------- | -------- | -------- | -------- |
| 0.3037    | 0.1466    | 0.7892     | 0.3511     | 0.6217     | 0.6491     | 0.2844     |

