Time: Mon Feb 13 16:08:44 2023

### Evaluating Snow

#### Severity easy

Evaluating Results

| **NDS** | **mAP** | **mATE** | **mASE** | **mAOE** | **mAVE** | **mAAE** |
| ------- | ------- | -------- | -------- | -------- | -------- | -------- |
| 0.0181    | 0.0045    | 0.9994     | 0.9203     | 0.9818     | 1.2245     | 0.9399     |

#### Severity mid

Evaluating Results

| **NDS** | **mAP** | **mATE** | **mASE** | **mAOE** | **mAVE** | **mAAE** |
| ------- | ------- | -------- | -------- | -------- | -------- | -------- |
| 0.0001    | 0.0001    | 1.0000     | 1.0000     | 1.0000     | 1.0000     | 1.0000     |

#### Severity hard

Evaluating Results

| **NDS** | **mAP** | **mATE** | **mASE** | **mAOE** | **mAVE** | **mAAE** |
| ------- | ------- | -------- | -------- | -------- | -------- | -------- |
| 0.0139    | 0.0007    | 1.0068     | 0.9202     | 1.0087     | 1.2711     | 0.9436     |

#### Average

| **NDS** | **mAP** | **mATE** | **mASE** | **mAOE** | **mAVE** | **mAAE** |
| ------- | ------- | -------- | -------- | -------- | -------- | -------- |
| 0.0107    | 0.0017    | 1.0021     | 0.9468     | 0.9968     | 1.1652     | 0.9612     |

### Evaluating ColorQuant

#### Severity easy

Evaluating Results

| **NDS** | **mAP** | **mATE** | **mASE** | **mAOE** | **mAVE** | **mAAE** |
| ------- | ------- | -------- | -------- | -------- | -------- | -------- |
| 0.1301    | 0.0647    | 0.8621     | 0.5994     | 0.8774     | 1.1694     | 0.6839     |

#### Severity mid

Evaluating Results

| **NDS** | **mAP** | **mATE** | **mASE** | **mAOE** | **mAVE** | **mAAE** |
| ------- | ------- | -------- | -------- | -------- | -------- | -------- |
| 0.0481    | 0.0290    | 0.9708     | 0.8001     | 1.0287     | 1.2546     | 0.8931     |

#### Severity hard

Evaluating Results

| **NDS** | **mAP** | **mATE** | **mASE** | **mAOE** | **mAVE** | **mAAE** |
| ------- | ------- | -------- | -------- | -------- | -------- | -------- |
| 0.0144    | 0.0014    | 1.0106     | 0.9209     | 1.0109     | 1.3283     | 0.9420     |

#### Average

| **NDS** | **mAP** | **mATE** | **mASE** | **mAOE** | **mAVE** | **mAAE** |
| ------- | ------- | -------- | -------- | -------- | -------- | -------- |
| 0.0642    | 0.0317    | 0.9478     | 0.7735     | 0.9723     | 1.2508     | 0.8397     |

### Evaluating LowLight

#### Severity easy

Evaluating Results

| **NDS** | **mAP** | **mATE** | **mASE** | **mAOE** | **mAVE** | **mAAE** |
| ------- | ------- | -------- | -------- | -------- | -------- | -------- |
| 0.0151    | 0.0011    | 1.0136     | 0.9208     | 1.0000     | 1.1605     | 0.9333     |

#### Severity mid

Evaluating Results

| **NDS** | **mAP** | **mATE** | **mASE** | **mAOE** | **mAVE** | **mAAE** |
| ------- | ------- | -------- | -------- | -------- | -------- | -------- |
| 0.0151    | 0.0011    | 1.0133     | 0.9208     | 0.9999     | 1.1614     | 0.9333     |

#### Severity hard

Evaluating Results

| **NDS** | **mAP** | **mATE** | **mASE** | **mAOE** | **mAVE** | **mAAE** |
| ------- | ------- | -------- | -------- | -------- | -------- | -------- |
| 0.0146    | 0.0005    | 1.0160     | 0.9213     | 1.0155     | 1.1577     | 0.9351     |

#### Average

| **NDS** | **mAP** | **mATE** | **mASE** | **mAOE** | **mAVE** | **mAAE** |
| ------- | ------- | -------- | -------- | -------- | -------- | -------- |
| 0.0149    | 0.0009    | 1.0143     | 0.9210     | 1.0051     | 1.1599     | 0.9339     |

