Time: Thu Apr  6 11:46:46 2023

### Evaluating Clean

Evaluating Results

| **NDS** | **mAP** | **mATE** | **mASE** | **mAOE** | **mAVE** | **mAAE** |
| ------- | ------- | -------- | -------- | -------- | -------- | -------- |
| 0.7137    | 0.6852    | 0.2876     | 0.2539     | 0.3046     | 0.2554     | 0.1872     |

### Evaluating CameraCrash

#### Severity easy

Evaluating Results

| **NDS** | **mAP** | **mATE** | **mASE** | **mAOE** | **mAVE** | **mAAE** |
| ------- | ------- | -------- | -------- | -------- | -------- | -------- |
| 0.7044    | 0.6667    | 0.2883     | 0.2560     | 0.3040     | 0.2570     | 0.1841     |

#### Severity mid

Evaluating Results

| **NDS** | **mAP** | **mATE** | **mASE** | **mAOE** | **mAVE** | **mAAE** |
| ------- | ------- | -------- | -------- | -------- | -------- | -------- |
| 0.6946    | 0.6511    | 0.2945     | 0.2567     | 0.3082     | 0.2644     | 0.1855     |

#### Severity hard

Evaluating Results

| **NDS** | **mAP** | **mATE** | **mASE** | **mAOE** | **mAVE** | **mAAE** |
| ------- | ------- | -------- | -------- | -------- | -------- | -------- |
| 0.6898    | 0.6398    | 0.2920     | 0.2569     | 0.3086     | 0.2594     | 0.1846     |

#### Average

| **NDS** | **mAP** | **mATE** | **mASE** | **mAOE** | **mAVE** | **mAAE** |
| ------- | ------- | -------- | -------- | -------- | -------- | -------- |
| 0.6963    | 0.6525    | 0.2916     | 0.2565     | 0.3069     | 0.2603     | 0.1847     |

### Evaluating FrameLost

#### Severity easy

Evaluating Results

| **NDS** | **mAP** | **mATE** | **mASE** | **mAOE** | **mAVE** | **mAAE** |
| ------- | ------- | -------- | -------- | -------- | -------- | -------- |
| 0.7027    | 0.6643    | 0.2904     | 0.2557     | 0.3049     | 0.2580     | 0.1852     |

#### Severity mid

Evaluating Results

| **NDS** | **mAP** | **mATE** | **mASE** | **mAOE** | **mAVE** | **mAAE** |
| ------- | ------- | -------- | -------- | -------- | -------- | -------- |
| 0.6903    | 0.6438    | 0.2946     | 0.2575     | 0.3141     | 0.2659     | 0.1835     |

#### Severity hard

Evaluating Results

| **NDS** | **mAP** | **mATE** | **mASE** | **mAOE** | **mAVE** | **mAAE** |
| ------- | ------- | -------- | -------- | -------- | -------- | -------- |
| 0.6862    | 0.6354    | 0.2932     | 0.2587     | 0.3146     | 0.2646     | 0.1832     |

#### Average

| **NDS** | **mAP** | **mATE** | **mASE** | **mAOE** | **mAVE** | **mAAE** |
| ------- | ------- | -------- | -------- | -------- | -------- | -------- |
| 0.6931    | 0.6478    | 0.2927     | 0.2573     | 0.3112     | 0.2628     | 0.1840     |

### Evaluating MotionBlur

#### Severity easy

Evaluating Results

| **NDS** | **mAP** | **mATE** | **mASE** | **mAOE** | **mAVE** | **mAAE** |
| ------- | ------- | -------- | -------- | -------- | -------- | -------- |
| 0.7091    | 0.6765    | 0.2867     | 0.2545     | 0.3117     | 0.2544     | 0.1840     |

#### Severity mid

Evaluating Results

| **NDS** | **mAP** | **mATE** | **mASE** | **mAOE** | **mAVE** | **mAAE** |
| ------- | ------- | -------- | -------- | -------- | -------- | -------- |
| 0.6952    | 0.6500    | 0.2881     | 0.2563     | 0.3083     | 0.2594     | 0.1858     |

#### Severity hard

Evaluating Results

| **NDS** | **mAP** | **mATE** | **mASE** | **mAOE** | **mAVE** | **mAAE** |
| ------- | ------- | -------- | -------- | -------- | -------- | -------- |
| 0.6889    | 0.6406    | 0.2906     | 0.2572     | 0.3148     | 0.2655     | 0.1860     |

#### Average

| **NDS** | **mAP** | **mATE** | **mASE** | **mAOE** | **mAVE** | **mAAE** |
| ------- | ------- | -------- | -------- | -------- | -------- | -------- |
| 0.6977    | 0.6557    | 0.2885     | 0.2560     | 0.3116     | 0.2598     | 0.1853     |

### Evaluating ColorQuant

#### Severity easy

Evaluating Results

| **NDS** | **mAP** | **mATE** | **mASE** | **mAOE** | **mAVE** | **mAAE** |
| ------- | ------- | -------- | -------- | -------- | -------- | -------- |
| 0.7122    | 0.6818    | 0.2876     | 0.2544     | 0.3000     | 0.2557     | 0.1889     |

#### Severity mid

Evaluating Results

| **NDS** | **mAP** | **mATE** | **mASE** | **mAOE** | **mAVE** | **mAAE** |
| ------- | ------- | -------- | -------- | -------- | -------- | -------- |
| 0.7076    | 0.6714    | 0.2889     | 0.2556     | 0.2925     | 0.2560     | 0.1880     |

#### Severity hard

Evaluating Results

| **NDS** | **mAP** | **mATE** | **mASE** | **mAOE** | **mAVE** | **mAAE** |
| ------- | ------- | -------- | -------- | -------- | -------- | -------- |
| 0.6934    | 0.6461    | 0.2894     | 0.2558     | 0.3016     | 0.2591     | 0.1904     |

#### Average

| **NDS** | **mAP** | **mATE** | **mASE** | **mAOE** | **mAVE** | **mAAE** |
| ------- | ------- | -------- | -------- | -------- | -------- | -------- |
| 0.7044    | 0.6665    | 0.2886     | 0.2553     | 0.2980     | 0.2569     | 0.1891     |

### Evaluating Brightness

#### Severity easy

Evaluating Results

| **NDS** | **mAP** | **mATE** | **mASE** | **mAOE** | **mAVE** | **mAAE** |
| ------- | ------- | -------- | -------- | -------- | -------- | -------- |
| 0.7082    | 0.6760    | 0.2918     | 0.2556     | 0.3040     | 0.2593     | 0.1869     |

#### Severity mid

Evaluating Results

| **NDS** | **mAP** | **mATE** | **mASE** | **mAOE** | **mAVE** | **mAAE** |
| ------- | ------- | -------- | -------- | -------- | -------- | -------- |
| 0.7000    | 0.6585    | 0.2932     | 0.2567     | 0.2989     | 0.2596     | 0.1840     |

#### Severity hard

Evaluating Results

| **NDS** | **mAP** | **mATE** | **mASE** | **mAOE** | **mAVE** | **mAAE** |
| ------- | ------- | -------- | -------- | -------- | -------- | -------- |
| 0.6971    | 0.6521    | 0.2927     | 0.2576     | 0.2958     | 0.2590     | 0.1846     |

#### Average

| **NDS** | **mAP** | **mATE** | **mASE** | **mAOE** | **mAVE** | **mAAE** |
| ------- | ------- | -------- | -------- | -------- | -------- | -------- |
| 0.7018    | 0.6622    | 0.2926     | 0.2566     | 0.2996     | 0.2593     | 0.1852     |

### Evaluating LowLight

#### Severity easy

Evaluating Results

| **NDS** | **mAP** | **mATE** | **mASE** | **mAOE** | **mAVE** | **mAAE** |
| ------- | ------- | -------- | -------- | -------- | -------- | -------- |
| 0.6875    | 0.6360    | 0.2923     | 0.2589     | 0.2989     | 0.2647     | 0.1897     |

#### Severity mid

Evaluating Results

| **NDS** | **mAP** | **mATE** | **mASE** | **mAOE** | **mAVE** | **mAAE** |
| ------- | ------- | -------- | -------- | -------- | -------- | -------- |
| 0.6805    | 0.6232    | 0.2925     | 0.2594     | 0.2972     | 0.2715     | 0.1897     |

#### Severity hard

Evaluating Results

| **NDS** | **mAP** | **mATE** | **mASE** | **mAOE** | **mAVE** | **mAAE** |
| ------- | ------- | -------- | -------- | -------- | -------- | -------- |
| 0.6682    | 0.6038    | 0.2970     | 0.2617     | 0.3033     | 0.2855     | 0.1900     |

#### Average

| **NDS** | **mAP** | **mATE** | **mASE** | **mAOE** | **mAVE** | **mAAE** |
| ------- | ------- | -------- | -------- | -------- | -------- | -------- |
| 0.6787    | 0.6210    | 0.2939     | 0.2600     | 0.2998     | 0.2739     | 0.1898     |

