Time: Mon Feb 13 19:44:37 2023

### Evaluating MotionBlur

#### Severity easy

Evaluating Results

| **NDS** | **mAP** | **mATE** | **mASE** | **mAOE** | **mAVE** | **mAAE** |
| ------- | ------- | -------- | -------- | -------- | -------- | -------- |
| 0.3582    | 0.2465    | 0.8195     | 0.2883     | 0.4981     | 0.8146     | 0.2304     |

#### Severity mid

Evaluating Results

| **NDS** | **mAP** | **mATE** | **mASE** | **mAOE** | **mAVE** | **mAAE** |
| ------- | ------- | -------- | -------- | -------- | -------- | -------- |
| 0.2246    | 0.0970    | 0.9206     | 0.3333     | 0.7192     | 1.0316     | 0.2657     |

#### Severity hard

Evaluating Results

| **NDS** | **mAP** | **mATE** | **mASE** | **mAOE** | **mAVE** | **mAAE** |
| ------- | ------- | -------- | -------- | -------- | -------- | -------- |
| 0.1883    | 0.0597    | 0.9583     | 0.3575     | 0.8148     | 1.0413     | 0.2853     |

#### Average

| **NDS** | **mAP** | **mATE** | **mASE** | **mAOE** | **mAVE** | **mAAE** |
| ------- | ------- | -------- | -------- | -------- | -------- | -------- |
| 0.2570    | 0.1344    | 0.8995     | 0.3264     | 0.6774     | 0.9625     | 0.2605     |

### Evaluating Fog

#### Severity easy

Evaluating Results

| **NDS** | **mAP** | **mATE** | **mASE** | **mAOE** | **mAVE** | **mAAE** |
| ------- | ------- | -------- | -------- | -------- | -------- | -------- |
| 0.3711    | 0.2650    | 0.8033     | 0.2837     | 0.4920     | 0.8171     | 0.2176     |

#### Severity mid

Evaluating Results

| **NDS** | **mAP** | **mATE** | **mASE** | **mAOE** | **mAVE** | **mAAE** |
| ------- | ------- | -------- | -------- | -------- | -------- | -------- |
| 0.3604    | 0.2511    | 0.8082     | 0.2857     | 0.5050     | 0.8275     | 0.2246     |

#### Severity hard

Evaluating Results

| **NDS** | **mAP** | **mATE** | **mASE** | **mAOE** | **mAVE** | **mAAE** |
| ------- | ------- | -------- | -------- | -------- | -------- | -------- |
| 0.3433    | 0.2298    | 0.8279     | 0.2893     | 0.5197     | 0.8458     | 0.2332     |

#### Average

| **NDS** | **mAP** | **mATE** | **mASE** | **mAOE** | **mAVE** | **mAAE** |
| ------- | ------- | -------- | -------- | -------- | -------- | -------- |
| 0.3583    | 0.2486    | 0.8131     | 0.2862     | 0.5056     | 0.8301     | 0.2251     |

### Evaluating Snow

#### Severity easy

Evaluating Results

| **NDS** | **mAP** | **mATE** | **mASE** | **mAOE** | **mAVE** | **mAAE** |
| ------- | ------- | -------- | -------- | -------- | -------- | -------- |
| 0.2212    | 0.0951    | 0.9511     | 0.3311     | 0.6783     | 1.0630     | 0.3032     |

#### Severity mid

