Time: Thu Apr  6 10:06:26 2023

### Evaluating Clean

Evaluating Results

| **NDS** | **mAP** | **mATE** | **mASE** | **mAOE** | **mAVE** | **mAAE** |
| ------- | ------- | -------- | -------- | -------- | -------- | -------- |
| 0.4122    | 0.3556    | 0.6677     | 0.2727     | 0.5612     | 0.8955     | 0.2594     |

### Evaluating CameraCrash

#### Severity easy

Evaluating Results

| **NDS** | **mAP** | **mATE** | **mASE** | **mAOE** | **mAVE** | **mAAE** |
| ------- | ------- | -------- | -------- | -------- | -------- | -------- |
| 0.3137    | 0.1908    | 0.7159     | 0.2716     | 0.6189     | 0.9407     | 0.2697     |

#### Severity mid

Evaluating Results

| **NDS** | **mAP** | **mATE** | **mASE** | **mAOE** | **mAVE** | **mAAE** |
| ------- | ------- | -------- | -------- | -------- | -------- | -------- |
| 0.2509    | 0.0859    | 0.7500     | 0.2747     | 0.6010     | 1.0205     | 0.2944     |

#### Severity hard

Evaluating Results

| **NDS** | **mAP** | **mATE** | **mASE** | **mAOE** | **mAVE** | **mAAE** |
| ------- | ------- | -------- | -------- | -------- | -------- | -------- |
| 0.2684    | 0.0930    | 0.7370     | 0.2772     | 0.6407     | 0.8359     | 0.2897     |

#### Average

| **NDS** | **mAP** | **mATE** | **mASE** | **mAOE** | **mAVE** | **mAAE** |
| ------- | ------- | -------- | -------- | -------- | -------- | -------- |
| 0.2777    | 0.1232    | 0.7343     | 0.2745     | 0.6202     | 0.9324     | 0.2846     |

### Evaluating FrameLost

#### Severity easy

Evaluating Results

| **NDS** | **mAP** | **mATE** | **mASE** | **mAOE** | **mAVE** | **mAAE** |
| ------- | ------- | -------- | -------- | -------- | -------- | -------- |
| 0.3308    | 0.2128    | 0.7183     | 0.2716     | 0.5973     | 0.9089     | 0.2598     |

#### Severity mid

Evaluating Results

| **NDS** | **mAP** | **mATE** | **mASE** | **mAOE** | **mAVE** | **mAAE** |
| ------- | ------- | -------- | -------- | -------- | -------- | -------- |
| 0.2238    | 0.0662    | 0.7833     | 0.3263     | 0.6317     | 1.0767     | 0.3520     |

#### Severity hard

Evaluating Results

| **NDS** | **mAP** | **mATE** | **mASE** | **mAOE** | **mAVE** | **mAAE** |
| ------- | ------- | -------- | -------- | -------- | -------- | -------- |
| 0.1220    | 0.0115    | 0.8649     | 0.5526     | 0.7137     | 1.1223     | 0.7061     |

#### Average

| **NDS** | **mAP** | **mATE** | **mASE** | **mAOE** | **mAVE** | **mAAE** |
| ------- | ------- | -------- | -------- | -------- | -------- | -------- |
| 0.2255    | 0.0968    | 0.7888     | 0.3835     | 0.6476     | 1.0360     | 0.4393     |

### Evaluating MotionBlur

#### Severity easy

Evaluating Results

| **NDS** | **mAP** | **mATE** | **mASE** | **mAOE** | **mAVE** | **mAAE** |
| ------- | ------- | -------- | -------- | -------- | -------- | -------- |
| 0.3707    | 0.3018    | 0.7237     | 0.2748     | 0.5953     | 0.9422     | 0.2657     |

#### Severity mid

Evaluating Results

| **NDS** | **mAP** | **mATE** | **mASE** | **mAOE** | **mAVE** | **mAAE** |
| ------- | ------- | -------- | -------- | -------- | -------- | -------- |
| 0.2695    | 0.1631    | 0.8029     | 0.2810     | 0.7244     | 1.0163     | 0.3125     |

#### Severity hard

Evaluating Results

| **NDS** | **mAP** | **mATE** | **mASE** | **mAOE** | **mAVE** | **mAAE** |
| ------- | ------- | -------- | -------- | -------- | -------- | -------- |
| 0.1963    | 0.1035    | 0.8441     | 0.4055     | 0.7927     | 1.2178     | 0.5122     |

#### Average

| **NDS** | **mAP** | **mATE** | **mASE** | **mAOE** | **mAVE** | **mAAE** |
| ------- | ------- | -------- | -------- | -------- | -------- | -------- |
| 0.2788    | 0.1895    | 0.7902     | 0.3204     | 0.7041     | 1.0588     | 0.3635     |

### Evaluating ColorQuant

#### Severity easy

Evaluating Results

| **NDS** | **mAP** | **mATE** | **mASE** | **mAOE** | **mAVE** | **mAAE** |
| ------- | ------- | -------- | -------- | -------- | -------- | -------- |
| 0.3821    | 0.3165    | 0.6928     | 0.2748     | 0.5747     | 0.9495     | 0.2702     |

#### Severity mid

Evaluating Results

| **NDS** | **mAP** | **mATE** | **mASE** | **mAOE** | **mAVE** | **mAAE** |
| ------- | ------- | -------- | -------- | -------- | -------- | -------- |
| 0.2990    | 0.1993    | 0.7945     | 0.2857     | 0.6366     | 1.0470     | 0.2890     |

#### Severity hard

Evaluating Results

| **NDS** | **mAP** | **mATE** | **mASE** | **mAOE** | **mAVE** | **mAAE** |
| ------- | ------- | -------- | -------- | -------- | -------- | -------- |
| 0.1478    | 0.0531    | 0.9861     | 0.4318     | 0.8384     | 1.3793     | 0.5306     |

#### Average

| **NDS** | **mAP** | **mATE** | **mASE** | **mAOE** | **mAVE** | **mAAE** |
| ------- | ------- | -------- | -------- | -------- | -------- | -------- |
| 0.2763    | 0.1896    | 0.8245     | 0.3308     | 0.6832     | 1.1253     | 0.3633     |

### Evaluating Brightness

#### Severity easy

Evaluating Results

| **NDS** | **mAP** | **mATE** | **mASE** | **mAOE** | **mAVE** | **mAAE** |
| ------- | ------- | -------- | -------- | -------- | -------- | -------- |
| 0.3579    | 0.2925    | 0.7268     | 0.2816     | 0.5994     | 1.0685     | 0.2754     |

#### Severity mid

Evaluating Results

| **NDS** | **mAP** | **mATE** | **mASE** | **mAOE** | **mAVE** | **mAAE** |
| ------- | ------- | -------- | -------- | -------- | -------- | -------- |
| 0.2733    | 0.2011    | 0.7903     | 0.3640     | 0.7303     | 1.2392     | 0.3881     |

#### Severity hard

Evaluating Results

| **NDS** | **mAP** | **mATE** | **mASE** | **mAOE** | **mAVE** | **mAAE** |
| ------- | ------- | -------- | -------- | -------- | -------- | -------- |
| 0.2392    | 0.1537    | 0.8400     | 0.3715     | 0.7793     | 1.3150     | 0.3855     |

#### Average

| **NDS** | **mAP** | **mATE** | **mASE** | **mAOE** | **mAVE** | **mAAE** |
| ------- | ------- | -------- | -------- | -------- | -------- | -------- |
| 0.2902    | 0.2158    | 0.7857     | 0.3390     | 0.7030     | 1.2076     | 0.3497     |

### Evaluating LowLight

#### Severity easy

Evaluating Results

| **NDS** | **mAP** | **mATE** | **mASE** | **mAOE** | **mAVE** | **mAAE** |
| ------- | ------- | -------- | -------- | -------- | -------- | -------- |
| 0.1552    | 0.0645    | 0.9514     | 0.4168     | 0.8588     | 1.4046     | 0.5438     |

#### Severity mid

Evaluating Results

| **NDS** | **mAP** | **mATE** | **mASE** | **mAOE** | **mAVE** | **mAAE** |
| ------- | ------- | -------- | -------- | -------- | -------- | -------- |
| 0.1178    | 0.0433    | 0.9656     | 0.5019     | 0.9491     | 1.1622     | 0.6220     |

#### Severity hard

Evaluating Results

| **NDS** | **mAP** | **mATE** | **mASE** | **mAOE** | **mAVE** | **mAAE** |
| ------- | ------- | -------- | -------- | -------- | -------- | -------- |
| 0.0497    | 0.0186    | 0.9951     | 0.7199     | 0.9757     | 1.1210     | 0.9055     |

#### Average

| **NDS** | **mAP** | **mATE** | **mASE** | **mAOE** | **mAVE** | **mAAE** |
| ------- | ------- | -------- | -------- | -------- | -------- | -------- |
| 0.1076    | 0.0422    | 0.9707     | 0.5462     | 0.9279     | 1.2293     | 0.6904     |

Time: Thu Apr  6 14:32:09 2023

### Evaluating Fog

#### Severity easy

Evaluating Results

| **NDS** | **mAP** | **mATE** | **mASE** | **mAOE** | **mAVE** | **mAAE** |
| ------- | ------- | -------- | -------- | -------- | -------- | -------- |
| 0.3347    | 0.2489    | 0.7846     | 0.2797     | 0.6110     | 0.9490     | 0.2729     |

#### Severity mid

Evaluating Results

| **NDS** | **mAP** | **mATE** | **mASE** | **mAOE** | **mAVE** | **mAAE** |
| ------- | ------- | -------- | -------- | -------- | -------- | -------- |
| 0.3036    | 0.2077    | 0.8254     | 0.2828     | 0.6288     | 0.9917     | 0.2737     |

#### Severity hard

Evaluating Results

| **NDS** | **mAP** | **mATE** | **mASE** | **mAOE** | **mAVE** | **mAAE** |
| ------- | ------- | -------- | -------- | -------- | -------- | -------- |
| 0.2741    | 0.1685    | 0.8583     | 0.2861     | 0.6722     | 1.0604     | 0.2855     |

#### Average

| **NDS** | **mAP** | **mATE** | **mASE** | **mAOE** | **mAVE** | **mAAE** |
| ------- | ------- | -------- | -------- | -------- | -------- | -------- |
| 0.3041    | 0.2084    | 0.8228     | 0.2829     | 0.6373     | 1.0004     | 0.2774     |

### Evaluating Snow

#### Severity easy

Evaluating Results

| **NDS** | **mAP** | **mATE** | **mASE** | **mAOE** | **mAVE** | **mAAE** |
| ------- | ------- | -------- | -------- | -------- | -------- | -------- |
| 0.2176    | 0.1355    | 0.8505     | 0.4126     | 0.7409     | 1.2643     | 0.4978     |

#### Severity mid

Evaluating Results

| **NDS** | **mAP** | **mATE** | **mASE** | **mAOE** | **mAVE** | **mAAE** |
| ------- | ------- | -------- | -------- | -------- | -------- | -------- |
| 0.1096    | 0.0484    | 0.9359     | 0.5794     | 0.9024     | 1.3256     | 0.7289     |

#### Severity hard

Evaluating Results

| **NDS** | **mAP** | **mATE** | **mASE** | **mAOE** | **mAVE** | **mAAE** |
| ------- | ------- | -------- | -------- | -------- | -------- | -------- |
| 0.1111    | 0.0521    | 0.9440     | 0.5793     | 0.8955     | 1.2709     | 0.7311     |

#### Average

| **NDS** | **mAP** | **mATE** | **mASE** | **mAOE** | **mAVE** | **mAAE** |
| ------- | ------- | -------- | -------- | -------- | -------- | -------- |
| 0.1461    | 0.0787    | 0.9101     | 0.5238     | 0.8463     | 1.2869     | 0.6526     |

