Time: Sun Feb 12 10:05:19 2023

### Evaluating Snow

#### Severity easy

Evaluating Results

| **NDS** | **mAP** | **mATE** | **mASE** | **mAOE** | **mAVE** | **mAAE** |
| ------- | ------- | -------- | -------- | -------- | -------- | -------- |
| 0.2220    | 0.1000    | 0.9313     | 0.3396     | 0.6921     | 1.2098     | 0.3171     |

#### Severity mid

Evaluating Results

| **NDS** | **mAP** | **mATE** | **mASE** | **mAOE** | **mAVE** | **mAAE** |
| ------- | ------- | -------- | -------- | -------- | -------- | -------- |
| 0.1643    | 0.0577    | 0.9428     | 0.4214     | 0.8296     | 1.2669     | 0.4514     |

#### Severity hard

Evaluating Results

| **NDS** | **mAP** | **mATE** | **mASE** | **mAOE** | **mAVE** | **mAAE** |
| ------- | ------- | -------- | -------- | -------- | -------- | -------- |
| 0.1515    | 0.0484    | 0.9675     | 0.4251     | 0.8796     | 1.2805     | 0.4549     |

#### Average

| **NDS** | **mAP** | **mATE** | **mASE** | **mAOE** | **mAVE** | **mAAE** |
| ------- | ------- | -------- | -------- | -------- | -------- | -------- |
| 0.1793    | 0.0687    | 0.9472     | 0.3954     | 0.8004     | 1.2524     | 0.4078     |

### Evaluating ColorQuant

#### Severity easy

Evaluating Results

| **NDS** | **mAP** | **mATE** | **mASE** | **mAOE** | **mAVE** | **mAAE** |
| ------- | ------- | -------- | -------- | -------- | -------- | -------- |
| 0.3939    | 0.3216    | 0.7708     | 0.2834     | 0.4628     | 0.9235     | 0.2279     |

#### Severity mid

Evaluating Results

| **NDS** | **mAP** | **mATE** | **mASE** | **mAOE** | **mAVE** | **mAAE** |
| ------- | ------- | -------- | -------- | -------- | -------- | -------- |
| 0.3299    | 0.2385    | 0.8299     | 0.2919     | 0.5330     | 0.9929     | 0.2462     |

#### Severity hard

Evaluating Results

| **NDS** | **mAP** | **mATE** | **mASE** | **mAOE** | **mAVE** | **mAAE** |
| ------- | ------- | -------- | -------- | -------- | -------- | -------- |
| 0.2382    | 0.1127    | 0.9456     | 0.3222     | 0.6309     | 1.0844     | 0.2825     |

#### Average

| **NDS** | **mAP** | **mATE** | **mASE** | **mAOE** | **mAVE** | **mAAE** |
| ------- | ------- | -------- | -------- | -------- | -------- | -------- |
| 0.3207    | 0.2243    | 0.8488     | 0.2992     | 0.5422     | 1.0003     | 0.2522     |

### Evaluating LowLight

#### Severity easy

Evaluating Results

| **NDS** | **mAP** | **mATE** | **mASE** | **mAOE** | **mAVE** | **mAAE** |
| ------- | ------- | -------- | -------- | -------- | -------- | -------- |
| 0.2948    | 0.1967    | 0.8265     | 0.3048     | 0.6348     | 1.1158     | 0.2701     |

#### Severity mid

Evaluating Results

| **NDS** | **mAP** | **mATE** | **mASE** | **mAOE** | **mAVE** | **mAAE** |
| ------- | ------- | -------- | -------- | -------- | -------- | -------- |
| 0.2956    | 0.1971    | 0.8228     | 0.3048     | 0.6340     | 1.1083     | 0.2675     |

#### Severity hard

Evaluating Results

| **NDS** | **mAP** | **mATE** | **mASE** | **mAOE** | **mAVE** | **mAAE** |
| ------- | ------- | -------- | -------- | -------- | -------- | -------- |
| 0.2456    | 0.1344    | 0.8759     | 0.3224     | 0.7035     | 1.1755     | 0.3141     |

#### Average

| **NDS** | **mAP** | **mATE** | **mASE** | **mAOE** | **mAVE** | **mAAE** |
| ------- | ------- | -------- | -------- | -------- | -------- | -------- |
| 0.2787    | 0.1761    | 0.8417     | 0.3107     | 0.6574     | 1.1332     | 0.2839     |

Time: Sun Feb 12 14:08:22 2023

### Evaluating MotionBlur

#### Severity easy

Evaluating Results

| **NDS** | **mAP** | **mATE** | **mASE** | **mAOE** | **mAVE** | **mAAE** |
| ------- | ------- | -------- | -------- | -------- | -------- | -------- |
| 0.3578    | 0.2773    | 0.7874     | 0.2899     | 0.5353     | 0.9585     | 0.2376     |

#### Severity mid

