Time: Mon Feb 13 13:47:14 2023

### Evaluating MotionBlur

#### Severity easy

Evaluating Results

| **NDS** | **mAP** | **mATE** | **mASE** | **mAOE** | **mAVE** | **mAAE** |
| ------- | ------- | -------- | -------- | -------- | -------- | -------- |
| 0.3582    | 0.2465    | 0.8195     | 0.2883     | 0.4981     | 0.8146     | 0.2304     |

#### Severity mid

Evaluating Results

| **NDS** | **mAP** | **mATE** | **mASE** | **mAOE** | **mAVE** | **mAAE** |
| ------- | ------- | -------- | -------- | -------- | -------- | -------- |
| 0.2246    | 0.0970    | 0.9206     | 0.3333     | 0.7192     | 1.0316     | 0.2657     |

#### Severity hard

Evaluating Results

| **NDS** | **mAP** | **mATE** | **mASE** | **mAOE** | **mAVE** | **mAAE** |
| ------- | ------- | -------- | -------- | -------- | -------- | -------- |
| 0.1883    | 0.0597    | 0.9583     | 0.3575     | 0.8148     | 1.0413     | 0.2853     |

#### Average

| **NDS** | **mAP** | **mATE** | **mASE** | **mAOE** | **mAVE** | **mAAE** |
| ------- | ------- | -------- | -------- | -------- | -------- | -------- |
| 0.2570    | 0.1344    | 0.8995     | 0.3264     | 0.6774     | 0.9625     | 0.2605     |

### Evaluating Fog

#### Severity easy

Evaluating Results

| **NDS** | **mAP** | **mATE** | **mASE** | **mAOE** | **mAVE** | **mAAE** |
| ------- | ------- | -------- | -------- | -------- | -------- | -------- |
| 0.3711    | 0.2650    | 0.8033     | 0.2837     | 0.4920     | 0.8171     | 0.2176     |

#### Severity mid

