Time: Fri Jan 20 23:03:32 2023

### Evaluating MotionBlur

#### Severity easy

Evaluating Results

| **NDS** | **mAP** | **mATE** | **mASE** | **mAOE** | **mAVE** | **mAAE** |
| ------- | ------- | -------- | -------- | -------- | -------- | -------- |
| 0.4512    | 0.3718    | 0.7259     | 0.2776     | 0.4140     | 0.7271     | 0.2021     |

#### Severity mid

Evaluating Results

| **NDS** | **mAP** | **mATE** | **mASE** | **mAOE** | **mAVE** | **mAAE** |
| ------- | ------- | -------- | -------- | -------- | -------- | -------- |
| 0.4512    | 0.3718    | 0.7259     | 0.2775     | 0.4138     | 0.7271     | 0.2022     |

#### Severity hard

Evaluating Results

| **NDS** | **mAP** | **mATE** | **mASE** | **mAOE** | **mAVE** | **mAAE** |
| ------- | ------- | -------- | -------- | -------- | -------- | -------- |
| 0.4512    | 0.3718    | 0.7259     | 0.2775     | 0.4138     | 0.7271     | 0.2022     |

#### Average

| **NDS** | **mAP** | **mATE** | **mASE** | **mAOE** | **mAVE** | **mAAE** |
| ------- | ------- | -------- | -------- | -------- | -------- | -------- |
| 0.4512    | 0.3718    | 0.7259     | 0.2775     | 0.4139     | 0.7271     | 0.2022     |

### Evaluating Fog

#### Severity easy

Evaluating Results

| **NDS** | **mAP** | **mATE** | **mASE** | **mAOE** | **mAVE** | **mAAE** |
| ------- | ------- | -------- | -------- | -------- | -------- | -------- |
| 0.4512    | 0.3718    | 0.7259     | 0.2775     | 0.4138     | 0.7271     | 0.2022     |

#### Severity mid

Evaluating Results

| **NDS** | **mAP** | **mATE** | **mASE** | **mAOE** | **mAVE** | **mAAE** |
| ------- | ------- | -------- | -------- | -------- | -------- | -------- |
| 0.4512    | 0.3718    | 0.7259     | 0.2775     | 0.4138     | 0.7271     | 0.2022     |

#### Severity hard

Evaluating Results

| **NDS** | **mAP** | **mATE** | **mASE** | **mAOE** | **mAVE** | **mAAE** |
| ------- | ------- | -------- | -------- | -------- | -------- | -------- |
| 0.4512    | 0.3718    | 0.7259     | 0.2775     | 0.4138     | 0.7271     | 0.2022     |

#### Average

| **NDS** | **mAP** | **mATE** | **mASE** | **mAOE** | **mAVE** | **mAAE** |
| ------- | ------- | -------- | -------- | -------- | -------- | -------- |
| 0.4512    | 0.3718    | 0.7259     | 0.2775     | 0.4138     | 0.7271     | 0.2022     |

### Evaluating Snow

#### Severity easy

Evaluating Results

| **NDS** | **mAP** | **mATE** | **mASE** | **mAOE** | **mAVE** | **mAAE** |
| ------- | ------- | -------- | -------- | -------- | -------- | -------- |
| 0.4512    | 0.3718    | 0.7259     | 0.2775     | 0.4138     | 0.7271     | 0.2022     |

#### Severity mid

Evaluating Results

| **NDS** | **mAP** | **mATE** | **mASE** | **mAOE** | **mAVE** | **mAAE** |
| ------- | ------- | -------- | -------- | -------- | -------- | -------- |
| 0.4512    | 0.3718    | 0.7259     | 0.2775     | 0.4138     | 0.7271     | 0.2022     |

#### Severity hard

Evaluating Results

| **NDS** | **mAP** | **mATE** | **mASE** | **mAOE** | **mAVE** | **mAAE** |
| ------- | ------- | -------- | -------- | -------- | -------- | -------- |
| 0.4512    | 0.3718    | 0.7259     | 0.2775     | 0.4138     | 0.7271     | 0.2022     |

#### Average

| **NDS** | **mAP** | **mATE** | **mASE** | **mAOE** | **mAVE** | **mAAE** |
| ------- | ------- | -------- | -------- | -------- | -------- | -------- |
| 0.4512    | 0.3718    | 0.7259     | 0.2775     | 0.4138     | 0.7271     | 0.2022     |

### Evaluating ColorQuant

#### Severity easy

Evaluating Results

| **NDS** | **mAP** | **mATE** | **mASE** | **mAOE** | **mAVE** | **mAAE** |
| ------- | ------- | -------- | -------- | -------- | -------- | -------- |
| 0.4512    | 0.3718    | 0.7259     | 0.2775     | 0.4138     | 0.7271     | 0.2022     |

#### Severity mid

Evaluating Results

| **NDS** | **mAP** | **mATE** | **mASE** | **mAOE** | **mAVE** | **mAAE** |
| ------- | ------- | -------- | -------- | -------- | -------- | -------- |
| 0.4512    | 0.3718    | 0.7259     | 0.2775     | 0.4138     | 0.7271     | 0.2022     |

#### Severity hard

Evaluating Results

| **NDS** | **mAP** | **mATE** | **mASE** | **mAOE** | **mAVE** | **mAAE** |
| ------- | ------- | -------- | -------- | -------- | -------- | -------- |
| 0.4512    | 0.3718    | 0.7259     | 0.2775     | 0.4138     | 0.7271     | 0.2022     |

#### Average

| **NDS** | **mAP** | **mATE** | **mASE** | **mAOE** | **mAVE** | **mAAE** |
| ------- | ------- | -------- | -------- | -------- | -------- | -------- |
| 0.4512    | 0.3718    | 0.7259     | 0.2775     | 0.4138     | 0.7271     | 0.2022     |

### Evaluating Brightness

#### Severity easy

Evaluating Results

| **NDS** | **mAP** | **mATE** | **mASE** | **mAOE** | **mAVE** | **mAAE** |
| ------- | ------- | -------- | -------- | -------- | -------- | -------- |
| 0.4512    | 0.3718    | 0.7259     | 0.2775     | 0.4138     | 0.7271     | 0.2022     |

#### Severity mid

Evaluating Results

| **NDS** | **mAP** | **mATE** | **mASE** | **mAOE** | **mAVE** | **mAAE** |
| ------- | ------- | -------- | -------- | -------- | -------- | -------- |
| 0.4512    | 0.3718    | 0.7259     | 0.2775     | 0.4138     | 0.7271     | 0.2022     |

#### Severity hard

Evaluating Results

| **NDS** | **mAP** | **mATE** | **mASE** | **mAOE** | **mAVE** | **mAAE** |
| ------- | ------- | -------- | -------- | -------- | -------- | -------- |
| 0.4512    | 0.3718    | 0.7259     | 0.2775     | 0.4138     | 0.7271     | 0.2022     |

#### Average

| **NDS** | **mAP** | **mATE** | **mASE** | **mAOE** | **mAVE** | **mAAE** |
| ------- | ------- | -------- | -------- | -------- | -------- | -------- |
| 0.4512    | 0.3718    | 0.7259     | 0.2775     | 0.4138     | 0.7271     | 0.2022     |

### Evaluating LowLight

#### Severity easy

Evaluating Results

| **NDS** | **mAP** | **mATE** | **mASE** | **mAOE** | **mAVE** | **mAAE** |
| ------- | ------- | -------- | -------- | -------- | -------- | -------- |
| 0.4512    | 0.3718    | 0.7259     | 0.2775     | 0.4138     | 0.7271     | 0.2022     |

#### Severity mid

Evaluating Results

| **NDS** | **mAP** | **mATE** | **mASE** | **mAOE** | **mAVE** | **mAAE** |
| ------- | ------- | -------- | -------- | -------- | -------- | -------- |
| 0.4512    | 0.3718    | 0.7259     | 0.2775     | 0.4138     | 0.7271     | 0.2022     |

#### Severity hard

Evaluating Results

| **NDS** | **mAP** | **mATE** | **mASE** | **mAOE** | **mAVE** | **mAAE** |
| ------- | ------- | -------- | -------- | -------- | -------- | -------- |
| 0.4512    | 0.3718    | 0.7259     | 0.2775     | 0.4138     | 0.7271     | 0.2022     |

#### Average

| **NDS** | **mAP** | **mATE** | **mASE** | **mAOE** | **mAVE** | **mAAE** |
| ------- | ------- | -------- | -------- | -------- | -------- | -------- |
| 0.4512    | 0.3718    | 0.7259     | 0.2775     | 0.4138     | 0.7271     | 0.2022     |

### Evaluating CameraCrash

#### Severity easy

Evaluating Results

| **NDS** | **mAP** | **mATE** | **mASE** | **mAOE** | **mAVE** | **mAAE** |
| ------- | ------- | -------- | -------- | -------- | -------- | -------- |
| 0.4512    | 0.3718    | 0.7259     | 0.2775     | 0.4138     | 0.7271     | 0.2022     |

#### Severity mid

Evaluating Results

| **NDS** | **mAP** | **mATE** | **mASE** | **mAOE** | **mAVE** | **mAAE** |
| ------- | ------- | -------- | -------- | -------- | -------- | -------- |
| 0.4512    | 0.3718    | 0.7259     | 0.2775     | 0.4138     | 0.7271     | 0.2022     |

#### Severity hard

Evaluating Results

| **NDS** | **mAP** | **mATE** | **mASE** | **mAOE** | **mAVE** | **mAAE** |
| ------- | ------- | -------- | -------- | -------- | -------- | -------- |
| 0.4512    | 0.3718    | 0.7259     | 0.2775     | 0.4138     | 0.7271     | 0.2022     |

#### Average

| **NDS** | **mAP** | **mATE** | **mASE** | **mAOE** | **mAVE** | **mAAE** |
| ------- | ------- | -------- | -------- | -------- | -------- | -------- |
| 0.4512    | 0.3718    | 0.7259     | 0.2775     | 0.4138     | 0.7271     | 0.2022     |

### Evaluating FrameLost

#### Severity easy

Evaluating Results

| **NDS** | **mAP** | **mATE** | **mASE** | **mAOE** | **mAVE** | **mAAE** |
| ------- | ------- | -------- | -------- | -------- | -------- | -------- |
| 0.4512    | 0.3718    | 0.7259     | 0.2775     | 0.4138     | 0.7271     | 0.2022     |

#### Severity mid

Evaluating Results

| **NDS** | **mAP** | **mATE** | **mASE** | **mAOE** | **mAVE** | **mAAE** |
| ------- | ------- | -------- | -------- | -------- | -------- | -------- |
| 0.4512    | 0.3718    | 0.7259     | 0.2775     | 0.4138     | 0.7271     | 0.2022     |

#### Severity hard

Evaluating Results

| **NDS** | **mAP** | **mATE** | **mASE** | **mAOE** | **mAVE** | **mAAE** |
| ------- | ------- | -------- | -------- | -------- | -------- | -------- |
| 0.4512    | 0.3718    | 0.7259     | 0.2775     | 0.4138     | 0.7271     | 0.2022     |

#### Average

| **NDS** | **mAP** | **mATE** | **mASE** | **mAOE** | **mAVE** | **mAAE** |
| ------- | ------- | -------- | -------- | -------- | -------- | -------- |
| 0.4512    | 0.3718    | 0.7259     | 0.2775     | 0.4138     | 0.7271     | 0.2022     |

