Time: Tue Aug 22 09:06:39 2023

### Evaluating Brightness

#### Severity easy

Evaluating Results

| **NDS** | **mAP** | **mATE** | **mASE** | **mAOE** | **mAVE** | **mAAE** |
| ------- | ------- | -------- | -------- | -------- | -------- | -------- |
| 0.6112    | 0.5569    | 0.3310     | 0.2700     | 0.4204     | 0.4587     | 0.1923     |

#### Severity mid

Evaluating Results

| **NDS** | **mAP** | **mATE** | **mASE** | **mAOE** | **mAVE** | **mAAE** |
| ------- | ------- | -------- | -------- | -------- | -------- | -------- |
| 0.6073    | 0.5493    | 0.3310     | 0.2699     | 0.4244     | 0.4556     | 0.1926     |

#### Severity hard

Evaluating Results

| **NDS** | **mAP** | **mATE** | **mASE** | **mAOE** | **mAVE** | **mAAE** |
| ------- | ------- | -------- | -------- | -------- | -------- | -------- |
| 0.6043    | 0.5427    | 0.3309     | 0.2697     | 0.4245     | 0.4538     | 0.1916     |

#### Average

| **NDS** | **mAP** | **mATE** | **mASE** | **mAOE** | **mAVE** | **mAAE** |
| ------- | ------- | -------- | -------- | -------- | -------- | -------- |
| 0.6076    | 0.5497    | 0.3310     | 0.2699     | 0.4231     | 0.4560     | 0.1922     |

### Evaluating CameraCrash

#### Severity easy

Evaluating Results

| **NDS** | **mAP** | **mATE** | **mASE** | **mAOE** | **mAVE** | **mAAE** |
| ------- | ------- | -------- | -------- | -------- | -------- | -------- |
| 0.5879    | 0.5200    | 0.3382     | 0.2702     | 0.4392     | 0.4745     | 0.1983     |

#### Severity mid

Evaluating Results

| **NDS** | **mAP** | **mATE** | **mASE** | **mAOE** | **mAVE** | **mAAE** |
| ------- | ------- | -------- | -------- | -------- | -------- | -------- |
| 0.5852    | 0.5144    | 0.3408     | 0.2710     | 0.4333     | 0.4778     | 0.1973     |

#### Severity hard

Evaluating Results

| **NDS** | **mAP** | **mATE** | **mASE** | **mAOE** | **mAVE** | **mAAE** |
| ------- | ------- | -------- | -------- | -------- | -------- | -------- |
| 0.5816    | 0.5068    | 0.3390     | 0.2718     | 0.4262     | 0.4835     | 0.1976     |

#### Average

| **NDS** | **mAP** | **mATE** | **mASE** | **mAOE** | **mAVE** | **mAAE** |
| ------- | ------- | -------- | -------- | -------- | -------- | -------- |
| 0.5849    | 0.5137    | 0.3393     | 0.2710     | 0.4329     | 0.4786     | 0.1977     |

### Evaluating ColorQuant

#### Severity easy

Evaluating Results

| **NDS** | **mAP** | **mATE** | **mASE** | **mAOE** | **mAVE** | **mAAE** |
| ------- | ------- | -------- | -------- | -------- | -------- | -------- |
| 0.6087    | 0.5569    | 0.3317     | 0.2699     | 0.4283     | 0.4699     | 0.1984     |

#### Severity mid

Evaluating Results

| **NDS** | **mAP** | **mATE** | **mASE** | **mAOE** | **mAVE** | **mAAE** |
| ------- | ------- | -------- | -------- | -------- | -------- | -------- |
| 0.6040    | 0.5454    | 0.3336     | 0.2696     | 0.4225     | 0.4671     | 0.1940     |

#### Severity hard

Evaluating Results

| **NDS** | **mAP** | **mATE** | **mASE** | **mAOE** | **mAVE** | **mAAE** |
| ------- | ------- | -------- | -------- | -------- | -------- | -------- |
| 0.5892    | 0.5192    | 0.3389     | 0.2715     | 0.4255     | 0.4754     | 0.1926     |

#### Average

| **NDS** | **mAP** | **mATE** | **mASE** | **mAOE** | **mAVE** | **mAAE** |
| ------- | ------- | -------- | -------- | -------- | -------- | -------- |
| 0.6006    | 0.5405    | 0.3347     | 0.2703     | 0.4254     | 0.4708     | 0.1950     |

### Evaluating FrameLost

#### Severity easy

Evaluating Results

| **NDS** | **mAP** | **mATE** | **mASE** | **mAOE** | **mAVE** | **mAAE** |
| ------- | ------- | -------- | -------- | -------- | -------- | -------- |
| 0.5965    | 0.5341    | 0.3353     | 0.2707     | 0.4264     | 0.4745     | 0.1984     |

#### Severity mid

Evaluating Results

| **NDS** | **mAP** | **mATE** | **mASE** | **mAOE** | **mAVE** | **mAAE** |
| ------- | ------- | -------- | -------- | -------- | -------- | -------- |
| 0.5803    | 0.5046    | 0.3408     | 0.2724     | 0.4294     | 0.4804     | 0.1969     |

#### Severity hard

Evaluating Results

| **NDS** | **mAP** | **mATE** | **mASE** | **mAOE** | **mAVE** | **mAAE** |
| ------- | ------- | -------- | -------- | -------- | -------- | -------- |
| 0.5728    | 0.4926    | 0.3426     | 0.2724     | 0.4387     | 0.4811     | 0.2000     |

#### Average

| **NDS** | **mAP** | **mATE** | **mASE** | **mAOE** | **mAVE** | **mAAE** |
| ------- | ------- | -------- | -------- | -------- | -------- | -------- |
| 0.5832    | 0.5104    | 0.3396     | 0.2718     | 0.4315     | 0.4787     | 0.1984     |

### Evaluating LowLight

#### Severity easy

Evaluating Results

| **NDS** | **mAP** | **mATE** | **mASE** | **mAOE** | **mAVE** | **mAAE** |
| ------- | ------- | -------- | -------- | -------- | -------- | -------- |
| 0.5904    | 0.5193    | 0.3344     | 0.2707     | 0.4147     | 0.4744     | 0.1983     |

#### Severity mid

Evaluating Results

| **NDS** | **mAP** | **mATE** | **mASE** | **mAOE** | **mAVE** | **mAAE** |
| ------- | ------- | -------- | -------- | -------- | -------- | -------- |
| 0.5792    | 0.4983    | 0.3375     | 0.2714     | 0.4145     | 0.4756     | 0.2001     |

#### Severity hard

Evaluating Results

| **NDS** | **mAP** | **mATE** | **mASE** | **mAOE** | **mAVE** | **mAAE** |
| ------- | ------- | -------- | -------- | -------- | -------- | -------- |
| 0.5612    | 0.4671    | 0.3452     | 0.2731     | 0.4178     | 0.4854     | 0.2015     |

#### Average

| **NDS** | **mAP** | **mATE** | **mASE** | **mAOE** | **mAVE** | **mAAE** |
| ------- | ------- | -------- | -------- | -------- | -------- | -------- |
| 0.5770    | 0.4949    | 0.3390     | 0.2717     | 0.4157     | 0.4785     | 0.2000     |

### Evaluating MotionBlur

#### Severity easy

Evaluating Results

| **NDS** | **mAP** | **mATE** | **mASE** | **mAOE** | **mAVE** | **mAAE** |
| ------- | ------- | -------- | -------- | -------- | -------- | -------- |
| 0.6041    | 0.5446    | 0.3300     | 0.2698     | 0.4229     | 0.4667     | 0.1931     |

#### Severity mid

Evaluating Results

| **NDS** | **mAP** | **mATE** | **mASE** | **mAOE** | **mAVE** | **mAAE** |
| ------- | ------- | -------- | -------- | -------- | -------- | -------- |
| 0.5867    | 0.5114    | 0.3347     | 0.2711     | 0.4219     | 0.4693     | 0.1926     |

#### Severity hard

Evaluating Results

| **NDS** | **mAP** | **mATE** | **mASE** | **mAOE** | **mAVE** | **mAAE** |
| ------- | ------- | -------- | -------- | -------- | -------- | -------- |
| 0.5796    | 0.5003    | 0.3362     | 0.2716     | 0.4281     | 0.4784     | 0.1911     |

#### Average

| **NDS** | **mAP** | **mATE** | **mASE** | **mAOE** | **mAVE** | **mAAE** |
| ------- | ------- | -------- | -------- | -------- | -------- | -------- |
| 0.5901    | 0.5188    | 0.3336     | 0.2708     | 0.4243     | 0.4715     | 0.1923     |

