Time: Fri Jan 20 20:59:44 2023

### Evaluating MotionBlur

#### Severity easy

Evaluating Results

| **NDS** | **mAP** | **mATE** | **mASE** | **mAOE** | **mAVE** | **mAAE** |
| ------- | ------- | -------- | -------- | -------- | -------- | -------- |
| 0.3758    | 0.2749    | 0.7891     | 0.2762     | 0.4583     | 0.8815     | 0.2115     |

#### Severity mid

Evaluating Results

| **NDS** | **mAP** | **mATE** | **mASE** | **mAOE** | **mAVE** | **mAAE** |
| ------- | ------- | -------- | -------- | -------- | -------- | -------- |
| 0.2218    | 0.0896    | 0.9283     | 0.3197     | 0.7191     | 1.1042     | 0.2629     |

#### Severity hard

Evaluating Results

| **NDS** | **mAP** | **mATE** | **mASE** | **mAOE** | **mAVE** | **mAAE** |
| ------- | ------- | -------- | -------- | -------- | -------- | -------- |
| 0.1650    | 0.0508    | 0.9554     | 0.4105     | 0.8346     | 1.2189     | 0.4040     |

#### Average

| **NDS** | **mAP** | **mATE** | **mASE** | **mAOE** | **mAVE** | **mAAE** |
| ------- | ------- | -------- | -------- | -------- | -------- | -------- |
| 0.2542    | 0.1385    | 0.8909     | 0.3355     | 0.6707     | 1.0682     | 0.2928     |

### Evaluating Fog

#### Severity easy

Evaluating Results

| **NDS** | **mAP** | **mATE** | **mASE** | **mAOE** | **mAVE** | **mAAE** |
| ------- | ------- | -------- | -------- | -------- | -------- | -------- |
| 0.4181    | 0.3199    | 0.7345     | 0.2692     | 0.3974     | 0.8136     | 0.2033     |

#### Severity mid

Evaluating Results

| **NDS** | **mAP** | **mATE** | **mASE** | **mAOE** | **mAVE** | **mAAE** |
| ------- | ------- | -------- | -------- | -------- | -------- | -------- |
| 0.4053    | 0.3045    | 0.7508     | 0.2704     | 0.4160     | 0.8281     | 0.2038     |

#### Severity hard

Evaluating Results

| **NDS** | **mAP** | **mATE** | **mASE** | **mAOE** | **mAVE** | **mAAE** |
| ------- | ------- | -------- | -------- | -------- | -------- | -------- |
| 0.3826    | 0.2791    | 0.7802     | 0.2733     | 0.4578     | 0.8490     | 0.2092     |

#### Average

| **NDS** | **mAP** | **mATE** | **mASE** | **mAOE** | **mAVE** | **mAAE** |
| ------- | ------- | -------- | -------- | -------- | -------- | -------- |
| 0.4020    | 0.3012    | 0.7552     | 0.2710     | 0.4237     | 0.8302     | 0.2054     |

### Evaluating Snow

#### Severity easy

Evaluating Results

| **NDS** | **mAP** | **mATE** | **mASE** | **mAOE** | **mAVE** | **mAAE** |
| ------- | ------- | -------- | -------- | -------- | -------- | -------- |
| 0.1718    | 0.0503    | 0.9228     | 0.4092     | 0.8054     | 1.2890     | 0.3964     |

#### Severity mid

Evaluating Results

| **NDS** | **mAP** | **mATE** | **mASE** | **mAOE** | **mAVE** | **mAAE** |
| ------- | ------- | -------- | -------- | -------- | -------- | -------- |
| 0.1069    | 0.0117    | 0.9975     | 0.5033     | 0.9410     | 1.4675     | 0.5483     |

#### Severity hard

Evaluating Results

| **NDS** | **mAP** | **mATE** | **mASE** | **mAOE** | **mAVE** | **mAAE** |
| ------- | ------- | -------- | -------- | -------- | -------- | -------- |
| 0.1101    | 0.0140    | 0.9882     | 0.5040     | 0.9308     | 1.5335     | 0.5454     |

#### Average

| **NDS** | **mAP** | **mATE** | **mASE** | **mAOE** | **mAVE** | **mAAE** |
| ------- | ------- | -------- | -------- | -------- | -------- | -------- |
| 0.1296    | 0.0253    | 0.9695     | 0.4722     | 0.8924     | 1.4300     | 0.4967     |

### Evaluating ColorQuant

#### Severity easy

Evaluating Results

| **NDS** | **mAP** | **mATE** | **mASE** | **mAOE** | **mAVE** | **mAAE** |
| ------- | ------- | -------- | -------- | -------- | -------- | -------- |
| 0.3396    | 0.2307    | 0.8498     | 0.2804     | 0.4733     | 0.9189     | 0.2355     |

#### Severity mid

Evaluating Results

| **NDS** | **mAP** | **mATE** | **mASE** | **mAOE** | **mAVE** | **mAAE** |
| ------- | ------- | -------- | -------- | -------- | -------- | -------- |
| 0.0611    | 0.0015    | 1.0700     | 0.6742     | 1.0088     | 1.5946     | 0.7223     |

#### Severity hard

Evaluating Results

| **NDS** | **mAP** | **mATE** | **mASE** | **mAOE** | **mAVE** | **mAAE** |
| ------- | ------- | -------- | -------- | -------- | -------- | -------- |
| 0.0127    | 0.0000    | 1.0354     | 0.9347     | 1.0354     | 1.0824     | 0.9387     |

#### Average

| **NDS** | **mAP** | **mATE** | **mASE** | **mAOE** | **mAVE** | **mAAE** |
| ------- | ------- | -------- | -------- | -------- | -------- | -------- |
| 0.1378    | 0.0774    | 0.9851     | 0.6298     | 0.8392     | 1.1986     | 0.6322     |

### Evaluating Brightness

#### Severity easy

