Time: Fri Jan 20 17:50:46 2023

### Evaluating MotionBlur

#### Severity easy

Evaluating Results

| **NDS** | **mAP** | **mATE** | **mASE** | **mAOE** | **mAVE** | **mAAE** |
| ------- | ------- | -------- | -------- | -------- | -------- | -------- |
| 0.3721    | 0.2813    | 0.8103     | 0.2756     | 0.4653     | 0.9047     | 0.2295     |

#### Severity mid

Evaluating Results

| **NDS** | **mAP** | **mATE** | **mASE** | **mAOE** | **mAVE** | **mAAE** |
| ------- | ------- | -------- | -------- | -------- | -------- | -------- |
| 0.2343    | 0.1023    | 0.9436     | 0.3137     | 0.6570     | 1.0311     | 0.2545     |

#### Severity hard

Evaluating Results

| **NDS** | **mAP** | **mATE** | **mASE** | **mAOE** | **mAVE** | **mAAE** |
| ------- | ------- | -------- | -------- | -------- | -------- | -------- |
| 0.1918    | 0.0601    | 0.9900     | 0.3363     | 0.7829     | 1.1796     | 0.2738     |

#### Average

| **NDS** | **mAP** | **mATE** | **mASE** | **mAOE** | **mAVE** | **mAAE** |
| ------- | ------- | -------- | -------- | -------- | -------- | -------- |
| 0.2661    | 0.1479    | 0.9146     | 0.3085     | 0.6351     | 1.0385     | 0.2526     |

### Evaluating Fog

#### Severity easy

Evaluating Results

| **NDS** | **mAP** | **mATE** | **mASE** | **mAOE** | **mAVE** | **mAAE** |
| ------- | ------- | -------- | -------- | -------- | -------- | -------- |
| 0.4047    | 0.3161    | 0.7841     | 0.2700     | 0.4216     | 0.8545     | 0.2037     |

#### Severity mid

Evaluating Results

| **NDS** | **mAP** | **mATE** | **mASE** | **mAOE** | **mAVE** | **mAAE** |
| ------- | ------- | -------- | -------- | -------- | -------- | -------- |
| 0.3922    | 0.3026    | 0.7923     | 0.2701     | 0.4334     | 0.8813     | 0.2139     |

#### Severity hard

Evaluating Results

| **NDS** | **mAP** | **mATE** | **mASE** | **mAOE** | **mAVE** | **mAAE** |
| ------- | ------- | -------- | -------- | -------- | -------- | -------- |
| 0.3767    | 0.2833    | 0.8118     | 0.2731     | 0.4428     | 0.9064     | 0.2153     |

#### Average

| **NDS** | **mAP** | **mATE** | **mASE** | **mAOE** | **mAVE** | **mAAE** |
| ------- | ------- | -------- | -------- | -------- | -------- | -------- |
| 0.3912    | 0.3007    | 0.7961     | 0.2711     | 0.4326     | 0.8807     | 0.2110     |

### Evaluating Snow

#### Severity easy

Evaluating Results

| **NDS** | **mAP** | **mATE** | **mASE** | **mAOE** | **mAVE** | **mAAE** |
| ------- | ------- | -------- | -------- | -------- | -------- | -------- |
| 0.1692    | 0.0602    | 0.9792     | 0.4073     | 0.8043     | 1.2775     | 0.4185     |

#### Severity mid

Evaluating Results

| **NDS** | **mAP** | **mATE** | **mASE** | **mAOE** | **mAVE** | **mAAE** |
| ------- | ------- | -------- | -------- | -------- | -------- | -------- |
| 0.1236    | 0.0298    | 1.0156     | 0.4828     | 0.8889     | 1.4329     | 0.5414     |

#### Severity hard

Evaluating Results

| **NDS** | **mAP** | **mATE** | **mASE** | **mAOE** | **mAVE** | **mAAE** |
| ------- | ------- | -------- | -------- | -------- | -------- | -------- |
| 0.1209    | 0.0283    | 1.0152     | 0.4979     | 0.8884     | 1.4851     | 0.5464     |

#### Average

| **NDS** | **mAP** | **mATE** | **mASE** | **mAOE** | **mAVE** | **mAAE** |
| ------- | ------- | -------- | -------- | -------- | -------- | -------- |
| 0.1379    | 0.0395    | 1.0033     | 0.4627     | 0.8605     | 1.3985     | 0.5021     |

### Evaluating ColorQuant

#### Severity easy

Evaluating Results

| **NDS** | **mAP** | **mATE** | **mASE** | **mAOE** | **mAVE** | **mAAE** |
| ------- | ------- | -------- | -------- | -------- | -------- | -------- |
| 0.3255    | 0.2277    | 0.8831     | 0.2764     | 0.4983     | 0.9717     | 0.2544     |

#### Severity mid

Evaluating Results

| **NDS** | **mAP** | **mATE** | **mASE** | **mAOE** | **mAVE** | **mAAE** |
| ------- | ------- | -------- | -------- | -------- | -------- | -------- |
| 0.0713    | 0.0095    | 1.0395     | 0.6654     | 0.9770     | 1.5596     | 0.6920     |

#### Severity hard

Evaluating Results

| **NDS** | **mAP** | **mATE** | **mASE** | **mAOE** | **mAVE** | **mAAE** |
| ------- | ------- | -------- | -------- | -------- | -------- | -------- |
| 0.0134    | 0.0000    | 1.0361     | 0.9222     | 1.1017     | 1.1641     | 0.9442     |

#### Average

| **NDS** | **mAP** | **mATE** | **mASE** | **mAOE** | **mAVE** | **mAAE** |
| ------- | ------- | -------- | -------- | -------- | -------- | -------- |
| 0.1367    | 0.0791    | 0.9862     | 0.6213     | 0.8590     | 1.2318     | 0.6302     |

### Evaluating Brightness

#### Severity easy

Evaluating Results

| **NDS** | **mAP** | **mATE** | **mASE** | **mAOE** | **mAVE** | **mAAE** |
| ------- | ------- | -------- | -------- | -------- | -------- | -------- |
| 0.4225    | 0.3411    | 0.7668     | 0.2680     | 0.3981     | 0.8427     | 0.2052     |

#### Severity mid

Evaluating Results

| **NDS** | **mAP** | **mATE** | **mASE** | **mAOE** | **mAVE** | **mAAE** |
| ------- | ------- | -------- | -------- | -------- | -------- | -------- |
| 0.4012    | 0.3161    | 0.7893     | 0.2702     | 0.4301     | 0.8764     | 0.2025     |

#### Severity hard

