Time: Sat Mar 11 16:33:22 2023

### Evaluating CameraCrash

#### Severity easy

Time: Sat Mar 11 16:35:33 2023

### Evaluating CameraCrash

#### Severity easy

Evaluating Results

| **NDS** | **mAP** | **mATE** | **mASE** | **mAOE** | **mAVE** | **mAAE** |
| ------- | ------- | -------- | -------- | -------- | -------- | -------- |
| 0.3101    | 0.1691    | 0.7978     | 0.2656     | 0.5159     | 1.1733     | 0.1646     |

#### Severity mid

Evaluating Results

| **NDS** | **mAP** | **mATE** | **mASE** | **mAOE** | **mAVE** | **mAAE** |
| ------- | ------- | -------- | -------- | -------- | -------- | -------- |
| 0.2507    | 0.0752    | 0.8498     | 0.2676     | 0.5646     | 1.2776     | 0.1868     |

#### Severity hard

Evaluating Results

| **NDS** | **mAP** | **mATE** | **mASE** | **mAOE** | **mAVE** | **mAAE** |
| ------- | ------- | -------- | -------- | -------- | -------- | -------- |
| 0.2444    | 0.0798    | 0.8024     | 0.3454     | 0.5310     | 1.3544     | 0.2763     |

#### Average

| **NDS** | **mAP** | **mATE** | **mASE** | **mAOE** | **mAVE** | **mAAE** |
| ------- | ------- | -------- | -------- | -------- | -------- | -------- |
| 0.2684    | 0.1080    | 0.8167     | 0.2929     | 0.5372     | 1.2684     | 0.2092     |

### Evaluating FrameLost

#### Severity easy

Evaluating Results

| **NDS** | **mAP** | **mATE** | **mASE** | **mAOE** | **mAVE** | **mAAE** |
| ------- | ------- | -------- | -------- | -------- | -------- | -------- |
| 0.3182    | 0.1836    | 0.8036     | 0.2619     | 0.5051     | 1.2885     | 0.1654     |

#### Severity mid

Evaluating Results

| **NDS** | **mAP** | **mATE** | **mASE** | **mAOE** | **mAVE** | **mAAE** |
| ------- | ------- | -------- | -------- | -------- | -------- | -------- |
| 0.2375    | 0.0607    | 0.8227     | 0.3233     | 0.5301     | 1.4097     | 0.2524     |

#### Severity hard

Evaluating Results

| **NDS** | **mAP** | **mATE** | **mASE** | **mAOE** | **mAVE** | **mAAE** |
| ------- | ------- | -------- | -------- | -------- | -------- | -------- |
| 0.1614    | 0.0103    | 0.8586     | 0.4743     | 0.6182     | 1.3117     | 0.4863     |

#### Average

| **NDS** | **mAP** | **mATE** | **mASE** | **mAOE** | **mAVE** | **mAAE** |
| ------- | ------- | -------- | -------- | -------- | -------- | -------- |
| 0.2390    | 0.0849    | 0.8283     | 0.3532     | 0.5511     | 1.3366     | 0.3014     |

### Evaluating ColorQuant

#### Severity easy

Evaluating Results

| **NDS** | **mAP** | **mATE** | **mASE** | **mAOE** | **mAVE** | **mAAE** |
| ------- | ------- | -------- | -------- | -------- | -------- | -------- |
| 0.3480    | 0.2563    | 0.8223     | 0.2694     | 0.5267     | 1.3456     | 0.1832     |

#### Severity mid

Evaluating Results

| **NDS** | **mAP** | **mATE** | **mASE** | **mAOE** | **mAVE** | **mAAE** |
| ------- | ------- | -------- | -------- | -------- | -------- | -------- |
| 0.2428    | 0.1345    | 0.9210     | 0.3663     | 0.6283     | 1.3698     | 0.3290     |

#### Severity hard

Evaluating Results

| **NDS** | **mAP** | **mATE** | **mASE** | **mAOE** | **mAVE** | **mAAE** |
| ------- | ------- | -------- | -------- | -------- | -------- | -------- |
| 0.1518    | 0.0406    | 1.0338     | 0.4523     | 0.7677     | 1.4548     | 0.4647     |

#### Average

| **NDS** | **mAP** | **mATE** | **mASE** | **mAOE** | **mAVE** | **mAAE** |
| ------- | ------- | -------- | -------- | -------- | -------- | -------- |
| 0.2475    | 0.1438    | 0.9257     | 0.3627     | 0.6409     | 1.3901     | 0.3256     |

### Evaluating MotionBlur

#### Severity easy

Evaluating Results

| **NDS** | **mAP** | **mATE** | **mASE** | **mAOE** | **mAVE** | **mAAE** |
| ------- | ------- | -------- | -------- | -------- | -------- | -------- |
| 0.3419    | 0.2498    | 0.8006     | 0.2681     | 0.5784     | 1.2686     | 0.1836     |

#### Severity mid

Evaluating Results

| **NDS** | **mAP** | **mATE** | **mASE** | **mAOE** | **mAVE** | **mAAE** |
| ------- | ------- | -------- | -------- | -------- | -------- | -------- |
| 0.2186    | 0.1052    | 0.8879     | 0.3702     | 0.7360     | 1.2590     | 0.3456     |

#### Severity hard

Evaluating Results

| **NDS** | **mAP** | **mATE** | **mASE** | **mAOE** | **mAVE** | **mAAE** |
| ------- | ------- | -------- | -------- | -------- | -------- | -------- |
| 0.1805    | 0.0637    | 0.8962     | 0.4222     | 0.7415     | 1.3859     | 0.4542     |

#### Average

| **NDS** | **mAP** | **mATE** | **mASE** | **mAOE** | **mAVE** | **mAAE** |
| ------- | ------- | -------- | -------- | -------- | -------- | -------- |
| 0.2470    | 0.1396    | 0.8616     | 0.3535     | 0.6853     | 1.3045     | 0.3278     |

### Evaluating Brightness

#### Severity easy

Evaluating Results

| **NDS** | **mAP** | **mATE** | **mASE** | **mAOE** | **mAVE** | **mAAE** |
| ------- | ------- | -------- | -------- | -------- | -------- | -------- |
| 0.3531    | 0.2606    | 0.8012     | 0.2627     | 0.5496     | 1.3825     | 0.1584     |

#### Severity mid

Evaluating Results

| **NDS** | **mAP** | **mATE** | **mASE** | **mAOE** | **mAVE** | **mAAE** |
| ------- | ------- | -------- | -------- | -------- | -------- | -------- |
| 0.3128    | 0.2102    | 0.8384     | 0.2809     | 0.6123     | 1.4462     | 0.1916     |

#### Severity hard

Evaluating Results

| **NDS** | **mAP** | **mATE** | **mASE** | **mAOE** | **mAVE** | **mAAE** |
| ------- | ------- | -------- | -------- | -------- | -------- | -------- |
| 0.2806    | 0.1701    | 0.8823     | 0.2974     | 0.6685     | 1.4555     | 0.1963     |

#### Average

| **NDS** | **mAP** | **mATE** | **mASE** | **mAOE** | **mAVE** | **mAAE** |
| ------- | ------- | -------- | -------- | -------- | -------- | -------- |
| 0.3155    | 0.2136    | 0.8406     | 0.2803     | 0.6101     | 1.4281     | 0.1821     |

### Evaluating LowLight

#### Severity easy

Evaluating Results

| **NDS** | **mAP** | **mATE** | **mASE** | **mAOE** | **mAVE** | **mAAE** |
| ------- | ------- | -------- | -------- | -------- | -------- | -------- |
| 0.2096    | 0.0944    | 0.8605     | 0.4198     | 0.6561     | 1.4420     | 0.4392     |

#### Severity mid

Evaluating Results

| **NDS** | **mAP** | **mATE** | **mASE** | **mAOE** | **mAVE** | **mAAE** |
| ------- | ------- | -------- | -------- | -------- | -------- | -------- |
| 0.1773    | 0.0565    | 0.8818     | 0.4303     | 0.7299     | 1.4240     | 0.4680     |

#### Severity hard

Evaluating Results

| **NDS** | **mAP** | **mATE** | **mASE** | **mAOE** | **mAVE** | **mAAE** |
| ------- | ------- | -------- | -------- | -------- | -------- | -------- |
| 0.1073    | 0.0237    | 0.9142     | 0.5803     | 0.9047     | 1.1155     | 0.6463     |

#### Average

| **NDS** | **mAP** | **mATE** | **mASE** | **mAOE** | **mAVE** | **mAAE** |
| ------- | ------- | -------- | -------- | -------- | -------- | -------- |
| 0.1647    | 0.0582    | 0.8855     | 0.4768     | 0.7636     | 1.3272     | 0.5178     |

### Evaluating Fog

#### Severity easy

Evaluating Results

| **NDS** | **mAP** | **mATE** | **mASE** | **mAOE** | **mAVE** | **mAAE** |
| ------- | ------- | -------- | -------- | -------- | -------- | -------- |
| 0.3357    | 0.2382    | 0.8308     | 0.2674     | 0.5492     | 1.2965     | 0.1862     |

#### Severity mid

Evaluating Results

| **NDS** | **mAP** | **mATE** | **mASE** | **mAOE** | **mAVE** | **mAAE** |
| ------- | ------- | -------- | -------- | -------- | -------- | -------- |
| 0.3220    | 0.2155    | 0.8442     | 0.2730     | 0.5509     | 1.2867     | 0.1899     |

#### Severity hard

Evaluating Results

| **NDS** | **mAP** | **mATE** | **mASE** | **mAOE** | **mAVE** | **mAAE** |
| ------- | ------- | -------- | -------- | -------- | -------- | -------- |
| 0.3033    | 0.1888    | 0.8636     | 0.2768     | 0.5750     | 1.2809     | 0.1953     |

#### Average

| **NDS** | **mAP** | **mATE** | **mASE** | **mAOE** | **mAVE** | **mAAE** |
| ------- | ------- | -------- | -------- | -------- | -------- | -------- |
| 0.3203    | 0.2141    | 0.8462     | 0.2724     | 0.5584     | 1.2880     | 0.1905     |

### Evaluating Snow

#### Severity easy

Evaluating Results

| **NDS** | **mAP** | **mATE** | **mASE** | **mAOE** | **mAVE** | **mAAE** |
| ------- | ------- | -------- | -------- | -------- | -------- | -------- |
| 0.2065    | 0.0890    | 0.9338     | 0.3883     | 0.6816     | 1.4209     | 0.3762     |

#### Severity mid

Evaluating Results

| **NDS** | **mAP** | **mATE** | **mASE** | **mAOE** | **mAVE** | **mAAE** |
| ------- | ------- | -------- | -------- | -------- | -------- | -------- |
| 0.0923    | 0.0274    | 0.9983     | 0.6650     | 0.8237     | 1.1056     | 0.7272     |

#### Severity hard

Evaluating Results

| **NDS** | **mAP** | **mATE** | **mASE** | **mAOE** | **mAVE** | **mAAE** |
| ------- | ------- | -------- | -------- | -------- | -------- | -------- |
| 0.1213    | 0.0322    | 0.9825     | 0.5389     | 0.8699     | 1.2004     | 0.5571     |

#### Average

| **NDS** | **mAP** | **mATE** | **mASE** | **mAOE** | **mAVE** | **mAAE** |
| ------- | ------- | -------- | -------- | -------- | -------- | -------- |
| 0.1400    | 0.0495    | 0.9715     | 0.5307     | 0.7917     | 1.2423     | 0.5535     |

