Time: Mon Feb 13 16:24:48 2023

### Evaluating Snow

#### Severity easy

Time: Mon Feb 13 19:10:25 2023

### Evaluating Snow

#### Severity easy

Evaluating Results

| **NDS** | **mAP** | **mATE** | **mASE** | **mAOE** | **mAVE** | **mAAE** |
| ------- | ------- | -------- | -------- | -------- | -------- | -------- |
| 0.2457    | 0.1197    | 0.9051     | 0.3191     | 0.6306     | 1.2343     | 0.2871     |

#### Severity mid

Evaluating Results

| **NDS** | **mAP** | **mATE** | **mASE** | **mAOE** | **mAVE** | **mAAE** |
| ------- | ------- | -------- | -------- | -------- | -------- | -------- |
| 0.1668    | 0.0584    | 0.9440     | 0.4163     | 0.8276     | 1.2921     | 0.4359     |

#### Severity hard

Evaluating Results

| **NDS** | **mAP** | **mATE** | **mASE** | **mAOE** | **mAVE** | **mAAE** |
| ------- | ------- | -------- | -------- | -------- | -------- | -------- |
| 0.1570    | 0.0492    | 0.9721     | 0.4217     | 0.8413     | 1.3406     | 0.4408     |

#### Average

| **NDS** | **mAP** | **mATE** | **mASE** | **mAOE** | **mAVE** | **mAAE** |
| ------- | ------- | -------- | -------- | -------- | -------- | -------- |
| 0.1898    | 0.0757    | 0.9404     | 0.3857     | 0.7665     | 1.2890     | 0.3879     |

### Evaluating ColorQuant

#### Severity easy

Evaluating Results

| **NDS** | **mAP** | **mATE** | **mASE** | **mAOE** | **mAVE** | **mAAE** |
| ------- | ------- | -------- | -------- | -------- | -------- | -------- |
| 0.4194    | 0.3428    | 0.7709     | 0.2694     | 0.4063     | 0.8611     | 0.2117     |

#### Severity mid

Evaluating Results

| **NDS** | **mAP** | **mATE** | **mASE** | **mAOE** | **mAVE** | **mAAE** |
| ------- | ------- | -------- | -------- | -------- | -------- | -------- |
| 0.3496    | 0.2534    | 0.8246     | 0.2775     | 0.5054     | 0.9301     | 0.2331     |

#### Severity hard

Evaluating Results

| **NDS** | **mAP** | **mATE** | **mASE** | **mAOE** | **mAVE** | **mAAE** |
| ------- | ------- | -------- | -------- | -------- | -------- | -------- |
| 0.2389    | 0.1185    | 0.9481     | 0.3074     | 0.6630     | 1.0636     | 0.2849     |

#### Average

| **NDS** | **mAP** | **mATE** | **mASE** | **mAOE** | **mAVE** | **mAAE** |
| ------- | ------- | -------- | -------- | -------- | -------- | -------- |
| 0.3360    | 0.2382    | 0.8479     | 0.2848     | 0.5249     | 0.9516     | 0.2432     |

### Evaluating LowLight

#### Severity easy

Evaluating Results

| **NDS** | **mAP** | **mATE** | **mASE** | **mAOE** | **mAVE** | **mAAE** |
| ------- | ------- | -------- | -------- | -------- | -------- | -------- |
| 0.3257    | 0.2292    | 0.8094     | 0.2844     | 0.5523     | 1.0198     | 0.2428     |

#### Severity mid

Evaluating Results

| **NDS** | **mAP** | **mATE** | **mASE** | **mAOE** | **mAVE** | **mAAE** |
| ------- | ------- | -------- | -------- | -------- | -------- | -------- |
| 0.3268    | 0.2291    | 0.8084     | 0.2836     | 0.5404     | 1.0105     | 0.2445     |

#### Severity hard

Evaluating Results

| **NDS** | **mAP** | **mATE** | **mASE** | **mAOE** | **mAVE** | **mAAE** |
| ------- | ------- | -------- | -------- | -------- | -------- | -------- |
| 0.2739    | 0.1559    | 0.8598     | 0.3042     | 0.6056     | 1.1532     | 0.2710     |

#### Average

| **NDS** | **mAP** | **mATE** | **mASE** | **mAOE** | **mAVE** | **mAAE** |
| ------- | ------- | -------- | -------- | -------- | -------- | -------- |
| 0.3088    | 0.2047    | 0.8259     | 0.2907     | 0.5661     | 1.0612     | 0.2528     |

Time: Sun Feb 19 16:07:21 2023

### Evaluating LowLight

#### Severity easy

Evaluating Results

| **NDS** | **mAP** | **mATE** | **mASE** | **mAOE** | **mAVE** | **mAAE** |
| ------- | ------- | -------- | -------- | -------- | -------- | -------- |
| 0.3278    | 0.2288    | 0.8060     | 0.2837     | 0.5339     | 1.0152     | 0.2426     |

#### Severity mid

Evaluating Results

| **NDS** | **mAP** | **mATE** | **mASE** | **mAOE** | **mAVE** | **mAAE** |
| ------- | ------- | -------- | -------- | -------- | -------- | -------- |
| 0.2731    | 0.1560    | 0.8631     | 0.3024     | 0.6129     | 1.1647     | 0.2702     |

#### Severity hard

Evaluating Results

| **NDS** | **mAP** | **mATE** | **mASE** | **mAOE** | **mAVE** | **mAAE** |
| ------- | ------- | -------- | -------- | -------- | -------- | -------- |
| 0.1829    | 0.0680    | 0.8776     | 0.4473     | 0.7152     | 1.4539     | 0.4706     |

#### Average

| **NDS** | **mAP** | **mATE** | **mASE** | **mAOE** | **mAVE** | **mAAE** |
| ------- | ------- | -------- | -------- | -------- | -------- | -------- |
| 0.2613    | 0.1509    | 0.8489     | 0.3445     | 0.6207     | 1.2113     | 0.3278     |

