Time: Sun Feb 12 11:11:42 2023

### Evaluating Snow

#### Severity easy

Evaluating Results

| **NDS** | **mAP** | **mATE** | **mASE** | **mAOE** | **mAVE** | **mAAE** |
| ------- | ------- | -------- | -------- | -------- | -------- | -------- |
| 0.3494    | 0.2715    | 0.8262     | 0.2833     | 0.5439     | 0.9719     | 0.2380     |

#### Severity mid

Evaluating Results

| **NDS** | **mAP** | **mATE** | **mASE** | **mAOE** | **mAVE** | **mAAE** |
| ------- | ------- | -------- | -------- | -------- | -------- | -------- |
| 0.2312    | 0.1232    | 0.9234     | 0.3179     | 0.7635     | 1.1908     | 0.2995     |

#### Severity hard

Evaluating Results

| **NDS** | **mAP** | **mATE** | **mASE** | **mAOE** | **mAVE** | **mAAE** |
| ------- | ------- | -------- | -------- | -------- | -------- | -------- |
| 0.2090    | 0.1012    | 0.9443     | 0.3401     | 0.8029     | 1.2316     | 0.3283     |

#### Average

| **NDS** | **mAP** | **mATE** | **mASE** | **mAOE** | **mAVE** | **mAAE** |
| ------- | ------- | -------- | -------- | -------- | -------- | -------- |
| 0.2632    | 0.1653    | 0.8980     | 0.3138     | 0.7034     | 1.1314     | 0.2886     |

### Evaluating ColorQuant

#### Severity easy

Evaluating Results

| **NDS** | **mAP** | **mATE** | **mASE** | **mAOE** | **mAVE** | **mAAE** |
| ------- | ------- | -------- | -------- | -------- | -------- | -------- |
| 0.4254    | 0.3647    | 0.7639     | 0.2748     | 0.4584     | 0.8558     | 0.2171     |

#### Severity mid

Evaluating Results

| **NDS** | **mAP** | **mATE** | **mASE** | **mAOE** | **mAVE** | **mAAE** |
| ------- | ------- | -------- | -------- | -------- | -------- | -------- |
| 0.3156    | 0.2212    | 0.8591     | 0.2954     | 0.5736     | 0.9774     | 0.2447     |

#### Severity hard

Evaluating Results

| **NDS** | **mAP** | **mATE** | **mASE** | **mAOE** | **mAVE** | **mAAE** |
| ------- | ------- | -------- | -------- | -------- | -------- | -------- |
| 0.1495    | 0.0408    | 1.0224     | 0.4662     | 0.7670     | 1.4292     | 0.4752     |

#### Average

| **NDS** | **mAP** | **mATE** | **mASE** | **mAOE** | **mAVE** | **mAAE** |
| ------- | ------- | -------- | -------- | -------- | -------- | -------- |
| 0.2968    | 0.2089    | 0.8818     | 0.3455     | 0.5997     | 1.0875     | 0.3123     |

### Evaluating LowLight

#### Severity easy

Evaluating Results

| **NDS** | **mAP** | **mATE** | **mASE** | **mAOE** | **mAVE** | **mAAE** |
| ------- | ------- | -------- | -------- | -------- | -------- | -------- |
| 0.2969    | 0.1913    | 0.8530     | 0.2929     | 0.5833     | 1.1048     | 0.2582     |

#### Severity mid

Evaluating Results

| **NDS** | **mAP** | **mATE** | **mASE** | **mAOE** | **mAVE** | **mAAE** |
| ------- | ------- | -------- | -------- | -------- | -------- | -------- |
| 0.2982    | 0.1908    | 0.8504     | 0.2929     | 0.5734     | 1.1158     | 0.2552     |

#### Severity hard

Evaluating Results

| **NDS** | **mAP** | **mATE** | **mASE** | **mAOE** | **mAVE** | **mAAE** |
| ------- | ------- | -------- | -------- | -------- | -------- | -------- |
| 0.2421    | 0.1201    | 0.8815     | 0.3257     | 0.6906     | 1.2062     | 0.2822     |

#### Average

| **NDS** | **mAP** | **mATE** | **mASE** | **mAOE** | **mAVE** | **mAAE** |
| ------- | ------- | -------- | -------- | -------- | -------- | -------- |
| 0.2791    | 0.1674    | 0.8616     | 0.3038     | 0.6158     | 1.1423     | 0.2652     |

