Time: Sun Feb 12 11:13:23 2023

### Evaluating Snow

#### Severity easy

Evaluating Results

| **NDS** | **mAP** | **mATE** | **mASE** | **mAOE** | **mAVE** | **mAAE** |
| ------- | ------- | -------- | -------- | -------- | -------- | -------- |
| 0.2000    | 0.1137    | 0.9863     | 0.3239     | 0.8998     | 1.2796     | 0.3582     |

#### Severity mid

Evaluating Results

| **NDS** | **mAP** | **mATE** | **mASE** | **mAOE** | **mAVE** | **mAAE** |
| ------- | ------- | -------- | -------- | -------- | -------- | -------- |
| 0.1190    | 0.0317    | 1.0832     | 0.4815     | 1.1323     | 1.3518     | 0.4872     |

#### Severity hard

Evaluating Results

| **NDS** | **mAP** | **mATE** | **mASE** | **mAOE** | **mAVE** | **mAAE** |
| ------- | ------- | -------- | -------- | -------- | -------- | -------- |
| 0.1060    | 0.0292    | 1.0616     | 0.5178     | 1.0211     | 1.4129     | 0.5685     |

#### Average

| **NDS** | **mAP** | **mATE** | **mASE** | **mAOE** | **mAVE** | **mAAE** |
| ------- | ------- | -------- | -------- | -------- | -------- | -------- |
| 0.1417    | 0.0582    | 1.0437     | 0.4411     | 1.0177     | 1.3481     | 0.4713     |

### Evaluating ColorQuant

#### Severity easy

Evaluating Results

| **NDS** | **mAP** | **mATE** | **mASE** | **mAOE** | **mAVE** | **mAAE** |
| ------- | ------- | -------- | -------- | -------- | -------- | -------- |
| 0.3411    | 0.2848    | 0.8517     | 0.2827     | 0.6436     | 0.9800     | 0.2553     |

#### Severity mid

Evaluating Results

| **NDS** | **mAP** | **mATE** | **mASE** | **mAOE** | **mAVE** | **mAAE** |
| ------- | ------- | -------- | -------- | -------- | -------- | -------- |
| 0.2664    | 0.1814    | 0.9047     | 0.2981     | 0.7528     | 1.0971     | 0.2874     |

#### Severity hard

Evaluating Results

| **NDS** | **mAP** | **mATE** | **mASE** | **mAOE** | **mAVE** | **mAAE** |
| ------- | ------- | -------- | -------- | -------- | -------- | -------- |
| 0.1341    | 0.0541    | 0.9799     | 0.5040     | 0.9458     | 1.4131     | 0.4993     |

#### Average

| **NDS** | **mAP** | **mATE** | **mASE** | **mAOE** | **mAVE** | **mAAE** |
| ------- | ------- | -------- | -------- | -------- | -------- | -------- |
| 0.2472    | 0.1734    | 0.9121     | 0.3616     | 0.7807     | 1.1634     | 0.3473     |

### Evaluating LowLight

#### Severity easy

Evaluating Results

| **NDS** | **mAP** | **mATE** | **mASE** | **mAOE** | **mAVE** | **mAAE** |
| ------- | ------- | -------- | -------- | -------- | -------- | -------- |
| 0.2025    | 0.1046    | 0.9137     | 0.3686     | 0.8181     | 1.4262     | 0.3978     |

#### Severity mid

Evaluating Results

| **NDS** | **mAP** | **mATE** | **mASE** | **mAOE** | **mAVE** | **mAAE** |
| ------- | ------- | -------- | -------- | -------- | -------- | -------- |
| 0.2033    | 0.1051    | 0.9132     | 0.3690     | 0.8125     | 1.4162     | 0.3979     |

#### Severity hard

Evaluating Results

| **NDS** | **mAP** | **mATE** | **mASE** | **mAOE** | **mAVE** | **mAAE** |
| ------- | ------- | -------- | -------- | -------- | -------- | -------- |
| 0.1575    | 0.0704    | 0.9302     | 0.4349     | 0.8962     | 1.4453     | 0.5159     |

#### Average

| **NDS** | **mAP** | **mATE** | **mASE** | **mAOE** | **mAVE** | **mAAE** |
| ------- | ------- | -------- | -------- | -------- | -------- | -------- |
| 0.1877    | 0.0934    | 0.9190     | 0.3908     | 0.8423     | 1.4292     | 0.4372     |

