Time: Fri Feb 17 18:56:16 2023

### Evaluating CameraCrash

#### Severity easy

Evaluating Results

| **NDS** | **mAP** | **mATE** | **mASE** | **mAOE** | **mAVE** | **mAAE** |
| ------- | ------- | -------- | -------- | -------- | -------- | -------- |
| 0.3619    | 0.2181    | 0.7442     | 0.2770     | 0.3972     | 0.8414     | 0.2112     |

#### Severity mid

Evaluating Results

| **NDS** | **mAP** | **mATE** | **mASE** | **mAOE** | **mAVE** | **mAAE** |
| ------- | ------- | -------- | -------- | -------- | -------- | -------- |
| 0.2849    | 0.1004    | 0.8018     | 0.2877     | 0.4279     | 0.9142     | 0.2217     |

#### Severity hard

Evaluating Results

| **NDS** | **mAP** | **mATE** | **mASE** | **mAOE** | **mAVE** | **mAAE** |
| ------- | ------- | -------- | -------- | -------- | -------- | -------- |
| 0.2930    | 0.1092    | 0.7777     | 0.2874     | 0.5069     | 0.8017     | 0.2420     |

#### Average

| **NDS** | **mAP** | **mATE** | **mASE** | **mAOE** | **mAVE** | **mAAE** |
| ------- | ------- | -------- | -------- | -------- | -------- | -------- |
| 0.3133    | 0.1425    | 0.7746     | 0.2840     | 0.4440     | 0.8524     | 0.2250     |

### Evaluating FrameLost

#### Severity easy

Evaluating Results

| **NDS** | **mAP** | **mATE** | **mASE** | **mAOE** | **mAVE** | **mAAE** |
| ------- | ------- | -------- | -------- | -------- | -------- | -------- |
| 0.3761    | 0.2419    | 0.7369     | 0.2759     | 0.3936     | 0.8353     | 0.2071     |

#### Severity mid

Evaluating Results

| **NDS** | **mAP** | **mATE** | **mASE** | **mAOE** | **mAVE** | **mAAE** |
| ------- | ------- | -------- | -------- | -------- | -------- | -------- |
| 0.2734    | 0.0817    | 0.7985     | 0.2900     | 0.4869     | 0.8785     | 0.2212     |

#### Severity hard

Evaluating Results

| **NDS** | **mAP** | **mATE** | **mASE** | **mAOE** | **mAVE** | **mAAE** |
| ------- | ------- | -------- | -------- | -------- | -------- | -------- |
| 0.1929    | 0.0166    | 0.8747     | 0.3619     | 0.6138     | 0.9827     | 0.3210     |

#### Average

| **NDS** | **mAP** | **mATE** | **mASE** | **mAOE** | **mAVE** | **mAAE** |
| ------- | ------- | -------- | -------- | -------- | -------- | -------- |
| 0.2808    | 0.1134    | 0.8034     | 0.3093     | 0.4981     | 0.8988     | 0.2498     |

### Evaluating MotionBlur

#### Severity easy

Evaluating Results

| **NDS** | **mAP** | **mATE** | **mASE** | **mAOE** | **mAVE** | **mAAE** |
| ------- | ------- | -------- | -------- | -------- | -------- | -------- |
| 0.4197    | 0.3333    | 0.7282     | 0.2766     | 0.4191     | 0.8390     | 0.2064     |

#### Severity mid

Evaluating Results

| **NDS** | **mAP** | **mATE** | **mASE** | **mAOE** | **mAVE** | **mAAE** |
| ------- | ------- | -------- | -------- | -------- | -------- | -------- |
| 0.3006    | 0.1807    | 0.8348     | 0.2957     | 0.6035     | 0.9351     | 0.2281     |

#### Severity hard

Evaluating Results

| **NDS** | **mAP** | **mATE** | **mASE** | **mAOE** | **mAVE** | **mAAE** |
| ------- | ------- | -------- | -------- | -------- | -------- | -------- |
| 0.2459    | 0.1210    | 0.8957     | 0.3116     | 0.6955     | 1.0397     | 0.2430     |

#### Average

| **NDS** | **mAP** | **mATE** | **mASE** | **mAOE** | **mAVE** | **mAAE** |
| ------- | ------- | -------- | -------- | -------- | -------- | -------- |
| 0.3221    | 0.2117    | 0.8196     | 0.2946     | 0.5727     | 0.9379     | 0.2258     |

### Evaluating ColorQuant

#### Severity easy

Evaluating Results

| **NDS** | **mAP** | **mATE** | **mASE** | **mAOE** | **mAVE** | **mAAE** |
| ------- | ------- | -------- | -------- | -------- | -------- | -------- |
| 0.4364    | 0.3618    | 0.7339     | 0.2726     | 0.3862     | 0.8410     | 0.2111     |

#### Severity mid

