Time: Wed Feb 22 14:00:10 2023

### Evaluating CameraCrash

#### Severity easy

Evaluating Results

| **NDS** | **mAP** | **mATE** | **mASE** | **mAOE** | **mAVE** | **mAAE** |
| ------- | ------- | -------- | -------- | -------- | -------- | -------- |
| 0.3609    | 0.2113    | 0.7287     | 0.2790     | 0.3952     | 0.8328     | 0.2121     |

#### Severity mid

Evaluating Results

| **NDS** | **mAP** | **mATE** | **mASE** | **mAOE** | **mAVE** | **mAAE** |
| ------- | ------- | -------- | -------- | -------- | -------- | -------- |
| 0.2866    | 0.0968    | 0.7770     | 0.2846     | 0.4196     | 0.9096     | 0.2268     |

#### Severity hard

Evaluating Results

| **NDS** | **mAP** | **mATE** | **mASE** | **mAOE** | **mAVE** | **mAAE** |
| ------- | ------- | -------- | -------- | -------- | -------- | -------- |
| 0.2932    | 0.1085    | 0.7564     | 0.2821     | 0.4929     | 0.8409     | 0.2382     |

#### Average

| **NDS** | **mAP** | **mATE** | **mASE** | **mAOE** | **mAVE** | **mAAE** |
| ------- | ------- | -------- | -------- | -------- | -------- | -------- |
| 0.3136    | 0.1388    | 0.7540     | 0.2819     | 0.4359     | 0.8611     | 0.2257     |

### Evaluating FrameLost

#### Severity easy

Evaluating Results

| **NDS** | **mAP** | **mATE** | **mASE** | **mAOE** | **mAVE** | **mAAE** |
| ------- | ------- | -------- | -------- | -------- | -------- | -------- |
| 0.3718    | 0.2372    | 0.7266     | 0.2738     | 0.4013     | 0.8543     | 0.2126     |

#### Severity mid

Evaluating Results

| **NDS** | **mAP** | **mATE** | **mASE** | **mAOE** | **mAVE** | **mAAE** |
| ------- | ------- | -------- | -------- | -------- | -------- | -------- |
| 0.2759    | 0.0776    | 0.7844     | 0.2882     | 0.4785     | 0.8582     | 0.2201     |

#### Severity hard

Evaluating Results

| **NDS** | **mAP** | **mATE** | **mASE** | **mAOE** | **mAVE** | **mAAE** |
| ------- | ------- | -------- | -------- | -------- | -------- | -------- |
| 0.1991    | 0.0144    | 0.8603     | 0.3565     | 0.5592     | 0.9863     | 0.3182     |

#### Average

| **NDS** | **mAP** | **mATE** | **mASE** | **mAOE** | **mAVE** | **mAAE** |
| ------- | ------- | -------- | -------- | -------- | -------- | -------- |
| 0.2823    | 0.1097    | 0.7904     | 0.3062     | 0.4797     | 0.8996     | 0.2503     |

### Evaluating ColorQuant

#### Severity easy

Evaluating Results

| **NDS** | **mAP** | **mATE** | **mASE** | **mAOE** | **mAVE** | **mAAE** |
| ------- | ------- | -------- | -------- | -------- | -------- | -------- |
| 0.4349    | 0.3667    | 0.7296     | 0.2709     | 0.3955     | 0.8663     | 0.2225     |

#### Severity mid

Evaluating Results

| **NDS** | **mAP** | **mATE** | **mASE** | **mAOE** | **mAVE** | **mAAE** |
| ------- | ------- | -------- | -------- | -------- | -------- | -------- |
| 0.3615    | 0.2707    | 0.7989     | 0.2782     | 0.4777     | 0.9249     | 0.2590     |

#### Severity hard

Evaluating Results

| **NDS** | **mAP** | **mATE** | **mASE** | **mAOE** | **mAVE** | **mAAE** |
| ------- | ------- | -------- | -------- | -------- | -------- | -------- |
| 0.2476    | 0.1223    | 0.9259     | 0.3064     | 0.6085     | 1.0133     | 0.2952     |

#### Average

| **NDS** | **mAP** | **mATE** | **mASE** | **mAOE** | **mAVE** | **mAAE** |
| ------- | ------- | -------- | -------- | -------- | -------- | -------- |
| 0.3480    | 0.2532    | 0.8181     | 0.2852     | 0.4939     | 0.9348     | 0.2589     |

### Evaluating MotionBlur

#### Severity easy

Evaluating Results

| **NDS** | **mAP** | **mATE** | **mASE** | **mAOE** | **mAVE** | **mAAE** |
| ------- | ------- | -------- | -------- | -------- | -------- | -------- |
| 0.4217    | 0.3354    | 0.7236     | 0.2740     | 0.4365     | 0.8159     | 0.2098     |

#### Severity mid

Evaluating Results

| **NDS** | **mAP** | **mATE** | **mASE** | **mAOE** | **mAVE** | **mAAE** |
| ------- | ------- | -------- | -------- | -------- | -------- | -------- |
| 0.2829    | 0.1627    | 0.8373     | 0.2994     | 0.6358     | 0.9522     | 0.2600     |

#### Severity hard

Evaluating Results

| **NDS** | **mAP** | **mATE** | **mASE** | **mAOE** | **mAVE** | **mAAE** |
| ------- | ------- | -------- | -------- | -------- | -------- | -------- |
| 0.2320    | 0.1047    | 0.8893     | 0.3181     | 0.7246     | 1.0462     | 0.2713     |

#### Average

| **NDS** | **mAP** | **mATE** | **mASE** | **mAOE** | **mAVE** | **mAAE** |
| ------- | ------- | -------- | -------- | -------- | -------- | -------- |
| 0.3122    | 0.2009    | 0.8167     | 0.2972     | 0.5990     | 0.9381     | 0.2470     |

### Evaluating Brightness

#### Severity easy

Evaluating Results

| **NDS** | **mAP** | **mATE** | **mASE** | **mAOE** | **mAVE** | **mAAE** |
| ------- | ------- | -------- | -------- | -------- | -------- | -------- |
| 0.4545    | 0.3889    | 0.7109     | 0.2693     | 0.3767     | 0.8290     | 0.2133     |

#### Severity mid

Evaluating Results

| **NDS** | **mAP** | **mATE** | **mASE** | **mAOE** | **mAVE** | **mAAE** |
| ------- | ------- | -------- | -------- | -------- | -------- | -------- |
| 0.4364    | 0.3665    | 0.7465     | 0.2722     | 0.3994     | 0.8435     | 0.2069     |

#### Severity hard

Evaluating Results

| **NDS** | **mAP** | **mATE** | **mASE** | **mAOE** | **mAVE** | **mAAE** |
| ------- | ------- | -------- | -------- | -------- | -------- | -------- |
| 0.4096    | 0.3359    | 0.7713     | 0.2740     | 0.4578     | 0.8716     | 0.2092     |

#### Average

| **NDS** | **mAP** | **mATE** | **mASE** | **mAOE** | **mAVE** | **mAAE** |
| ------- | ------- | -------- | -------- | -------- | -------- | -------- |
| 0.4335    | 0.3638    | 0.7429     | 0.2718     | 0.4113     | 0.8480     | 0.2098     |

### Evaluating LowLight

#### Severity easy

Evaluating Results

| **NDS** | **mAP** | **mATE** | **mASE** | **mAOE** | **mAVE** | **mAAE** |
| ------- | ------- | -------- | -------- | -------- | -------- | -------- |
| 0.3091    | 0.2067    | 0.8047     | 0.2965     | 0.5794     | 1.1024     | 0.2616     |

#### Severity mid

Evaluating Results

| **NDS** | **mAP** | **mATE** | **mASE** | **mAOE** | **mAVE** | **mAAE** |
| ------- | ------- | -------- | -------- | -------- | -------- | -------- |
| 0.2468    | 0.1304    | 0.8661     | 0.3222     | 0.6891     | 1.3164     | 0.3069     |

#### Severity hard

Evaluating Results

| **NDS** | **mAP** | **mATE** | **mASE** | **mAOE** | **mAVE** | **mAAE** |
| ------- | ------- | -------- | -------- | -------- | -------- | -------- |
| 0.1675    | 0.0553    | 0.8974     | 0.4635     | 0.7492     | 1.4774     | 0.4919     |

#### Average

| **NDS** | **mAP** | **mATE** | **mASE** | **mAOE** | **mAVE** | **mAAE** |
| ------- | ------- | -------- | -------- | -------- | -------- | -------- |
| 0.2411    | 0.1308    | 0.8561     | 0.3607     | 0.6726     | 1.2987     | 0.3535     |

### Evaluating Fog

#### Severity easy

Evaluating Results

| **NDS** | **mAP** | **mATE** | **mASE** | **mAOE** | **mAVE** | **mAAE** |
| ------- | ------- | -------- | -------- | -------- | -------- | -------- |
| 0.4396    | 0.3729    | 0.7217     | 0.2710     | 0.4050     | 0.8614     | 0.2092     |

#### Severity mid

Evaluating Results

| **NDS** | **mAP** | **mATE** | **mASE** | **mAOE** | **mAVE** | **mAAE** |
| ------- | ------- | -------- | -------- | -------- | -------- | -------- |
| 0.4315    | 0.3614    | 0.7350     | 0.2702     | 0.4046     | 0.8646     | 0.2170     |

#### Severity hard

Evaluating Results

| **NDS** | **mAP** | **mATE** | **mASE** | **mAOE** | **mAVE** | **mAAE** |
| ------- | ------- | -------- | -------- | -------- | -------- | -------- |
| 0.4115    | 0.3366    | 0.7495     | 0.2731     | 0.4310     | 0.8922     | 0.2221     |

#### Average

| **NDS** | **mAP** | **mATE** | **mASE** | **mAOE** | **mAVE** | **mAAE** |
| ------- | ------- | -------- | -------- | -------- | -------- | -------- |
| 0.4276    | 0.3569    | 0.7354     | 0.2714     | 0.4135     | 0.8727     | 0.2161     |

### Evaluating Snow

#### Severity easy

Evaluating Results

| **NDS** | **mAP** | **mATE** | **mASE** | **mAOE** | **mAVE** | **mAAE** |
| ------- | ------- | -------- | -------- | -------- | -------- | -------- |
| 0.2711    | 0.1511    | 0.8794     | 0.3040     | 0.5703     | 1.3588     | 0.2908     |

#### Severity mid

Evaluating Results

| **NDS** | **mAP** | **mATE** | **mASE** | **mAOE** | **mAVE** | **mAAE** |
| ------- | ------- | -------- | -------- | -------- | -------- | -------- |
| 0.1793    | 0.0684    | 0.9321     | 0.4175     | 0.7657     | 1.4357     | 0.4334     |

#### Severity hard

Evaluating Results

| **NDS** | **mAP** | **mATE** | **mASE** | **mAOE** | **mAVE** | **mAAE** |
| ------- | ------- | -------- | -------- | -------- | -------- | -------- |
| 0.1803    | 0.0680    | 0.9337     | 0.4049     | 0.7758     | 1.3586     | 0.4220     |

#### Average

| **NDS** | **mAP** | **mATE** | **mASE** | **mAOE** | **mAVE** | **mAAE** |
| ------- | ------- | -------- | -------- | -------- | -------- | -------- |
| 0.2102    | 0.0958    | 0.9151     | 0.3755     | 0.7039     | 1.3844     | 0.3821     |

