Time: Fri Feb 17 21:58:00 2023

### Evaluating CameraCrash

#### Severity easy

Evaluating Results

| **NDS** | **mAP** | **mATE** | **mASE** | **mAOE** | **mAVE** | **mAAE** |
| ------- | ------- | -------- | -------- | -------- | -------- | -------- |
| 0.4490    | 0.2844    | 0.6244     | 0.2702     | 0.2638     | 0.5855     | 0.1874     |

#### Severity mid

Evaluating Results

| **NDS** | **mAP** | **mATE** | **mASE** | **mAOE** | **mAVE** | **mAAE** |
| ------- | ------- | -------- | -------- | -------- | -------- | -------- |
| 0.3621    | 0.1375    | 0.6635     | 0.2748     | 0.2933     | 0.6313     | 0.2039     |

#### Severity hard

Evaluating Results

| **NDS** | **mAP** | **mATE** | **mASE** | **mAOE** | **mAVE** | **mAAE** |
| ------- | ------- | -------- | -------- | -------- | -------- | -------- |
| 0.3601    | 0.1482    | 0.6647     | 0.2771     | 0.3465     | 0.6443     | 0.2076     |

#### Average

| **NDS** | **mAP** | **mATE** | **mASE** | **mAOE** | **mAVE** | **mAAE** |
| ------- | ------- | -------- | -------- | -------- | -------- | -------- |
| 0.3904    | 0.1900    | 0.6509     | 0.2740     | 0.3012     | 0.6204     | 0.1996     |

### Evaluating FrameLost

#### Severity easy

Evaluating Results

| **NDS** | **mAP** | **mATE** | **mASE** | **mAOE** | **mAVE** | **mAAE** |
| ------- | ------- | -------- | -------- | -------- | -------- | -------- |
| 0.4635    | 0.3162    | 0.6104     | 0.2660     | 0.2684     | 0.6137     | 0.1881     |

#### Severity mid

Evaluating Results

| **NDS** | **mAP** | **mATE** | **mASE** | **mAOE** | **mAVE** | **mAAE** |
| ------- | ------- | -------- | -------- | -------- | -------- | -------- |
| 0.3403    | 0.1126    | 0.6848     | 0.2781     | 0.3319     | 0.6669     | 0.1984     |

#### Severity hard

Evaluating Results

| **NDS** | **mAP** | **mATE** | **mASE** | **mAOE** | **mAVE** | **mAAE** |
| ------- | ------- | -------- | -------- | -------- | -------- | -------- |
| 0.2742    | 0.0256    | 0.7630     | 0.2991     | 0.4309     | 0.6846     | 0.2081     |

#### Average

| **NDS** | **mAP** | **mATE** | **mASE** | **mAOE** | **mAVE** | **mAAE** |
| ------- | ------- | -------- | -------- | -------- | -------- | -------- |
| 0.3593    | 0.1515    | 0.6861     | 0.2811     | 0.3437     | 0.6551     | 0.1982     |

### Evaluating MotionBlur

#### Severity easy

Evaluating Results

| **NDS** | **mAP** | **mATE** | **mASE** | **mAOE** | **mAVE** | **mAAE** |
| ------- | ------- | -------- | -------- | -------- | -------- | -------- |
| 0.5108    | 0.4268    | 0.6242     | 0.2631     | 0.2969     | 0.6500     | 0.1914     |

#### Severity mid

Evaluating Results

| **NDS** | **mAP** | **mATE** | **mASE** | **mAOE** | **mAVE** | **mAAE** |
| ------- | ------- | -------- | -------- | -------- | -------- | -------- |
| 0.2943    | 0.1527    | 0.8394     | 0.2929     | 0.5562     | 0.8669     | 0.2651     |

#### Severity hard

Evaluating Results

| **NDS** | **mAP** | **mATE** | **mASE** | **mAOE** | **mAVE** | **mAAE** |
| ------- | ------- | -------- | -------- | -------- | -------- | -------- |
| 0.2292    | 0.0794    | 0.9233     | 0.3123     | 0.6663     | 0.9140     | 0.2889     |

#### Average

| **NDS** | **mAP** | **mATE** | **mASE** | **mAOE** | **mAVE** | **mAAE** |
| ------- | ------- | -------- | -------- | -------- | -------- | -------- |
| 0.3448    | 0.2196    | 0.7956     | 0.2894     | 0.5065     | 0.8103     | 0.2485     |

### Evaluating ColorQuant

#### Severity easy

Evaluating Results

| **NDS** | **mAP** | **mATE** | **mASE** | **mAOE** | **mAVE** | **mAAE** |
| ------- | ------- | -------- | -------- | -------- | -------- | -------- |
| 0.5379    | 0.4711    | 0.6206     | 0.2618     | 0.2622     | 0.6363     | 0.1954     |

#### Severity mid

Evaluating Results

| **NDS** | **mAP** | **mATE** | **mASE** | **mAOE** | **mAVE** | **mAAE** |
| ------- | ------- | -------- | -------- | -------- | -------- | -------- |
| 0.4610    | 0.3650    | 0.7013     | 0.2684     | 0.3268     | 0.7144     | 0.2044     |

#### Severity hard

Evaluating Results

| **NDS** | **mAP** | **mATE** | **mASE** | **mAOE** | **mAVE** | **mAAE** |
| ------- | ------- | -------- | -------- | -------- | -------- | -------- |
| 0.2994    | 0.1798    | 0.8430     | 0.2895     | 0.4797     | 1.0374     | 0.2926     |

#### Average

| **NDS** | **mAP** | **mATE** | **mASE** | **mAOE** | **mAVE** | **mAAE** |
| ------- | ------- | -------- | -------- | -------- | -------- | -------- |
| 0.4328    | 0.3386    | 0.7216     | 0.2732     | 0.3562     | 0.7960     | 0.2308     |

### Evaluating Brightness

#### Severity easy

Evaluating Results

| **NDS** | **mAP** | **mATE** | **mASE** | **mAOE** | **mAVE** | **mAAE** |
| ------- | ------- | -------- | -------- | -------- | -------- | -------- |
| 0.5503    | 0.4857    | 0.5958     | 0.2619     | 0.2620     | 0.6128     | 0.1929     |

#### Severity mid

Evaluating Results

| **NDS** | **mAP** | **mATE** | **mASE** | **mAOE** | **mAVE** | **mAAE** |
| ------- | ------- | -------- | -------- | -------- | -------- | -------- |
| 0.5051    | 0.4285    | 0.6481     | 0.2653     | 0.3021     | 0.6842     | 0.1921     |

#### Severity hard

Evaluating Results

| **NDS** | **mAP** | **mATE** | **mASE** | **mAOE** | **mAVE** | **mAAE** |
| ------- | ------- | -------- | -------- | -------- | -------- | -------- |
| 0.4611    | 0.3735    | 0.6890     | 0.2705     | 0.3430     | 0.7599     | 0.1942     |

#### Average

| **NDS** | **mAP** | **mATE** | **mASE** | **mAOE** | **mAVE** | **mAAE** |
| ------- | ------- | -------- | -------- | -------- | -------- | -------- |
| 0.5055    | 0.4292    | 0.6443     | 0.2659     | 0.3024     | 0.6856     | 0.1931     |

### Evaluating Fog

#### Severity easy

Evaluating Results

| **NDS** | **mAP** | **mATE** | **mASE** | **mAOE** | **mAVE** | **mAAE** |
| ------- | ------- | -------- | -------- | -------- | -------- | -------- |
| 0.5146    | 0.4392    | 0.6368     | 0.2667     | 0.2891     | 0.6682     | 0.1888     |

#### Severity mid

Evaluating Results

| **NDS** | **mAP** | **mATE** | **mASE** | **mAOE** | **mAVE** | **mAAE** |
| ------- | ------- | -------- | -------- | -------- | -------- | -------- |
| 0.4908    | 0.4080    | 0.6566     | 0.2685     | 0.3037     | 0.7103     | 0.1927     |

#### Severity hard

Evaluating Results

| **NDS** | **mAP** | **mATE** | **mASE** | **mAOE** | **mAVE** | **mAAE** |
| ------- | ------- | -------- | -------- | -------- | -------- | -------- |
| 0.4661    | 0.3748    | 0.6857     | 0.2703     | 0.3151     | 0.7433     | 0.1987     |

#### Average

| **NDS** | **mAP** | **mATE** | **mASE** | **mAOE** | **mAVE** | **mAAE** |
| ------- | ------- | -------- | -------- | -------- | -------- | -------- |
| 0.4905    | 0.4073    | 0.6597     | 0.2685     | 0.3026     | 0.7073     | 0.1934     |

### Evaluating Snow

#### Severity easy

Evaluating Results

| **NDS** | **mAP** | **mATE** | **mASE** | **mAOE** | **mAVE** | **mAAE** |
| ------- | ------- | -------- | -------- | -------- | -------- | -------- |
| 0.3416    | 0.2290    | 0.7940     | 0.2871     | 0.4137     | 0.9780     | 0.2558     |

#### Severity mid

Evaluating Results

| **NDS** | **mAP** | **mATE** | **mASE** | **mAOE** | **mAVE** | **mAAE** |
| ------- | ------- | -------- | -------- | -------- | -------- | -------- |
| 0.2461    | 0.1191    | 0.8875     | 0.3180     | 0.6220     | 1.1479     | 0.3067     |

#### Severity hard

Evaluating Results

| **NDS** | **mAP** | **mATE** | **mASE** | **mAOE** | **mAVE** | **mAAE** |
| ------- | ------- | -------- | -------- | -------- | -------- | -------- |
| 0.2108    | 0.0832    | 0.9433     | 0.3400     | 0.6793     | 1.1835     | 0.3455     |

#### Average

| **NDS** | **mAP** | **mATE** | **mASE** | **mAOE** | **mAVE** | **mAAE** |
| ------- | ------- | -------- | -------- | -------- | -------- | -------- |
| 0.2662    | 0.1438    | 0.8749     | 0.3150     | 0.5717     | 1.1031     | 0.3027     |

