Time: Mon Feb 20 13:20:08 2023

### Evaluating CameraCrash

#### Severity easy

Evaluating Results

| **NDS** | **mAP** | **mATE** | **mASE** | **mAOE** | **mAVE** | **mAAE** |
| ------- | ------- | -------- | -------- | -------- | -------- | -------- |
| 0.3820    | 0.2208    | 0.7680     | 0.3003     | 0.3006     | 0.7250     | 0.1903     |

#### Severity mid

Evaluating Results

| **NDS** | **mAP** | **mATE** | **mASE** | **mAOE** | **mAVE** | **mAAE** |
| ------- | ------- | -------- | -------- | -------- | -------- | -------- |
| 0.3032    | 0.1032    | 0.8249     | 0.3077     | 0.3388     | 0.7998     | 0.2125     |

#### Severity hard

Evaluating Results

| **NDS** | **mAP** | **mATE** | **mASE** | **mAOE** | **mAVE** | **mAAE** |
| ------- | ------- | -------- | -------- | -------- | -------- | -------- |
| 0.3014    | 0.1129    | 0.7942     | 0.3156     | 0.3683     | 0.8516     | 0.2212     |

#### Average

| **NDS** | **mAP** | **mATE** | **mASE** | **mAOE** | **mAVE** | **mAAE** |
| ------- | ------- | -------- | -------- | -------- | -------- | -------- |
| 0.3288    | 0.1456    | 0.7957     | 0.3079     | 0.3359     | 0.7921     | 0.2080     |

### Evaluating FrameLost

#### Severity easy

Evaluating Results

| **NDS** | **mAP** | **mATE** | **mASE** | **mAOE** | **mAVE** | **mAAE** |
| ------- | ------- | -------- | -------- | -------- | -------- | -------- |
| 0.3903    | 0.2450    | 0.7641     | 0.2993     | 0.2984     | 0.7671     | 0.1926     |

#### Severity mid

Evaluating Results

| **NDS** | **mAP** | **mATE** | **mASE** | **mAOE** | **mAVE** | **mAAE** |
| ------- | ------- | -------- | -------- | -------- | -------- | -------- |
| 0.2905    | 0.0828    | 0.8155     | 0.3142     | 0.3684     | 0.8023     | 0.2089     |

#### Severity hard

Evaluating Results

| **NDS** | **mAP** | **mATE** | **mASE** | **mAOE** | **mAVE** | **mAAE** |
| ------- | ------- | -------- | -------- | -------- | -------- | -------- |
| 0.2305    | 0.0161    | 0.8749     | 0.3352     | 0.5102     | 0.8304     | 0.2247     |

#### Average

| **NDS** | **mAP** | **mATE** | **mASE** | **mAOE** | **mAVE** | **mAAE** |
| ------- | ------- | -------- | -------- | -------- | -------- | -------- |
| 0.3038    | 0.1146    | 0.8182     | 0.3162     | 0.3923     | 0.7999     | 0.2087     |

### Evaluating MotionBlur

#### Severity easy

Evaluating Results

| **NDS** | **mAP** | **mATE** | **mASE** | **mAOE** | **mAVE** | **mAAE** |
| ------- | ------- | -------- | -------- | -------- | -------- | -------- |
| 0.4377    | 0.3457    | 0.7575     | 0.2959     | 0.3435     | 0.7532     | 0.2009     |

#### Severity mid

Evaluating Results

| **NDS** | **mAP** | **mATE** | **mASE** | **mAOE** | **mAVE** | **mAAE** |
| ------- | ------- | -------- | -------- | -------- | -------- | -------- |
| 0.2593    | 0.1316    | 0.8984     | 0.3288     | 0.6062     | 0.9508     | 0.2806     |

#### Severity hard

Evaluating Results

| **NDS** | **mAP** | **mATE** | **mASE** | **mAOE** | **mAVE** | **mAAE** |
| ------- | ------- | -------- | -------- | -------- | -------- | -------- |
| 0.1964    | 0.0731    | 0.9874     | 0.3536     | 0.7523     | 1.0237     | 0.3085     |

#### Average

| **NDS** | **mAP** | **mATE** | **mASE** | **mAOE** | **mAVE** | **mAAE** |
| ------- | ------- | -------- | -------- | -------- | -------- | -------- |
| 0.2978    | 0.1835    | 0.8811     | 0.3261     | 0.5673     | 0.9092     | 0.2633     |

### Evaluating ColorQuant

#### Severity easy

Evaluating Results

| **NDS** | **mAP** | **mATE** | **mASE** | **mAOE** | **mAVE** | **mAAE** |
| ------- | ------- | -------- | -------- | -------- | -------- | -------- |
| 0.4611    | 0.3745    | 0.7464     | 0.2950     | 0.2960     | 0.7233     | 0.2003     |

#### Severity mid

Evaluating Results

| **NDS** | **mAP** | **mATE** | **mASE** | **mAOE** | **mAVE** | **mAAE** |
| ------- | ------- | -------- | -------- | -------- | -------- | -------- |
| 0.4012    | 0.2965    | 0.7987     | 0.2999     | 0.3575     | 0.7976     | 0.2169     |

#### Severity hard

Evaluating Results

| **NDS** | **mAP** | **mATE** | **mASE** | **mAOE** | **mAVE** | **mAAE** |
| ------- | ------- | -------- | -------- | -------- | -------- | -------- |
| 0.2759    | 0.1478    | 0.9116     | 0.3226     | 0.4649     | 1.0227     | 0.2804     |

#### Average

| **NDS** | **mAP** | **mATE** | **mASE** | **mAOE** | **mAVE** | **mAAE** |
| ------- | ------- | -------- | -------- | -------- | -------- | -------- |
| 0.3794    | 0.2729    | 0.8189     | 0.3058     | 0.3728     | 0.8479     | 0.2325     |

### Evaluating Brightness

#### Severity easy

Evaluating Results

| **NDS** | **mAP** | **mATE** | **mASE** | **mAOE** | **mAVE** | **mAAE** |
| ------- | ------- | -------- | -------- | -------- | -------- | -------- |
| 0.4655    | 0.3843    | 0.7431     | 0.2948     | 0.3008     | 0.7368     | 0.1905     |

#### Severity mid

Evaluating Results

| **NDS** | **mAP** | **mATE** | **mASE** | **mAOE** | **mAVE** | **mAAE** |
| ------- | ------- | -------- | -------- | -------- | -------- | -------- |
| 0.4326    | 0.3372    | 0.7704     | 0.2983     | 0.3399     | 0.7585     | 0.1929     |

#### Severity hard

Evaluating Results

| **NDS** | **mAP** | **mATE** | **mASE** | **mAOE** | **mAVE** | **mAAE** |
| ------- | ------- | -------- | -------- | -------- | -------- | -------- |
| 0.3987    | 0.2907    | 0.8057     | 0.3053     | 0.3751     | 0.7911     | 0.1894     |

#### Average

| **NDS** | **mAP** | **mATE** | **mASE** | **mAOE** | **mAVE** | **mAAE** |
| ------- | ------- | -------- | -------- | -------- | -------- | -------- |
| 0.4323    | 0.3374    | 0.7731     | 0.2995     | 0.3386     | 0.7621     | 0.1909     |

### Evaluating LowLight

#### Severity easy

Evaluating Results

| **NDS** | **mAP** | **mATE** | **mASE** | **mAOE** | **mAVE** | **mAAE** |
| ------- | ------- | -------- | -------- | -------- | -------- | -------- |
| 0.3021    | 0.1864    | 0.8367     | 0.3314     | 0.4867     | 1.0317     | 0.2564     |

#### Severity mid

Evaluating Results

| **NDS** | **mAP** | **mATE** | **mASE** | **mAOE** | **mAVE** | **mAAE** |
| ------- | ------- | -------- | -------- | -------- | -------- | -------- |
| 0.2102    | 0.1053    | 0.8739     | 0.4546     | 0.6251     | 1.3182     | 0.4706     |

#### Severity hard

Evaluating Results

| **NDS** | **mAP** | **mATE** | **mASE** | **mAOE** | **mAVE** | **mAAE** |
| ------- | ------- | -------- | -------- | -------- | -------- | -------- |
| 0.1389    | 0.0377    | 0.9498     | 0.4997     | 0.8139     | 1.5094     | 0.5361     |

#### Average

| **NDS** | **mAP** | **mATE** | **mASE** | **mAOE** | **mAVE** | **mAAE** |
| ------- | ------- | -------- | -------- | -------- | -------- | -------- |
| 0.2171    | 0.1098    | 0.8868     | 0.4286     | 0.6419     | 1.2864     | 0.4210     |

### Evaluating Fog

#### Severity easy

Evaluating Results

| **NDS** | **mAP** | **mATE** | **mASE** | **mAOE** | **mAVE** | **mAAE** |
| ------- | ------- | -------- | -------- | -------- | -------- | -------- |
| 0.4367    | 0.3463    | 0.7599     | 0.2972     | 0.3260     | 0.7879     | 0.1938     |

#### Severity mid

Evaluating Results

| **NDS** | **mAP** | **mATE** | **mASE** | **mAOE** | **mAVE** | **mAAE** |
| ------- | ------- | -------- | -------- | -------- | -------- | -------- |
| 0.4207    | 0.3251    | 0.7707     | 0.2994     | 0.3488     | 0.8001     | 0.1998     |

#### Severity hard

Evaluating Results

| **NDS** | **mAP** | **mATE** | **mASE** | **mAOE** | **mAVE** | **mAAE** |
| ------- | ------- | -------- | -------- | -------- | -------- | -------- |
| 0.4029    | 0.2982    | 0.7829     | 0.3024     | 0.3655     | 0.8134     | 0.1975     |

#### Average

| **NDS** | **mAP** | **mATE** | **mASE** | **mAOE** | **mAVE** | **mAAE** |
| ------- | ------- | -------- | -------- | -------- | -------- | -------- |
| 0.4201    | 0.3232    | 0.7712     | 0.2997     | 0.3468     | 0.8005     | 0.1970     |

### Evaluating Snow

#### Severity easy

Evaluating Results

| **NDS** | **mAP** | **mATE** | **mASE** | **mAOE** | **mAVE** | **mAAE** |
| ------- | ------- | -------- | -------- | -------- | -------- | -------- |
| 0.2865    | 0.1693    | 0.8913     | 0.3338     | 0.5214     | 0.9755     | 0.2592     |

#### Severity mid

Evaluating Results

| **NDS** | **mAP** | **mATE** | **mASE** | **mAOE** | **mAVE** | **mAAE** |
| ------- | ------- | -------- | -------- | -------- | -------- | -------- |
| 0.1823    | 0.0634    | 1.0031     | 0.3727     | 0.7803     | 1.1562     | 0.3410     |

#### Severity hard

Evaluating Results

| **NDS** | **mAP** | **mATE** | **mASE** | **mAOE** | **mAVE** | **mAAE** |
| ------- | ------- | -------- | -------- | -------- | -------- | -------- |
| 0.1436    | 0.0417    | 1.0171     | 0.4590     | 0.8321     | 1.3027     | 0.4810     |

#### Average

| **NDS** | **mAP** | **mATE** | **mASE** | **mAOE** | **mAVE** | **mAAE** |
| ------- | ------- | -------- | -------- | -------- | -------- | -------- |
| 0.2041    | 0.0915    | 0.9705     | 0.3885     | 0.7113     | 1.1448     | 0.3604     |

