Time: Sat Aug 12 22:49:07 2023

### Evaluating Brightness

#### Severity easy

{'IoU': 0.3133427229244, 'barrier': 0.20514948927821908, 'bicycle': 0.11315492266142894, 'bus': 0.2751166343938464, 'car': 0.3057571466284322, 'construction_vehicle': 0.10389274949808648, 'motorcycle': 0.14942618675013042, 'pedestrian': 0.13838534378427444, 'traffic_cone': 0.12039172525954953, 'trailer': 0.14417356575279774, 'truck': 0.21836721211801155, 'driveable_surface': 0.37339442266877754, 'other_flat': 0.23519236815798342, 'sidewalk': 0.2433638418777753, 'terrain': 0.22603954081485958, 'manmade': 0.145456279086627, 'vegetation': 0.2164274873965411, 'mIoU': 0.20085555725795878}
#### Severity mid

{'IoU': 0.3081781112899064, 'barrier': 0.19691601855018584, 'bicycle': 0.10736943907156671, 'bus': 0.2626915953813966, 'car': 0.29945212855030107, 'construction_vehicle': 0.09608461118855689, 'motorcycle': 0.13676980876099037, 'pedestrian': 0.13217143011071306, 'traffic_cone': 0.11262379954580842, 'trailer': 0.13865736697194284, 'truck': 0.2058782825101625, 'driveable_surface': 0.3675408985006178, 'other_flat': 0.22577551036557317, 'sidewalk': 0.23464916353429283, 'terrain': 0.21704189815610717, 'manmade': 0.13777163378520876, 'vegetation': 0.20946235069739588, 'mIoU': 0.19255349598005123}
#### Severity hard

{'IoU': 0.30041821218434045, 'barrier': 0.1861661645210572, 'bicycle': 0.09795267986479961, 'bus': 0.25150268183724656, 'car': 0.2916453890858709, 'construction_vehicle': 0.08832872149577814, 'motorcycle': 0.11867921413240877, 'pedestrian': 0.12466762045145814, 'traffic_cone': 0.10510356904218797, 'trailer': 0.13351358008456046, 'truck': 0.19550723059575034, 'driveable_surface': 0.35741212456165006, 'other_flat': 0.2120107412717216, 'sidewalk': 0.22151872742730677, 'terrain': 0.20210380895704091, 'manmade': 0.12885622194709587, 'vegetation': 0.20039351368966588, 'mIoU': 0.18221012431034994}
### Evaluating CameraCrash

#### Severity easy

{'IoU': 0.23587261145673627, 'barrier': 0.1483414903208804, 'bicycle': 0.10352276035650224, 'bus': 0.18633254909961894, 'car': 0.20701967365943882, 'construction_vehicle': 0.07394457208500863, 'motorcycle': 0.11317869807085461, 'pedestrian': 0.10093006219198573, 'traffic_cone': 0.07852177039186199, 'trailer': 0.11248560712008975, 'truck': 0.14876287444016043, 'driveable_surface': 0.27343515294066395, 'other_flat': 0.13434624516967164, 'sidewalk': 0.16926369010700035, 'terrain': 0.1638261615419132, 'manmade': 0.11138781207328637, 'vegetation': 0.1487181988077902, 'mIoU': 0.14212608239854546}
#### Severity mid

{'IoU': 0.1747423446008639, 'barrier': 0.10909776902348166, 'bicycle': 0.059234197399623836, 'bus': 0.1706357146509617, 'car': 0.14952101025369866, 'construction_vehicle': 0.048708550450710736, 'motorcycle': 0.09332691140376342, 'pedestrian': 0.06954469900384747, 'traffic_cone': 0.05787838542901864, 'trailer': 0.0843954758101193, 'truck': 0.10981171032867462, 'driveable_surface': 0.21481622367212114, 'other_flat': 0.07443985443911233, 'sidewalk': 0.11053123813128807, 'terrain': 0.11240759081391188, 'manmade': 0.0726692340533437, 'vegetation': 0.08843932886573412, 'mIoU': 0.1015911183580882}
#### Severity hard

{'IoU': 0.18845939881547136, 'barrier': 0.13139084361508946, 'bicycle': 0.05465385542294916, 'bus': 0.16650620678076372, 'car': 0.17127300692595332, 'construction_vehicle': 0.04872719655668425, 'motorcycle': 0.0618399090089957, 'pedestrian': 0.05608545505961544, 'traffic_cone': 0.057623238741761056, 'trailer': 0.061169995189648906, 'truck': 0.12277343503824438, 'driveable_surface': 0.21252837931951316, 'other_flat': 0.07367507174947084, 'sidewalk': 0.12572685440851306, 'terrain': 0.11559867272238573, 'manmade': 0.0893646137885931, 'vegetation': 0.12179956740567924, 'mIoU': 0.10442101885836629}
### Evaluating ColorQuant

#### Severity easy

{'IoU': 0.3057918858684171, 'barrier': 0.18852951801179701, 'bicycle': 0.10422815037710008, 'bus': 0.26829679060311135, 'car': 0.29778239328199735, 'construction_vehicle': 0.09836149995295936, 'motorcycle': 0.14315806631600722, 'pedestrian': 0.12779558342845357, 'traffic_cone': 0.11151031206316366, 'trailer': 0.1302313442766352, 'truck': 0.21286071863034214, 'driveable_surface': 0.35980656554684515, 'other_flat': 0.21821658251559647, 'sidewalk': 0.2297604105336931, 'terrain': 0.21527300719689077, 'manmade': 0.14058084460967737, 'vegetation': 0.20463655319543034, 'mIoU': 0.19068927128373125}
#### Severity mid

{'IoU': 0.2679209328479951, 'barrier': 0.1465658519949095, 'bicycle': 0.06786882457103532, 'bus': 0.22998203311528562, 'car': 0.2646419500464976, 'construction_vehicle': 0.06805602693742265, 'motorcycle': 0.10303232787637319, 'pedestrian': 0.09440934042999223, 'traffic_cone': 0.08695513390516058, 'trailer': 0.08089819450766196, 'truck': 0.1758970297891104, 'driveable_surface': 0.31037893013331636, 'other_flat': 0.1730905586303494, 'sidewalk': 0.17784479482553808, 'terrain': 0.1529927255669229, 'manmade': 0.10762107268061923, 'vegetation': 0.14550654134265142, 'mIoU': 0.1491088335220529}
#### Severity hard

{'IoU': 0.20169593200780658, 'barrier': 0.0719240304067567, 'bicycle': 0.026876105449338838, 'bus': 0.12589722319591798, 'car': 0.1966101909586068, 'construction_vehicle': 0.023025434587370153, 'motorcycle': 0.032122835533735815, 'pedestrian': 0.0454026583467335, 'traffic_cone': 0.045212869932366395, 'trailer': 0.026162156385124754, 'truck': 0.08611455530950507, 'driveable_surface': 0.24188456836251385, 'other_flat': 0.08384448018162899, 'sidewalk': 0.10238031189774482, 'terrain': 0.05469554363913271, 'manmade': 0.06144223506632461, 'vegetation': 0.08025870767545765, 'mIoU': 0.08149086918301618}
### Evaluating Fog

#### Severity easy

{'IoU': 0.30470603322100676, 'barrier': 0.1960243649906011, 'bicycle': 0.1088900731553704, 'bus': 0.26348104967834357, 'car': 0.3004265333848975, 'construction_vehicle': 0.0981473797261344, 'motorcycle': 0.1415241159667728, 'pedestrian': 0.1316550748570103, 'traffic_cone': 0.11374069354713345, 'trailer': 0.13653377204038583, 'truck': 0.21144891613249817, 'driveable_surface': 0.36413637963042517, 'other_flat': 0.22035518949730393, 'sidewalk': 0.2289197661571627, 'terrain': 0.20241665976974887, 'manmade': 0.1351480817457278, 'vegetation': 0.2029407370831947, 'mIoU': 0.19098679921016942}
#### Severity mid

{'IoU': 0.2988773299958588, 'barrier': 0.19103820764152832, 'bicycle': 0.10713079069049067, 'bus': 0.26245683756787896, 'car': 0.29600929791386954, 'construction_vehicle': 0.09234758942302528, 'motorcycle': 0.13375388915256026, 'pedestrian': 0.12839096698811342, 'traffic_cone': 0.10977389533756914, 'trailer': 0.1276152550965461, 'truck': 0.2079198873305369, 'driveable_surface': 0.36258838906188484, 'other_flat': 0.21739618304773933, 'sidewalk': 0.22211318794198562, 'terrain': 0.1906011183120087, 'manmade': 0.1303048411081527, 'vegetation': 0.19685860809987765, 'mIoU': 0.18601868404461047}
#### Severity hard

{'IoU': 0.2858240683121932, 'barrier': 0.18097022792923861, 'bicycle': 0.10339226649866119, 'bus': 0.25311962001854027, 'car': 0.28899472910892104, 'construction_vehicle': 0.08388367718698637, 'motorcycle': 0.1233729368873932, 'pedestrian': 0.12355190539722814, 'traffic_cone': 0.10685016713515155, 'trailer': 0.1147125149838854, 'truck': 0.19981270778859606, 'driveable_surface': 0.35379546696137837, 'other_flat': 0.2013493011490374, 'sidewalk': 0.2090349226327683, 'terrain': 0.1688304885714147, 'manmade': 0.1215411506736609, 'vegetation': 0.18222428316352107, 'mIoU': 0.1759647728803989}
### Evaluating FrameLost

#### Severity easy

{'IoU': 0.25223458553619327, 'barrier': 0.15942928248898122, 'bicycle': 0.09087158823811578, 'bus': 0.22235672726497727, 'car': 0.23425163618898795, 'construction_vehicle': 0.07876766967676059, 'motorcycle': 0.11723499603800847, 'pedestrian': 0.10463799045699705, 'traffic_cone': 0.0864847671790873, 'trailer': 0.1163491097199381, 'truck': 0.17193424188874326, 'driveable_surface': 0.2972715509067413, 'other_flat': 0.16359197203586542, 'sidewalk': 0.18634845851995852, 'terrain': 0.16995821379818982, 'manmade': 0.11651296075837862, 'vegetation': 0.16318906810361294, 'mIoU': 0.15494938957895898}
#### Severity mid

{'IoU': 0.16862214451866445, 'barrier': 0.09420464760129175, 'bicycle': 0.04783862885056745, 'bus': 0.12929476956452202, 'car': 0.14132498821267114, 'construction_vehicle': 0.04465083072454097, 'motorcycle': 0.06497511481204842, 'pedestrian': 0.06097841571305411, 'traffic_cone': 0.046262538060704336, 'trailer': 0.06803039559251148, 'truck': 0.10794478765233675, 'driveable_surface': 0.1939696819948782, 'other_flat': 0.07028699155006077, 'sidewalk': 0.10953415182727409, 'terrain': 0.10500408117478414, 'manmade': 0.07499263876468, 'vegetation': 0.09238523498353533, 'mIoU': 0.09072986856746632}
#### Severity hard

{'IoU': 0.12239177696065023, 'barrier': 0.057153070167436655, 'bicycle': 0.03048998054810603, 'bus': 0.08114473256051935, 'car': 0.0827907263625564, 'construction_vehicle': 0.024623634067540704, 'motorcycle': 0.03199460873192882, 'pedestrian': 0.034283415799446215, 'traffic_cone': 0.024101189998049184, 'trailer': 0.046170085201518385, 'truck': 0.060133580771843796, 'driveable_surface': 0.13406335528373772, 'other_flat': 0.036751380582113045, 'sidewalk': 0.06027805080047183, 'terrain': 0.0601626834698117, 'manmade': 0.049418734523957744, 'vegetation': 0.05962326186150936, 'mIoU': 0.05457390567065919}
### Evaluating LowLight

#### Severity easy

{'IoU': 0.2734281383873058, 'barrier': 0.14049076359107068, 'bicycle': 0.07436254643701452, 'bus': 0.2341671823476057, 'car': 0.2642350691922857, 'construction_vehicle': 0.07441279442462895, 'motorcycle': 0.100515003951763, 'pedestrian': 0.09923520514979252, 'traffic_cone': 0.08852779380225397, 'trailer': 0.09767108368704627, 'truck': 0.1751430965683037, 'driveable_surface': 0.32299875733424127, 'other_flat': 0.16916699571597119, 'sidewalk': 0.18523834266410757, 'terrain': 0.15853168966693307, 'manmade': 0.11156588975523664, 'vegetation': 0.16370673553674106, 'mIoU': 0.15374805936406225}
#### Severity mid

{'IoU': 0.25056529560273616, 'barrier': 0.10066735573129804, 'bicycle': 0.053527288636115056, 'bus': 0.2133163474937553, 'car': 0.24618624399989192, 'construction_vehicle': 0.0536138409555559, 'motorcycle': 0.07562385879488741, 'pedestrian': 0.07672357672357673, 'traffic_cone': 0.060622450872796003, 'trailer': 0.061444165021677793, 'truck': 0.14567903292212583, 'driveable_surface': 0.2944137547705504, 'other_flat': 0.11087646710944579, 'sidewalk': 0.14924638858087355, 'terrain': 0.12196347324745187, 'manmade': 0.09336233031572094, 'vegetation': 0.141463887589023, 'mIoU': 0.1249206539227966}
#### Severity hard

{'IoU': 0.21996908577267626, 'barrier': 0.04841204754499455, 'bicycle': 0.031313826480774354, 'bus': 0.1782160575502942, 'car': 0.2085401927195786, 'construction_vehicle': 0.01969951809007603, 'motorcycle': 0.044455424578245216, 'pedestrian': 0.04920088848775399, 'traffic_cone': 0.029181559228550175, 'trailer': 0.019424598608474772, 'truck': 0.09168732434100235, 'driveable_surface': 0.25372103375482025, 'other_flat': 0.029288781184768145, 'sidewalk': 0.10393032298176993, 'terrain': 0.08261504955305675, 'manmade': 0.07282207503665088, 'vegetation': 0.11610820053655438, 'mIoU': 0.0861635562923353}
### Evaluating MotionBlur

#### Severity easy

{'IoU': 0.28549997387217657, 'barrier': 0.18580111315665165, 'bicycle': 0.09337584057733313, 'bus': 0.2567813471563321, 'car': 0.28712287770114114, 'construction_vehicle': 0.09537216700453395, 'motorcycle': 0.11188612275689781, 'pedestrian': 0.12542098359224782, 'traffic_cone': 0.11458666402894743, 'trailer': 0.12832599505580505, 'truck': 0.19879152376097886, 'driveable_surface': 0.3422666999654995, 'other_flat': 0.21081693571881352, 'sidewalk': 0.2166302276783385, 'terrain': 0.19785183612027893, 'manmade': 0.12717516572245416, 'vegetation': 0.18400138728954837, 'mIoU': 0.17976293045536262}
#### Severity mid

{'IoU': 0.21073126057930708, 'barrier': 0.10617992157174289, 'bicycle': 0.04478601500602229, 'bus': 0.1968118512654012, 'car': 0.2160704545085068, 'construction_vehicle': 0.048648344888557064, 'motorcycle': 0.0359748159454121, 'pedestrian': 0.060905371263903066, 'traffic_cone': 0.06400629355156807, 'trailer': 0.07092270004308313, 'truck': 0.12279040669505485, 'driveable_surface': 0.2463211008727353, 'other_flat': 0.10829670703007457, 'sidewalk': 0.12575427903379574, 'terrain': 0.11217681253805473, 'manmade': 0.08050133502171666, 'vegetation': 0.10922265427709478, 'mIoU': 0.1093355664695452}
#### Severity hard

{'IoU': 0.18109200770316838, 'barrier': 0.0741633215835058, 'bicycle': 0.031187233760787515, 'bus': 0.15065282892534318, 'car': 0.18414843449168655, 'construction_vehicle': 0.03060030927426283, 'motorcycle': 0.022427727021813695, 'pedestrian': 0.04041101292180006, 'traffic_cone': 0.04836822147901261, 'trailer': 0.045873234824201886, 'truck': 0.09267960274762023, 'driveable_surface': 0.21081258631622396, 'other_flat': 0.07174819710903928, 'sidewalk': 0.09336540235674405, 'terrain': 0.08582832056800035, 'manmade': 0.06500397008023669, 'vegetation': 0.08781881943767263, 'mIoU': 0.08344307643112196}
### Evaluating Snow

#### Severity easy

{'IoU': 0.20824978553759785, 'barrier': 0.08184549250024743, 'bicycle': 0.03615628695540178, 'bus': 0.1869040155018777, 'car': 0.23125568142048897, 'construction_vehicle': 0.04131627917932773, 'motorcycle': 0.06193687618019962, 'pedestrian': 0.06648559290399417, 'traffic_cone': 0.06918728950065896, 'trailer': 0.030142002539882827, 'truck': 0.11847901573244067, 'driveable_surface': 0.27451428413393486, 'other_flat': 0.06929728113152779, 'sidewalk': 0.09103037685928288, 'terrain': 0.08641009945801358, 'manmade': 0.05716471870253662, 'vegetation': 0.11057217870678236, 'mIoU': 0.10079359196291238}
#### Severity mid

{'IoU': 0.17708052294096588, 'barrier': 0.05019362336309186, 'bicycle': 0.018612598245813874, 'bus': 0.13119365321624815, 'car': 0.19609612651806718, 'construction_vehicle': 0.021571659995069672, 'motorcycle': 0.02769728233690253, 'pedestrian': 0.02478878416642257, 'traffic_cone': 0.0497588162254024, 'trailer': 0.011969520592797949, 'truck': 0.07279622591684269, 'driveable_surface': 0.22091963092786945, 'other_flat': 0.012332773616315315, 'sidewalk': 0.031933074096529415, 'terrain': 0.06299865171692424, 'manmade': 0.041407926622845946, 'vegetation': 0.0827343881152695, 'mIoU': 0.0660627959795258}
#### Severity hard

{'IoU': 0.16500677416331644, 'barrier': 0.03737768977635951, 'bicycle': 0.01863070733532934, 'bus': 0.10572635186992045, 'car': 0.16825627732410314, 'construction_vehicle': 0.019363067593563668, 'motorcycle': 0.021539514840719007, 'pedestrian': 0.02552844104314948, 'traffic_cone': 0.04230987739543181, 'trailer': 0.007961960953039908, 'truck': 0.05299060427732436, 'driveable_surface': 0.20537557293068162, 'other_flat': 0.005216338899408784, 'sidewalk': 0.02685602618669112, 'terrain': 0.039555330290226155, 'manmade': 0.036865102025827066, 'vegetation': 0.06853876229158601, 'mIoU': 0.05513072656458509}
