Time: Wed Aug 23 03:21:47 2023

### Evaluating Brightness

#### Severity easy

Evaluating Results

| **NDS** | **mAP** | **mATE** | **mASE** | **mAOE** | **mAVE** | **mAAE** |
| ------- | ------- | -------- | -------- | -------- | -------- | -------- |
| 0.6862    | 0.6409    | 0.3006     | 0.2560     | 0.3187     | 0.2801     | 0.1874     |

#### Severity mid

Evaluating Results

| **NDS** | **mAP** | **mATE** | **mASE** | **mAOE** | **mAVE** | **mAAE** |
| ------- | ------- | -------- | -------- | -------- | -------- | -------- |
| 0.6840    | 0.6363    | 0.3001     | 0.2569     | 0.3152     | 0.2812     | 0.1876     |

#### Severity hard

Evaluating Results

| **NDS** | **mAP** | **mATE** | **mASE** | **mAOE** | **mAVE** | **mAAE** |
| ------- | ------- | -------- | -------- | -------- | -------- | -------- |
| 0.6826    | 0.6332    | 0.3001     | 0.2578     | 0.3140     | 0.2810     | 0.1872     |

#### Average

| **NDS** | **mAP** | **mATE** | **mASE** | **mAOE** | **mAVE** | **mAAE** |
| ------- | ------- | -------- | -------- | -------- | -------- | -------- |
| 0.6843    | 0.6368    | 0.3003     | 0.2569     | 0.3160     | 0.2808     | 0.1874     |

### Evaluating CameraCrash

#### Severity easy

Evaluating Results

| **NDS** | **mAP** | **mATE** | **mASE** | **mAOE** | **mAVE** | **mAAE** |
| ------- | ------- | -------- | -------- | -------- | -------- | -------- |
| 0.6569    | 0.5929    | 0.3153     | 0.2635     | 0.3489     | 0.2836     | 0.1841     |

#### Severity mid

Evaluating Results

| **NDS** | **mAP** | **mATE** | **mASE** | **mAOE** | **mAVE** | **mAAE** |
| ------- | ------- | -------- | -------- | -------- | -------- | -------- |
| 0.6420    | 0.5692    | 0.3215     | 0.2684     | 0.3435     | 0.2989     | 0.1930     |

#### Severity hard

Evaluating Results

| **NDS** | **mAP** | **mATE** | **mASE** | **mAOE** | **mAVE** | **mAAE** |
| ------- | ------- | -------- | -------- | -------- | -------- | -------- |
| 0.6384    | 0.5558    | 0.3169     | 0.2678     | 0.3307     | 0.2956     | 0.1843     |

#### Average

| **NDS** | **mAP** | **mATE** | **mASE** | **mAOE** | **mAVE** | **mAAE** |
| ------- | ------- | -------- | -------- | -------- | -------- | -------- |
| 0.6458    | 0.5726    | 0.3179     | 0.2666     | 0.3410     | 0.2927     | 0.1871     |

### Evaluating ColorQuant

#### Severity easy

Evaluating Results

| **NDS** | **mAP** | **mATE** | **mASE** | **mAOE** | **mAVE** | **mAAE** |
| ------- | ------- | -------- | -------- | -------- | -------- | -------- |
| 0.6879    | 0.6428    | 0.2989     | 0.2553     | 0.3157     | 0.2761     | 0.1884     |

#### Severity mid

Evaluating Results

| **NDS** | **mAP** | **mATE** | **mASE** | **mAOE** | **mAVE** | **mAAE** |
| ------- | ------- | -------- | -------- | -------- | -------- | -------- |
| 0.6846    | 0.6359    | 0.2998     | 0.2574     | 0.3129     | 0.2759     | 0.1873     |

#### Severity hard

Evaluating Results

| **NDS** | **mAP** | **mATE** | **mASE** | **mAOE** | **mAVE** | **mAAE** |
| ------- | ------- | -------- | -------- | -------- | -------- | -------- |
| 0.6732    | 0.6146    | 0.3029     | 0.2599     | 0.3168     | 0.2754     | 0.1862     |

#### Average

| **NDS** | **mAP** | **mATE** | **mASE** | **mAOE** | **mAVE** | **mAAE** |
| ------- | ------- | -------- | -------- | -------- | -------- | -------- |
| 0.6819    | 0.6311    | 0.3005     | 0.2575     | 0.3151     | 0.2758     | 0.1873     |

### Evaluating FrameLost

#### Severity easy

Evaluating Results

| **NDS** | **mAP** | **mATE** | **mASE** | **mAOE** | **mAVE** | **mAAE** |
| ------- | ------- | -------- | -------- | -------- | -------- | -------- |
| 0.6597    | 0.5957    | 0.3140     | 0.2611     | 0.3369     | 0.2859     | 0.1834     |

#### Severity mid

Evaluating Results

| **NDS** | **mAP** | **mATE** | **mASE** | **mAOE** | **mAVE** | **mAAE** |
| ------- | ------- | -------- | -------- | -------- | -------- | -------- |
| 0.6375    | 0.5584    | 0.3214     | 0.2695     | 0.3378     | 0.3033     | 0.1848     |

#### Severity hard

Evaluating Results

| **NDS** | **mAP** | **mATE** | **mASE** | **mAOE** | **mAVE** | **mAAE** |
| ------- | ------- | -------- | -------- | -------- | -------- | -------- |
| 0.6368    | 0.5595    | 0.3207     | 0.2721     | 0.3431     | 0.3059     | 0.1883     |

#### Average

| **NDS** | **mAP** | **mATE** | **mASE** | **mAOE** | **mAVE** | **mAAE** |
| ------- | ------- | -------- | -------- | -------- | -------- | -------- |
| 0.6447    | 0.5712    | 0.3187     | 0.2676     | 0.3393     | 0.2984     | 0.1855     |

### Evaluating LowLight

#### Severity easy

Evaluating Results

| **NDS** | **mAP** | **mATE** | **mASE** | **mAOE** | **mAVE** | **mAAE** |
| ------- | ------- | -------- | -------- | -------- | -------- | -------- |
| 0.6713    | 0.6136    | 0.3053     | 0.2602     | 0.3158     | 0.2827     | 0.1912     |

#### Severity mid

Evaluating Results

| **NDS** | **mAP** | **mATE** | **mASE** | **mAOE** | **mAVE** | **mAAE** |
| ------- | ------- | -------- | -------- | -------- | -------- | -------- |
| 0.6668    | 0.6050    | 0.3042     | 0.2609     | 0.3172     | 0.2848     | 0.1902     |

#### Severity hard

Evaluating Results

| **NDS** | **mAP** | **mATE** | **mASE** | **mAOE** | **mAVE** | **mAAE** |
| ------- | ------- | -------- | -------- | -------- | -------- | -------- |
| 0.6610    | 0.5946    | 0.3052     | 0.2627     | 0.3167     | 0.2890     | 0.1896     |

#### Average

| **NDS** | **mAP** | **mATE** | **mASE** | **mAOE** | **mAVE** | **mAAE** |
| ------- | ------- | -------- | -------- | -------- | -------- | -------- |
| 0.6663    | 0.6044    | 0.3049     | 0.2613     | 0.3166     | 0.2855     | 0.1903     |

### Evaluating MotionBlur

#### Severity easy

Evaluating Results

| **NDS** | **mAP** | **mATE** | **mASE** | **mAOE** | **mAVE** | **mAAE** |
| ------- | ------- | -------- | -------- | -------- | -------- | -------- |
| 0.6841    | 0.6366    | 0.3000     | 0.2564     | 0.3202     | 0.2780     | 0.1869     |

#### Severity mid

Evaluating Results

| **NDS** | **mAP** | **mATE** | **mASE** | **mAOE** | **mAVE** | **mAAE** |
| ------- | ------- | -------- | -------- | -------- | -------- | -------- |
| 0.6725    | 0.6152    | 0.3015     | 0.2594     | 0.3197     | 0.2844     | 0.1859     |

#### Severity hard

Evaluating Results

| **NDS** | **mAP** | **mATE** | **mASE** | **mAOE** | **mAVE** | **mAAE** |
| ------- | ------- | -------- | -------- | -------- | -------- | -------- |
| 0.6679    | 0.6068    | 0.3026     | 0.2600     | 0.3195     | 0.2868     | 0.1856     |

#### Average

| **NDS** | **mAP** | **mATE** | **mASE** | **mAOE** | **mAVE** | **mAAE** |
| ------- | ------- | -------- | -------- | -------- | -------- | -------- |
| 0.6749    | 0.6195    | 0.3014     | 0.2586     | 0.3198     | 0.2831     | 0.1861     |

